[3.944s] Invoking command in '/home/spider/GWEN_V2/SpiderGwen/hexapod/hexapod_ros/src': PYTHONPATH=/home/spider/GWEN_V2/SpiderGwen/hexapod/hexapod_ros/build/hexapod_ros/prefix_override:/usr/lib/python3/dist-packages/colcon_core/task/python/colcon_distutils_commands:/home/spider/GWEN_V2/SpiderGwen/hexapod/hexapod_ros/install/hexapod_ros/lib/python3.10/site-packages:${PYTHONPATH} /usr/bin/python3 -W ignore:setup.py install is deprecated -W ignore:easy_install command is deprecated setup.py egg_info --egg-base ../build/hexapod_ros build --build-base /home/spider/GWEN_V2/SpiderGwen/hexapod/hexapod_ros/build/hexapod_ros/build install --record /home/spider/GWEN_V2/SpiderGwen/hexapod/hexapod_ros/build/hexapod_ros/install.log --single-version-externally-managed install_data
[5.456s] running egg_info
[5.460s] writing ../build/hexapod_ros/hexapod_ros.egg-info/PKG-INFO
[5.461s] writing dependency_links to ../build/hexapod_ros/hexapod_ros.egg-info/dependency_links.txt
[5.463s] writing entry points to ../build/hexapod_ros/hexapod_ros.egg-info/entry_points.txt
[5.464s] writing requirements to ../build/hexapod_ros/hexapod_ros.egg-info/requires.txt
[5.464s] writing top-level names to ../build/hexapod_ros/hexapod_ros.egg-info/top_level.txt
[5.476s] reading manifest file '../build/hexapod_ros/hexapod_ros.egg-info/SOURCES.txt'
[5.481s] writing manifest file '../build/hexapod_ros/hexapod_ros.egg-info/SOURCES.txt'
[5.482s] running build
[5.483s] running build_py
[5.484s] copying hexapod_ros/leg.py -> /home/spider/GWEN_V2/SpiderGwen/hexapod/hexapod_ros/build/hexapod_ros/build/lib/hexapod_ros
[5.485s] copying hexapod_ros/spider.py -> /home/spider/GWEN_V2/SpiderGwen/hexapod/hexapod_ros/build/hexapod_ros/build/lib/hexapod_ros
[5.490s] running install
[5.491s] running install_lib
[5.497s] copying /home/spider/GWEN_V2/SpiderGwen/hexapod/hexapod_ros/build/hexapod_ros/build/lib/hexapod_ros/leg.py -> /home/spider/GWEN_V2/SpiderGwen/hexapod/hexapod_ros/install/hexapod_ros/lib/python3.10/site-packages/hexapod_ros
[5.508s] copying /home/spider/GWEN_V2/SpiderGwen/hexapod/hexapod_ros/build/hexapod_ros/build/lib/hexapod_ros/spider.py -> /home/spider/GWEN_V2/SpiderGwen/hexapod/hexapod_ros/install/hexapod_ros/lib/python3.10/site-packages/hexapod_ros
[5.508s] byte-compiling /home/spider/GWEN_V2/SpiderGwen/hexapod/hexapod_ros/install/hexapod_ros/lib/python3.10/site-packages/hexapod_ros/leg.py to leg.cpython-310.pyc
[5.511s] byte-compiling /home/spider/GWEN_V2/SpiderGwen/hexapod/hexapod_ros/install/hexapod_ros/lib/python3.10/site-packages/hexapod_ros/spider.py to spider.cpython-310.pyc
[5.516s] running install_data
[5.517s] running install_egg_info
[5.533s] removing '/home/spider/GWEN_V2/SpiderGwen/hexapod/hexapod_ros/install/hexapod_ros/lib/python3.10/site-packages/hexapod_ros-0.0.0-py3.10.egg-info' (and everything under it)
[5.540s] Copying ../build/hexapod_ros/hexapod_ros.egg-info to /home/spider/GWEN_V2/SpiderGwen/hexapod/hexapod_ros/install/hexapod_ros/lib/python3.10/site-packages/hexapod_ros-0.0.0-py3.10.egg-info
[5.546s] running install_scripts
[5.649s] Installing hexapod_controller script to /home/spider/GWEN_V2/SpiderGwen/hexapod/hexapod_ros/install/hexapod_ros/lib/hexapod_ros
[5.654s] Installing imu_node script to /home/spider/GWEN_V2/SpiderGwen/hexapod/hexapod_ros/install/hexapod_ros/lib/hexapod_ros
[5.654s] Installing maestro_driver script to /home/spider/GWEN_V2/SpiderGwen/hexapod/hexapod_ros/install/hexapod_ros/lib/hexapod_ros
[5.655s] Installing teleop script to /home/spider/GWEN_V2/SpiderGwen/hexapod/hexapod_ros/install/hexapod_ros/lib/hexapod_ros
[5.658s] writing list of installed files to '/home/spider/GWEN_V2/SpiderGwen/hexapod/hexapod_ros/build/hexapod_ros/install.log'
[5.793s] Invoked command in '/home/spider/GWEN_V2/SpiderGwen/hexapod/hexapod_ros/src' returned '0': PYTHONPATH=/home/spider/GWEN_V2/SpiderGwen/hexapod/hexapod_ros/build/hexapod_ros/prefix_override:/usr/lib/python3/dist-packages/colcon_core/task/python/colcon_distutils_commands:/home/spider/GWEN_V2/SpiderGwen/hexapod/hexapod_ros/install/hexapod_ros/lib/python3.10/site-packages:${PYTHONPATH} /usr/bin/python3 -W ignore:setup.py install is deprecated -W ignore:easy_install command is deprecated setup.py egg_info --egg-base ../build/hexapod_ros build --build-base /home/spider/GWEN_V2/SpiderGwen/hexapod/hexapod_ros/build/hexapod_ros/build install --record /home/spider/GWEN_V2/SpiderGwen/hexapod/hexapod_ros/build/hexapod_ros/install.log --single-version-externally-managed install_data
