[0.625s] DEBUG:colcon:Command line arguments: ['/usr/bin/colcon', 'build']
[0.626s] DEBUG:colcon:Parsed command line arguments: Namespace(log_base=None, log_level=None, verb_name='build', build_base='build', install_base='install', merge_install=False, symlink_install=False, test_result_base=None, continue_on_error=False, executor='parallel', parallel_workers=4, event_handlers=None, ignore_user_meta=False, metas=['./colcon.meta'], base_paths=['.'], packages_ignore=None, packages_ignore_regex=None, paths=None, packages_up_to=None, packages_up_to_regex=None, packages_above=None, packages_above_and_dependencies=None, packages_above_depth=None, packages_select_by_dep=None, packages_skip_by_dep=None, packages_skip_up_to=None, packages_select_build_failed=False, packages_skip_build_finished=False, packages_select_test_failures=False, packages_skip_test_passed=False, packages_select=None, packages_skip=None, packages_select_regex=None, packages_skip_regex=None, packages_start=None, packages_end=None, allow_overriding=[], cmake_args=None, cmake_target=None, cmake_target_skip_unavailable=False, cmake_clean_cache=False, cmake_clean_first=False, cmake_force_configure=False, ament_cmake_args=None, catkin_cmake_args=None, catkin_skip_building_tests=False, mixin_files=None, mixin=None, verb_parser=<colcon_mixin.mixin.mixin_argument.MixinArgumentDecorator object at 0xffffaa9a1840>, verb_extension=<colcon_core.verb.build.BuildVerb object at 0xffffaab527d0>, main=<bound method BuildVerb.main of <colcon_core.verb.build.BuildVerb object at 0xffffaab527d0>>, mixin_verb=('build',))
[1.615s] Level 1:colcon.colcon_core.package_discovery:discover_packages(colcon_meta) check parameters
[1.616s] Level 1:colcon.colcon_core.package_discovery:discover_packages(recursive) check parameters
[1.616s] Level 1:colcon.colcon_core.package_discovery:discover_packages(ignore) check parameters
[1.616s] Level 1:colcon.colcon_core.package_discovery:discover_packages(path) check parameters
[1.616s] Level 1:colcon.colcon_core.package_discovery:discover_packages(colcon_meta) discover
[1.616s] Level 1:colcon.colcon_core.package_discovery:discover_packages(recursive) discover
[1.617s] INFO:colcon.colcon_core.package_discovery:Crawling recursively for packages in '/home/spider/GWEN_V2/SpiderGwen/hexapod/hexapod_ros'
[1.617s] Level 1:colcon.colcon_core.package_identification:_identify(.) by extensions ['ignore', 'ignore_ament_install']
[1.618s] Level 1:colcon.colcon_core.package_identification:_identify(.) by extension 'ignore'
[1.618s] Level 1:colcon.colcon_core.package_identification:_identify(.) by extension 'ignore_ament_install'
[1.618s] Level 1:colcon.colcon_core.package_identification:_identify(.) by extensions ['colcon_pkg']
[1.618s] Level 1:colcon.colcon_core.package_identification:_identify(.) by extension 'colcon_pkg'
[1.618s] Level 1:colcon.colcon_core.package_identification:_identify(.) by extensions ['colcon_meta']
[1.619s] Level 1:colcon.colcon_core.package_identification:_identify(.) by extension 'colcon_meta'
[1.619s] Level 1:colcon.colcon_core.package_identification:_identify(.) by extensions ['ros']
[1.619s] Level 1:colcon.colcon_core.package_identification:_identify(.) by extension 'ros'
[1.664s] Level 1:colcon.colcon_core.package_identification:_identify(.) by extensions ['cmake', 'python']
[1.664s] Level 1:colcon.colcon_core.package_identification:_identify(.) by extension 'cmake'
[1.664s] Level 1:colcon.colcon_core.package_identification:_identify(.) by extension 'python'
[1.664s] Level 1:colcon.colcon_core.package_identification:_identify(.) by extensions ['python_setup_py']
[1.665s] Level 1:colcon.colcon_core.package_identification:_identify(.) by extension 'python_setup_py'
[1.665s] Level 1:colcon.colcon_core.package_identification:_identify(build) by extensions ['ignore', 'ignore_ament_install']
[1.666s] Level 1:colcon.colcon_core.package_identification:_identify(build) by extension 'ignore'
[1.666s] Level 1:colcon.colcon_core.package_identification:_identify(build) ignored
[1.667s] Level 1:colcon.colcon_core.package_identification:_identify(install) by extensions ['ignore', 'ignore_ament_install']
[1.667s] Level 1:colcon.colcon_core.package_identification:_identify(install) by extension 'ignore'
[1.667s] Level 1:colcon.colcon_core.package_identification:_identify(install) ignored
[1.668s] Level 1:colcon.colcon_core.package_identification:_identify(log) by extensions ['ignore', 'ignore_ament_install']
[1.668s] Level 1:colcon.colcon_core.package_identification:_identify(log) by extension 'ignore'
[1.668s] Level 1:colcon.colcon_core.package_identification:_identify(log) ignored
[1.669s] Level 1:colcon.colcon_core.package_identification:_identify(src) by extensions ['ignore', 'ignore_ament_install']
[1.669s] Level 1:colcon.colcon_core.package_identification:_identify(src) by extension 'ignore'
[1.669s] Level 1:colcon.colcon_core.package_identification:_identify(src) by extension 'ignore_ament_install'
[1.670s] Level 1:colcon.colcon_core.package_identification:_identify(src) by extensions ['colcon_pkg']
[1.670s] Level 1:colcon.colcon_core.package_identification:_identify(src) by extension 'colcon_pkg'
[1.670s] Level 1:colcon.colcon_core.package_identification:_identify(src) by extensions ['colcon_meta']
[1.670s] Level 1:colcon.colcon_core.package_identification:_identify(src) by extension 'colcon_meta'
[1.670s] Level 1:colcon.colcon_core.package_identification:_identify(src) by extensions ['ros']
[1.671s] Level 1:colcon.colcon_core.package_identification:_identify(src) by extension 'ros'
[1.680s] DEBUG:colcon.colcon_core.package_identification:Package 'src' with type 'ros.ament_python' and name 'hexapod_ros'
[1.681s] Level 1:colcon.colcon_core.package_discovery:discover_packages(recursive) using defaults
[1.681s] Level 1:colcon.colcon_core.package_discovery:discover_packages(ignore) discover
[1.681s] Level 1:colcon.colcon_core.package_discovery:discover_packages(ignore) using defaults
[1.681s] Level 1:colcon.colcon_core.package_discovery:discover_packages(path) discover
[1.682s] Level 1:colcon.colcon_core.package_discovery:discover_packages(path) using defaults
[1.802s] Level 1:colcon.colcon_core.package_discovery:discover_packages(prefix_path) check parameters
[1.803s] Level 1:colcon.colcon_core.package_discovery:discover_packages(prefix_path) discover
[1.812s] DEBUG:colcon.colcon_installed_package_information.package_discovery:Found 1 installed packages in /home/spider/GWEN_V2/SpiderGwen/hexapod/hexapod_ros/install
[1.814s] DEBUG:colcon.colcon_installed_package_information.package_discovery:Found 1 installed packages in /home/spider/GWEN_V2/SpiderGwen/hexapod/hexapod_msgs/install
[1.823s] DEBUG:colcon.colcon_installed_package_information.package_discovery:Found 271 installed packages in /opt/ros/humble
[1.829s] Level 1:colcon.colcon_core.package_discovery:discover_packages(prefix_path) using defaults
[2.039s] Level 5:colcon.colcon_core.verb:set package 'hexapod_ros' build argument 'cmake_args' from command line to 'None'
[2.039s] Level 5:colcon.colcon_core.verb:set package 'hexapod_ros' build argument 'cmake_target' from command line to 'None'
[2.039s] Level 5:colcon.colcon_core.verb:set package 'hexapod_ros' build argument 'cmake_target_skip_unavailable' from command line to 'False'
[2.039s] Level 5:colcon.colcon_core.verb:set package 'hexapod_ros' build argument 'cmake_clean_cache' from command line to 'False'
[2.040s] Level 5:colcon.colcon_core.verb:set package 'hexapod_ros' build argument 'cmake_clean_first' from command line to 'False'
[2.040s] Level 5:colcon.colcon_core.verb:set package 'hexapod_ros' build argument 'cmake_force_configure' from command line to 'False'
[2.040s] Level 5:colcon.colcon_core.verb:set package 'hexapod_ros' build argument 'ament_cmake_args' from command line to 'None'
[2.040s] Level 5:colcon.colcon_core.verb:set package 'hexapod_ros' build argument 'catkin_cmake_args' from command line to 'None'
[2.040s] Level 5:colcon.colcon_core.verb:set package 'hexapod_ros' build argument 'catkin_skip_building_tests' from command line to 'False'
[2.040s] DEBUG:colcon.colcon_core.verb:Building package 'hexapod_ros' with the following arguments: {'ament_cmake_args': None, 'build_base': '/home/spider/GWEN_V2/SpiderGwen/hexapod/hexapod_ros/build/hexapod_ros', 'catkin_cmake_args': None, 'catkin_skip_building_tests': False, 'cmake_args': None, 'cmake_clean_cache': False, 'cmake_clean_first': False, 'cmake_force_configure': False, 'cmake_target': None, 'cmake_target_skip_unavailable': False, 'install_base': '/home/spider/GWEN_V2/SpiderGwen/hexapod/hexapod_ros/install/hexapod_ros', 'merge_install': False, 'path': '/home/spider/GWEN_V2/SpiderGwen/hexapod/hexapod_ros/src', 'symlink_install': False, 'test_result_base': None}
[2.041s] INFO:colcon.colcon_core.executor:Executing jobs using 'parallel' executor
[2.044s] DEBUG:colcon.colcon_parallel_executor.executor.parallel:run_until_complete
[2.045s] INFO:colcon.colcon_ros.task.ament_python.build:Building ROS package in '/home/spider/GWEN_V2/SpiderGwen/hexapod/hexapod_ros/src' with build type 'ament_python'
[2.046s] Level 1:colcon.colcon_core.shell:create_environment_hook('hexapod_ros', 'ament_prefix_path')
[2.055s] INFO:colcon.colcon_core.plugin_system:Skipping extension 'colcon_core.shell.bat': Not used on non-Windows systems
[2.056s] INFO:colcon.colcon_core.shell:Creating environment hook '/home/spider/GWEN_V2/SpiderGwen/hexapod/hexapod_ros/install/hexapod_ros/share/hexapod_ros/hook/ament_prefix_path.ps1'
[2.059s] INFO:colcon.colcon_core.shell:Creating environment descriptor '/home/spider/GWEN_V2/SpiderGwen/hexapod/hexapod_ros/install/hexapod_ros/share/hexapod_ros/hook/ament_prefix_path.dsv'
[2.062s] INFO:colcon.colcon_core.shell:Creating environment hook '/home/spider/GWEN_V2/SpiderGwen/hexapod/hexapod_ros/install/hexapod_ros/share/hexapod_ros/hook/ament_prefix_path.sh'
[2.066s] INFO:colcon.colcon_core.shell:Skip shell extension 'powershell' for command environment: Not usable outside of PowerShell
[2.067s] DEBUG:colcon.colcon_core.shell:Skip shell extension 'dsv' for command environment
[3.731s] INFO:colcon.colcon_core.task.python.build:Building Python package in '/home/spider/GWEN_V2/SpiderGwen/hexapod/hexapod_ros/src'
[3.732s] INFO:colcon.colcon_core.shell:Skip shell extension 'powershell' for command environment: Not usable outside of PowerShell
[3.732s] DEBUG:colcon.colcon_core.shell:Skip shell extension 'dsv' for command environment
[5.696s] DEBUG:colcon.colcon_core.event_handler.log_command:Invoking command in '/home/spider/GWEN_V2/SpiderGwen/hexapod/hexapod_ros/src': PYTHONPATH=/home/spider/GWEN_V2/SpiderGwen/hexapod/hexapod_ros/build/hexapod_ros/prefix_override:/usr/lib/python3/dist-packages/colcon_core/task/python/colcon_distutils_commands:/home/spider/GWEN_V2/SpiderGwen/hexapod/hexapod_ros/install/hexapod_ros/lib/python3.10/site-packages:${PYTHONPATH} /usr/bin/python3 -W ignore:setup.py install is deprecated -W ignore:easy_install command is deprecated setup.py egg_info --egg-base ../build/hexapod_ros build --build-base /home/spider/GWEN_V2/SpiderGwen/hexapod/hexapod_ros/build/hexapod_ros/build install --record /home/spider/GWEN_V2/SpiderGwen/hexapod/hexapod_ros/build/hexapod_ros/install.log --single-version-externally-managed install_data
[7.551s] DEBUG:colcon.colcon_core.event_handler.log_command:Invoked command in '/home/spider/GWEN_V2/SpiderGwen/hexapod/hexapod_ros/src' returned '0': PYTHONPATH=/home/spider/GWEN_V2/SpiderGwen/hexapod/hexapod_ros/build/hexapod_ros/prefix_override:/usr/lib/python3/dist-packages/colcon_core/task/python/colcon_distutils_commands:/home/spider/GWEN_V2/SpiderGwen/hexapod/hexapod_ros/install/hexapod_ros/lib/python3.10/site-packages:${PYTHONPATH} /usr/bin/python3 -W ignore:setup.py install is deprecated -W ignore:easy_install command is deprecated setup.py egg_info --egg-base ../build/hexapod_ros build --build-base /home/spider/GWEN_V2/SpiderGwen/hexapod/hexapod_ros/build/hexapod_ros/build install --record /home/spider/GWEN_V2/SpiderGwen/hexapod/hexapod_ros/build/hexapod_ros/install.log --single-version-externally-managed install_data
[7.556s] Level 1:colcon.colcon_core.environment:checking '/home/spider/GWEN_V2/SpiderGwen/hexapod/hexapod_ros/install/hexapod_ros' for CMake module files
[7.562s] Level 1:colcon.colcon_core.environment:checking '/home/spider/GWEN_V2/SpiderGwen/hexapod/hexapod_ros/install/hexapod_ros' for CMake config files
[7.568s] Level 1:colcon.colcon_core.environment:checking '/home/spider/GWEN_V2/SpiderGwen/hexapod/hexapod_ros/install/hexapod_ros/lib'
[7.569s] Level 1:colcon.colcon_core.environment:checking '/home/spider/GWEN_V2/SpiderGwen/hexapod/hexapod_ros/install/hexapod_ros/bin'
[7.570s] Level 1:colcon.colcon_core.environment:checking '/home/spider/GWEN_V2/SpiderGwen/hexapod/hexapod_ros/install/hexapod_ros/lib/pkgconfig/hexapod_ros.pc'
[7.572s] Level 1:colcon.colcon_core.environment:checking '/home/spider/GWEN_V2/SpiderGwen/hexapod/hexapod_ros/install/hexapod_ros/lib/python3.10/site-packages'
[7.572s] Level 1:colcon.colcon_core.shell:create_environment_hook('hexapod_ros', 'pythonpath')
[7.573s] INFO:colcon.colcon_core.shell:Creating environment hook '/home/spider/GWEN_V2/SpiderGwen/hexapod/hexapod_ros/install/hexapod_ros/share/hexapod_ros/hook/pythonpath.ps1'
[7.576s] INFO:colcon.colcon_core.shell:Creating environment descriptor '/home/spider/GWEN_V2/SpiderGwen/hexapod/hexapod_ros/install/hexapod_ros/share/hexapod_ros/hook/pythonpath.dsv'
[7.580s] INFO:colcon.colcon_core.shell:Creating environment hook '/home/spider/GWEN_V2/SpiderGwen/hexapod/hexapod_ros/install/hexapod_ros/share/hexapod_ros/hook/pythonpath.sh'
[7.585s] Level 1:colcon.colcon_core.environment:checking '/home/spider/GWEN_V2/SpiderGwen/hexapod/hexapod_ros/install/hexapod_ros/bin'
[7.586s] Level 1:colcon.colcon_core.environment:create_environment_scripts_only(hexapod_ros)
[7.588s] INFO:colcon.colcon_core.shell:Creating package script '/home/spider/GWEN_V2/SpiderGwen/hexapod/hexapod_ros/install/hexapod_ros/share/hexapod_ros/package.ps1'
[7.593s] INFO:colcon.colcon_core.shell:Creating package descriptor '/home/spider/GWEN_V2/SpiderGwen/hexapod/hexapod_ros/install/hexapod_ros/share/hexapod_ros/package.dsv'
[7.596s] INFO:colcon.colcon_core.shell:Creating package script '/home/spider/GWEN_V2/SpiderGwen/hexapod/hexapod_ros/install/hexapod_ros/share/hexapod_ros/package.sh'
[7.600s] INFO:colcon.colcon_core.shell:Creating package script '/home/spider/GWEN_V2/SpiderGwen/hexapod/hexapod_ros/install/hexapod_ros/share/hexapod_ros/package.bash'
[7.604s] INFO:colcon.colcon_core.shell:Creating package script '/home/spider/GWEN_V2/SpiderGwen/hexapod/hexapod_ros/install/hexapod_ros/share/hexapod_ros/package.zsh'
[7.608s] Level 1:colcon.colcon_core.environment:create_file_with_runtime_dependencies(/home/spider/GWEN_V2/SpiderGwen/hexapod/hexapod_ros/install/hexapod_ros/share/colcon-core/packages/hexapod_ros)
[7.611s] DEBUG:colcon.colcon_parallel_executor.executor.parallel:closing loop
[7.614s] DEBUG:colcon.colcon_parallel_executor.executor.parallel:loop closed
[7.615s] DEBUG:colcon.colcon_parallel_executor.executor.parallel:run_until_complete finished with '0'
[7.617s] DEBUG:colcon.colcon_core.event_reactor:joining thread
[7.642s] INFO:colcon.colcon_core.plugin_system:Skipping extension 'colcon_notification.desktop_notification.terminal_notifier': Not used on non-Darwin systems
[7.643s] INFO:colcon.colcon_core.plugin_system:Skipping extension 'colcon_notification.desktop_notification.win32': Not used on non-Windows systems
[7.644s] INFO:colcon.colcon_notification.desktop_notification:Sending desktop notification using 'notify2'
[7.650s] DEBUG:colcon.colcon_notification.desktop_notification.notify2:Failed to initialize notify2: org.freedesktop.DBus.Error.ServiceUnknown: The name org.freedesktop.Notifications was not provided by any .service files
[7.652s] DEBUG:colcon.colcon_core.event_reactor:joined thread
[7.654s] INFO:colcon.colcon_core.shell:Creating prefix script '/home/spider/GWEN_V2/SpiderGwen/hexapod/hexapod_ros/install/local_setup.ps1'
[7.661s] INFO:colcon.colcon_core.shell:Creating prefix util module '/home/spider/GWEN_V2/SpiderGwen/hexapod/hexapod_ros/install/_local_setup_util_ps1.py'
[7.670s] INFO:colcon.colcon_core.shell:Creating prefix chain script '/home/spider/GWEN_V2/SpiderGwen/hexapod/hexapod_ros/install/setup.ps1'
[7.679s] INFO:colcon.colcon_core.shell:Creating prefix script '/home/spider/GWEN_V2/SpiderGwen/hexapod/hexapod_ros/install/local_setup.sh'
[7.684s] INFO:colcon.colcon_core.shell:Creating prefix util module '/home/spider/GWEN_V2/SpiderGwen/hexapod/hexapod_ros/install/_local_setup_util_sh.py'
[7.688s] INFO:colcon.colcon_core.shell:Creating prefix chain script '/home/spider/GWEN_V2/SpiderGwen/hexapod/hexapod_ros/install/setup.sh'
[7.696s] INFO:colcon.colcon_core.shell:Creating prefix script '/home/spider/GWEN_V2/SpiderGwen/hexapod/hexapod_ros/install/local_setup.bash'
[7.700s] INFO:colcon.colcon_core.shell:Creating prefix chain script '/home/spider/GWEN_V2/SpiderGwen/hexapod/hexapod_ros/install/setup.bash'
[7.708s] INFO:colcon.colcon_core.shell:Creating prefix script '/home/spider/GWEN_V2/SpiderGwen/hexapod/hexapod_ros/install/local_setup.zsh'
[7.713s] INFO:colcon.colcon_core.shell:Creating prefix chain script '/home/spider/GWEN_V2/SpiderGwen/hexapod/hexapod_ros/install/setup.zsh'
