[1.549s] DEBUG:colcon:Command line arguments: ['/usr/bin/colcon', 'build']
[1.551s] DEBUG:colcon:Parsed command line arguments: Namespace(log_base=None, log_level=None, verb_name='build', build_base='build', install_base='install', merge_install=False, symlink_install=False, test_result_base=None, continue_on_error=False, executor='parallel', parallel_workers=4, event_handlers=None, ignore_user_meta=False, metas=['./colcon.meta'], base_paths=['.'], packages_ignore=None, packages_ignore_regex=None, paths=None, packages_up_to=None, packages_up_to_regex=None, packages_above=None, packages_above_and_dependencies=None, packages_above_depth=None, packages_select_by_dep=None, packages_skip_by_dep=None, packages_skip_up_to=None, packages_select_build_failed=False, packages_skip_build_finished=False, packages_select_test_failures=False, packages_skip_test_passed=False, packages_select=None, packages_skip=None, packages_select_regex=None, packages_skip_regex=None, packages_start=None, packages_end=None, allow_overriding=[], cmake_args=None, cmake_target=None, cmake_target_skip_unavailable=False, cmake_clean_cache=False, cmake_clean_first=False, cmake_force_configure=False, ament_cmake_args=None, catkin_cmake_args=None, catkin_skip_building_tests=False, mixin_files=None, mixin=None, verb_parser=<colcon_mixin.mixin.mixin_argument.MixinArgumentDecorator object at 0xffff82df1870>, verb_extension=<colcon_core.verb.build.BuildVerb object at 0xffff82fa2800>, main=<bound method BuildVerb.main of <colcon_core.verb.build.BuildVerb object at 0xffff82fa2800>>, mixin_verb=('build',))
[4.495s] Level 1:colcon.colcon_core.package_discovery:discover_packages(colcon_meta) check parameters
[4.496s] Level 1:colcon.colcon_core.package_discovery:discover_packages(recursive) check parameters
[4.498s] Level 1:colcon.colcon_core.package_discovery:discover_packages(ignore) check parameters
[4.498s] Level 1:colcon.colcon_core.package_discovery:discover_packages(path) check parameters
[4.499s] Level 1:colcon.colcon_core.package_discovery:discover_packages(colcon_meta) discover
[4.499s] Level 1:colcon.colcon_core.package_discovery:discover_packages(recursive) discover
[4.500s] INFO:colcon.colcon_core.package_discovery:Crawling recursively for packages in '/home/spider/GWEN_V2/SpiderGwen/hexapod/hexapod_ros'
[4.501s] Level 1:colcon.colcon_core.package_identification:_identify(.) by extensions ['ignore', 'ignore_ament_install']
[4.502s] Level 1:colcon.colcon_core.package_identification:_identify(.) by extension 'ignore'
[4.504s] Level 1:colcon.colcon_core.package_identification:_identify(.) by extension 'ignore_ament_install'
[4.504s] Level 1:colcon.colcon_core.package_identification:_identify(.) by extensions ['colcon_pkg']
[4.505s] Level 1:colcon.colcon_core.package_identification:_identify(.) by extension 'colcon_pkg'
[4.506s] Level 1:colcon.colcon_core.package_identification:_identify(.) by extensions ['colcon_meta']
[4.506s] Level 1:colcon.colcon_core.package_identification:_identify(.) by extension 'colcon_meta'
[4.507s] Level 1:colcon.colcon_core.package_identification:_identify(.) by extensions ['ros']
[4.507s] Level 1:colcon.colcon_core.package_identification:_identify(.) by extension 'ros'
[4.636s] Level 1:colcon.colcon_core.package_identification:_identify(.) by extensions ['cmake', 'python']
[4.638s] Level 1:colcon.colcon_core.package_identification:_identify(.) by extension 'cmake'
[4.640s] Level 1:colcon.colcon_core.package_identification:_identify(.) by extension 'python'
[4.642s] Level 1:colcon.colcon_core.package_identification:_identify(.) by extensions ['python_setup_py']
[4.644s] Level 1:colcon.colcon_core.package_identification:_identify(.) by extension 'python_setup_py'
[4.648s] Level 1:colcon.colcon_core.package_identification:_identify(build) by extensions ['ignore', 'ignore_ament_install']
[4.651s] Level 1:colcon.colcon_core.package_identification:_identify(build) by extension 'ignore'
[4.652s] Level 1:colcon.colcon_core.package_identification:_identify(build) ignored
[4.655s] Level 1:colcon.colcon_core.package_identification:_identify(hexapod_ros) by extensions ['ignore', 'ignore_ament_install']
[4.657s] Level 1:colcon.colcon_core.package_identification:_identify(hexapod_ros) by extension 'ignore'
[4.659s] Level 1:colcon.colcon_core.package_identification:_identify(hexapod_ros) by extension 'ignore_ament_install'
[4.661s] Level 1:colcon.colcon_core.package_identification:_identify(hexapod_ros) by extensions ['colcon_pkg']
[4.663s] Level 1:colcon.colcon_core.package_identification:_identify(hexapod_ros) by extension 'colcon_pkg'
[4.665s] Level 1:colcon.colcon_core.package_identification:_identify(hexapod_ros) by extensions ['colcon_meta']
[4.667s] Level 1:colcon.colcon_core.package_identification:_identify(hexapod_ros) by extension 'colcon_meta'
[4.668s] Level 1:colcon.colcon_core.package_identification:_identify(hexapod_ros) by extensions ['ros']
[4.670s] Level 1:colcon.colcon_core.package_identification:_identify(hexapod_ros) by extension 'ros'
[4.702s] DEBUG:colcon.colcon_core.package_identification:Package 'hexapod_ros' with type 'ros.ament_python' and name 'hexapod_ros'
[4.705s] Level 1:colcon.colcon_core.package_identification:_identify(install) by extensions ['ignore', 'ignore_ament_install']
[4.706s] Level 1:colcon.colcon_core.package_identification:_identify(install) by extension 'ignore'
[4.708s] Level 1:colcon.colcon_core.package_identification:_identify(install) ignored
[4.711s] Level 1:colcon.colcon_core.package_identification:_identify(log) by extensions ['ignore', 'ignore_ament_install']
[4.712s] Level 1:colcon.colcon_core.package_identification:_identify(log) by extension 'ignore'
[4.713s] Level 1:colcon.colcon_core.package_identification:_identify(log) ignored
[4.713s] Level 1:colcon.colcon_core.package_discovery:discover_packages(recursive) using defaults
[4.714s] Level 1:colcon.colcon_core.package_discovery:discover_packages(ignore) discover
[4.714s] Level 1:colcon.colcon_core.package_discovery:discover_packages(ignore) using defaults
[4.715s] Level 1:colcon.colcon_core.package_discovery:discover_packages(path) discover
[4.715s] Level 1:colcon.colcon_core.package_discovery:discover_packages(path) using defaults
[5.077s] Level 1:colcon.colcon_core.package_discovery:discover_packages(prefix_path) check parameters
[5.079s] Level 1:colcon.colcon_core.package_discovery:discover_packages(prefix_path) discover
[5.104s] DEBUG:colcon.colcon_installed_package_information.package_discovery:Found 1 installed packages in /home/spider/GWEN_V2/SpiderGwen/hexapod/hexapod_ros/install
[5.113s] DEBUG:colcon.colcon_installed_package_information.package_discovery:Found 1 installed packages in /home/spider/GWEN_V2/SpiderGwen/hexapod/hexapod_msgs/install
[5.141s] DEBUG:colcon.colcon_installed_package_information.package_discovery:Found 271 installed packages in /opt/ros/humble
[5.162s] Level 1:colcon.colcon_core.package_discovery:discover_packages(prefix_path) using defaults
[5.706s] Level 5:colcon.colcon_core.verb:set package 'hexapod_ros' build argument 'cmake_args' from command line to 'None'
[5.708s] Level 5:colcon.colcon_core.verb:set package 'hexapod_ros' build argument 'cmake_target' from command line to 'None'
[5.708s] Level 5:colcon.colcon_core.verb:set package 'hexapod_ros' build argument 'cmake_target_skip_unavailable' from command line to 'False'
[5.709s] Level 5:colcon.colcon_core.verb:set package 'hexapod_ros' build argument 'cmake_clean_cache' from command line to 'False'
[5.709s] Level 5:colcon.colcon_core.verb:set package 'hexapod_ros' build argument 'cmake_clean_first' from command line to 'False'
[5.709s] Level 5:colcon.colcon_core.verb:set package 'hexapod_ros' build argument 'cmake_force_configure' from command line to 'False'
[5.710s] Level 5:colcon.colcon_core.verb:set package 'hexapod_ros' build argument 'ament_cmake_args' from command line to 'None'
[5.710s] Level 5:colcon.colcon_core.verb:set package 'hexapod_ros' build argument 'catkin_cmake_args' from command line to 'None'
[5.711s] Level 5:colcon.colcon_core.verb:set package 'hexapod_ros' build argument 'catkin_skip_building_tests' from command line to 'False'
[5.712s] DEBUG:colcon.colcon_core.verb:Building package 'hexapod_ros' with the following arguments: {'ament_cmake_args': None, 'build_base': '/home/spider/GWEN_V2/SpiderGwen/hexapod/hexapod_ros/build/hexapod_ros', 'catkin_cmake_args': None, 'catkin_skip_building_tests': False, 'cmake_args': None, 'cmake_clean_cache': False, 'cmake_clean_first': False, 'cmake_force_configure': False, 'cmake_target': None, 'cmake_target_skip_unavailable': False, 'install_base': '/home/spider/GWEN_V2/SpiderGwen/hexapod/hexapod_ros/install/hexapod_ros', 'merge_install': False, 'path': '/home/spider/GWEN_V2/SpiderGwen/hexapod/hexapod_ros/hexapod_ros', 'symlink_install': False, 'test_result_base': None}
[5.715s] INFO:colcon.colcon_core.executor:Executing jobs using 'parallel' executor
[5.724s] DEBUG:colcon.colcon_parallel_executor.executor.parallel:run_until_complete
[5.728s] INFO:colcon.colcon_ros.task.ament_python.build:Building ROS package in '/home/spider/GWEN_V2/SpiderGwen/hexapod/hexapod_ros/hexapod_ros' with build type 'ament_python'
[5.737s] Level 1:colcon.colcon_core.shell:create_environment_hook('hexapod_ros', 'ament_prefix_path')
[5.760s] INFO:colcon.colcon_core.plugin_system:Skipping extension 'colcon_core.shell.bat': Not used on non-Windows systems
[5.765s] INFO:colcon.colcon_core.shell:Creating environment hook '/home/spider/GWEN_V2/SpiderGwen/hexapod/hexapod_ros/install/hexapod_ros/share/hexapod_ros/hook/ament_prefix_path.ps1'
[5.772s] INFO:colcon.colcon_core.shell:Creating environment descriptor '/home/spider/GWEN_V2/SpiderGwen/hexapod/hexapod_ros/install/hexapod_ros/share/hexapod_ros/hook/ament_prefix_path.dsv'
[5.778s] INFO:colcon.colcon_core.shell:Creating environment hook '/home/spider/GWEN_V2/SpiderGwen/hexapod/hexapod_ros/install/hexapod_ros/share/hexapod_ros/hook/ament_prefix_path.sh'
[5.790s] INFO:colcon.colcon_core.shell:Skip shell extension 'powershell' for command environment: Not usable outside of PowerShell
[5.791s] DEBUG:colcon.colcon_core.shell:Skip shell extension 'dsv' for command environment
[9.847s] INFO:colcon.colcon_core.task.python.build:Building Python package in '/home/spider/GWEN_V2/SpiderGwen/hexapod/hexapod_ros/hexapod_ros'
[9.850s] INFO:colcon.colcon_core.shell:Skip shell extension 'powershell' for command environment: Not usable outside of PowerShell
[9.851s] DEBUG:colcon.colcon_core.shell:Skip shell extension 'dsv' for command environment
[14.867s] DEBUG:colcon.colcon_core.event_handler.log_command:Invoking command in '/home/spider/GWEN_V2/SpiderGwen/hexapod/hexapod_ros/hexapod_ros': PYTHONPATH=/home/spider/GWEN_V2/SpiderGwen/hexapod/hexapod_ros/build/hexapod_ros/prefix_override:/usr/lib/python3/dist-packages/colcon_core/task/python/colcon_distutils_commands:/home/spider/GWEN_V2/SpiderGwen/hexapod/hexapod_ros/install/hexapod_ros/lib/python3.10/site-packages:${PYTHONPATH} /usr/bin/python3 -W ignore:setup.py install is deprecated -W ignore:easy_install command is deprecated setup.py egg_info --egg-base ../build/hexapod_ros build --build-base /home/spider/GWEN_V2/SpiderGwen/hexapod/hexapod_ros/build/hexapod_ros/build install --record /home/spider/GWEN_V2/SpiderGwen/hexapod/hexapod_ros/build/hexapod_ros/install.log --single-version-externally-managed install_data
[19.373s] DEBUG:colcon.colcon_core.event_handler.log_command:Invoked command in '/home/spider/GWEN_V2/SpiderGwen/hexapod/hexapod_ros/hexapod_ros' returned '0': PYTHONPATH=/home/spider/GWEN_V2/SpiderGwen/hexapod/hexapod_ros/build/hexapod_ros/prefix_override:/usr/lib/python3/dist-packages/colcon_core/task/python/colcon_distutils_commands:/home/spider/GWEN_V2/SpiderGwen/hexapod/hexapod_ros/install/hexapod_ros/lib/python3.10/site-packages:${PYTHONPATH} /usr/bin/python3 -W ignore:setup.py install is deprecated -W ignore:easy_install command is deprecated setup.py egg_info --egg-base ../build/hexapod_ros build --build-base /home/spider/GWEN_V2/SpiderGwen/hexapod/hexapod_ros/build/hexapod_ros/build install --record /home/spider/GWEN_V2/SpiderGwen/hexapod/hexapod_ros/build/hexapod_ros/install.log --single-version-externally-managed install_data
[19.414s] Level 1:colcon.colcon_core.environment:checking '/home/spider/GWEN_V2/SpiderGwen/hexapod/hexapod_ros/install/hexapod_ros' for CMake module files
[19.426s] Level 1:colcon.colcon_core.environment:checking '/home/spider/GWEN_V2/SpiderGwen/hexapod/hexapod_ros/install/hexapod_ros' for CMake config files
[19.450s] Level 1:colcon.colcon_core.environment:checking '/home/spider/GWEN_V2/SpiderGwen/hexapod/hexapod_ros/install/hexapod_ros/lib'
[19.453s] Level 1:colcon.colcon_core.environment:checking '/home/spider/GWEN_V2/SpiderGwen/hexapod/hexapod_ros/install/hexapod_ros/bin'
[19.454s] Level 1:colcon.colcon_core.environment:checking '/home/spider/GWEN_V2/SpiderGwen/hexapod/hexapod_ros/install/hexapod_ros/lib/pkgconfig/hexapod_ros.pc'
[19.458s] Level 1:colcon.colcon_core.environment:checking '/home/spider/GWEN_V2/SpiderGwen/hexapod/hexapod_ros/install/hexapod_ros/lib/python3.10/site-packages'
[19.460s] Level 1:colcon.colcon_core.shell:create_environment_hook('hexapod_ros', 'pythonpath')
[19.463s] INFO:colcon.colcon_core.shell:Creating environment hook '/home/spider/GWEN_V2/SpiderGwen/hexapod/hexapod_ros/install/hexapod_ros/share/hexapod_ros/hook/pythonpath.ps1'
[19.476s] INFO:colcon.colcon_core.shell:Creating environment descriptor '/home/spider/GWEN_V2/SpiderGwen/hexapod/hexapod_ros/install/hexapod_ros/share/hexapod_ros/hook/pythonpath.dsv'
[19.491s] INFO:colcon.colcon_core.shell:Creating environment hook '/home/spider/GWEN_V2/SpiderGwen/hexapod/hexapod_ros/install/hexapod_ros/share/hexapod_ros/hook/pythonpath.sh'
[19.508s] Level 1:colcon.colcon_core.environment:checking '/home/spider/GWEN_V2/SpiderGwen/hexapod/hexapod_ros/install/hexapod_ros/bin'
[19.510s] Level 1:colcon.colcon_core.environment:create_environment_scripts_only(hexapod_ros)
[19.514s] INFO:colcon.colcon_core.shell:Creating package script '/home/spider/GWEN_V2/SpiderGwen/hexapod/hexapod_ros/install/hexapod_ros/share/hexapod_ros/package.ps1'
[19.525s] INFO:colcon.colcon_core.shell:Creating package descriptor '/home/spider/GWEN_V2/SpiderGwen/hexapod/hexapod_ros/install/hexapod_ros/share/hexapod_ros/package.dsv'
[19.534s] INFO:colcon.colcon_core.shell:Creating package script '/home/spider/GWEN_V2/SpiderGwen/hexapod/hexapod_ros/install/hexapod_ros/share/hexapod_ros/package.sh'
[19.548s] INFO:colcon.colcon_core.shell:Creating package script '/home/spider/GWEN_V2/SpiderGwen/hexapod/hexapod_ros/install/hexapod_ros/share/hexapod_ros/package.bash'
[19.558s] INFO:colcon.colcon_core.shell:Creating package script '/home/spider/GWEN_V2/SpiderGwen/hexapod/hexapod_ros/install/hexapod_ros/share/hexapod_ros/package.zsh'
[19.578s] Level 1:colcon.colcon_core.environment:create_file_with_runtime_dependencies(/home/spider/GWEN_V2/SpiderGwen/hexapod/hexapod_ros/install/hexapod_ros/share/colcon-core/packages/hexapod_ros)
[19.588s] DEBUG:colcon.colcon_parallel_executor.executor.parallel:closing loop
[19.589s] DEBUG:colcon.colcon_parallel_executor.executor.parallel:loop closed
[19.591s] DEBUG:colcon.colcon_parallel_executor.executor.parallel:run_until_complete finished with '0'
[19.594s] DEBUG:colcon.colcon_core.event_reactor:joining thread
[19.653s] INFO:colcon.colcon_core.plugin_system:Skipping extension 'colcon_notification.desktop_notification.terminal_notifier': Not used on non-Darwin systems
[19.654s] INFO:colcon.colcon_core.plugin_system:Skipping extension 'colcon_notification.desktop_notification.win32': Not used on non-Windows systems
[19.656s] INFO:colcon.colcon_notification.desktop_notification:Sending desktop notification using 'notify2'
[19.675s] DEBUG:colcon.colcon_notification.desktop_notification.notify2:Failed to initialize notify2: org.freedesktop.DBus.Error.ServiceUnknown: The name org.freedesktop.Notifications was not provided by any .service files
[19.677s] DEBUG:colcon.colcon_core.event_reactor:joined thread
[19.680s] INFO:colcon.colcon_core.shell:Creating prefix script '/home/spider/GWEN_V2/SpiderGwen/hexapod/hexapod_ros/install/local_setup.ps1'
[19.693s] INFO:colcon.colcon_core.shell:Creating prefix util module '/home/spider/GWEN_V2/SpiderGwen/hexapod/hexapod_ros/install/_local_setup_util_ps1.py'
[19.714s] INFO:colcon.colcon_core.shell:Creating prefix chain script '/home/spider/GWEN_V2/SpiderGwen/hexapod/hexapod_ros/install/setup.ps1'
[19.732s] INFO:colcon.colcon_core.shell:Creating prefix script '/home/spider/GWEN_V2/SpiderGwen/hexapod/hexapod_ros/install/local_setup.sh'
[19.741s] INFO:colcon.colcon_core.shell:Creating prefix util module '/home/spider/GWEN_V2/SpiderGwen/hexapod/hexapod_ros/install/_local_setup_util_sh.py'
[19.750s] INFO:colcon.colcon_core.shell:Creating prefix chain script '/home/spider/GWEN_V2/SpiderGwen/hexapod/hexapod_ros/install/setup.sh'
[19.765s] INFO:colcon.colcon_core.shell:Creating prefix script '/home/spider/GWEN_V2/SpiderGwen/hexapod/hexapod_ros/install/local_setup.bash'
[19.772s] INFO:colcon.colcon_core.shell:Creating prefix chain script '/home/spider/GWEN_V2/SpiderGwen/hexapod/hexapod_ros/install/setup.bash'
[19.786s] INFO:colcon.colcon_core.shell:Creating prefix script '/home/spider/GWEN_V2/SpiderGwen/hexapod/hexapod_ros/install/local_setup.zsh'
[19.794s] INFO:colcon.colcon_core.shell:Creating prefix chain script '/home/spider/GWEN_V2/SpiderGwen/hexapod/hexapod_ros/install/setup.zsh'
