[3.599s] Invoking command in '/home/spider/GWEN_V2/SpiderGwen/hexapod/hexapod_ros/src': PYTHONPATH=/home/spider/GWEN_V2/SpiderGwen/hexapod/hexapod_ros/build/hexapod_ros/prefix_override:/usr/lib/python3/dist-packages/colcon_core/task/python/colcon_distutils_commands:/home/spider/GWEN_V2/SpiderGwen/hexapod/hexapod_ros/install/hexapod_ros/lib/python3.10/site-packages:${PYTHONPATH} /usr/bin/python3 -W ignore:setup.py install is deprecated -W ignore:easy_install command is deprecated setup.py egg_info --egg-base ../build/hexapod_ros build --build-base /home/spider/GWEN_V2/SpiderGwen/hexapod/hexapod_ros/build/hexapod_ros/build install --record /home/spider/GWEN_V2/SpiderGwen/hexapod/hexapod_ros/build/hexapod_ros/install.log --single-version-externally-managed install_data
[5.144s] running egg_info
[5.147s] writing ../build/hexapod_ros/hexapod_ros.egg-info/PKG-INFO
[5.148s] writing dependency_links to ../build/hexapod_ros/hexapod_ros.egg-info/dependency_links.txt
[5.156s] writing entry points to ../build/hexapod_ros/hexapod_ros.egg-info/entry_points.txt
[5.157s] writing requirements to ../build/hexapod_ros/hexapod_ros.egg-info/requires.txt
[5.157s] writing top-level names to ../build/hexapod_ros/hexapod_ros.egg-info/top_level.txt
[5.170s] reading manifest file '../build/hexapod_ros/hexapod_ros.egg-info/SOURCES.txt'
[5.178s] writing manifest file '../build/hexapod_ros/hexapod_ros.egg-info/SOURCES.txt'
[5.179s] running build
[5.180s] running build_py
[5.182s] copying hexapod_ros/spider.py -> /home/spider/GWEN_V2/SpiderGwen/hexapod/hexapod_ros/build/hexapod_ros/build/lib/hexapod_ros
[5.185s] running install
[5.187s] running install_lib
[5.191s] copying /home/spider/GWEN_V2/SpiderGwen/hexapod/hexapod_ros/build/hexapod_ros/build/lib/hexapod_ros/spider.py -> /home/spider/GWEN_V2/SpiderGwen/hexapod/hexapod_ros/install/hexapod_ros/lib/python3.10/site-packages/hexapod_ros
[5.198s] byte-compiling /home/spider/GWEN_V2/SpiderGwen/hexapod/hexapod_ros/install/hexapod_ros/lib/python3.10/site-packages/hexapod_ros/spider.py to spider.cpython-310.pyc
[5.203s] running install_data
[5.204s] running install_egg_info
[5.217s] removing '/home/spider/GWEN_V2/SpiderGwen/hexapod/hexapod_ros/install/hexapod_ros/lib/python3.10/site-packages/hexapod_ros-0.0.0-py3.10.egg-info' (and everything under it)
[5.220s] Copying ../build/hexapod_ros/hexapod_ros.egg-info to /home/spider/GWEN_V2/SpiderGwen/hexapod/hexapod_ros/install/hexapod_ros/lib/python3.10/site-packages/hexapod_ros-0.0.0-py3.10.egg-info
[5.226s] running install_scripts
[5.304s] Installing hexapod_controller script to /home/spider/GWEN_V2/SpiderGwen/hexapod/hexapod_ros/install/hexapod_ros/lib/hexapod_ros
[5.305s] Installing maestro_driver script to /home/spider/GWEN_V2/SpiderGwen/hexapod/hexapod_ros/install/hexapod_ros/lib/hexapod_ros
[5.306s] Installing teleop script to /home/spider/GWEN_V2/SpiderGwen/hexapod/hexapod_ros/install/hexapod_ros/lib/hexapod_ros
[5.308s] writing list of installed files to '/home/spider/GWEN_V2/SpiderGwen/hexapod/hexapod_ros/build/hexapod_ros/install.log'
[5.432s] Invoked command in '/home/spider/GWEN_V2/SpiderGwen/hexapod/hexapod_ros/src' returned '0': PYTHONPATH=/home/spider/GWEN_V2/SpiderGwen/hexapod/hexapod_ros/build/hexapod_ros/prefix_override:/usr/lib/python3/dist-packages/colcon_core/task/python/colcon_distutils_commands:/home/spider/GWEN_V2/SpiderGwen/hexapod/hexapod_ros/install/hexapod_ros/lib/python3.10/site-packages:${PYTHONPATH} /usr/bin/python3 -W ignore:setup.py install is deprecated -W ignore:easy_install command is deprecated setup.py egg_info --egg-base ../build/hexapod_ros build --build-base /home/spider/GWEN_V2/SpiderGwen/hexapod/hexapod_ros/build/hexapod_ros/build install --record /home/spider/GWEN_V2/SpiderGwen/hexapod/hexapod_ros/build/hexapod_ros/install.log --single-version-externally-managed install_data
