[1.272s] DEBUG:colcon:Command line arguments: ['/usr/bin/colcon', 'build']
[1.273s] DEBUG:colcon:Parsed command line arguments: Namespace(log_base=None, log_level=None, verb_name='build', build_base='build', install_base='install', merge_install=False, symlink_install=False, test_result_base=None, continue_on_error=False, executor='parallel', parallel_workers=4, event_handlers=None, ignore_user_meta=False, metas=['./colcon.meta'], base_paths=['.'], packages_ignore=None, packages_ignore_regex=None, paths=None, packages_up_to=None, packages_up_to_regex=None, packages_above=None, packages_above_and_dependencies=None, packages_above_depth=None, packages_select_by_dep=None, packages_skip_by_dep=None, packages_skip_up_to=None, packages_select_build_failed=False, packages_skip_build_finished=False, packages_select_test_failures=False, packages_skip_test_passed=False, packages_select=None, packages_skip=None, packages_select_regex=None, packages_skip_regex=None, packages_start=None, packages_end=None, allow_overriding=[], cmake_args=None, cmake_target=None, cmake_target_skip_unavailable=False, cmake_clean_cache=False, cmake_clean_first=False, cmake_force_configure=False, ament_cmake_args=None, catkin_cmake_args=None, catkin_skip_building_tests=False, mixin_files=None, mixin=None, verb_parser=<colcon_mixin.mixin.mixin_argument.MixinArgumentDecorator object at 0xffff9be18a60>, verb_extension=<colcon_core.verb.build.BuildVerb object at 0xffff9bfe58d0>, main=<bound method BuildVerb.main of <colcon_core.verb.build.BuildVerb object at 0xffff9bfe58d0>>, mixin_verb=('build',))
[3.289s] Level 1:colcon.colcon_core.package_discovery:discover_packages(colcon_meta) check parameters
[3.289s] Level 1:colcon.colcon_core.package_discovery:discover_packages(recursive) check parameters
[3.289s] Level 1:colcon.colcon_core.package_discovery:discover_packages(ignore) check parameters
[3.290s] Level 1:colcon.colcon_core.package_discovery:discover_packages(path) check parameters
[3.290s] Level 1:colcon.colcon_core.package_discovery:discover_packages(colcon_meta) discover
[3.290s] Level 1:colcon.colcon_core.package_discovery:discover_packages(recursive) discover
[3.290s] INFO:colcon.colcon_core.package_discovery:Crawling recursively for packages in '/home/spider/GWEN_V2/SpiderGwen/hexapod/hexapod_ros'
[3.291s] Level 1:colcon.colcon_core.package_identification:_identify(.) by extensions ['ignore', 'ignore_ament_install']
[3.291s] Level 1:colcon.colcon_core.package_identification:_identify(.) by extension 'ignore'
[3.292s] Level 1:colcon.colcon_core.package_identification:_identify(.) by extension 'ignore_ament_install'
[3.292s] Level 1:colcon.colcon_core.package_identification:_identify(.) by extensions ['colcon_pkg']
[3.292s] Level 1:colcon.colcon_core.package_identification:_identify(.) by extension 'colcon_pkg'
[3.292s] Level 1:colcon.colcon_core.package_identification:_identify(.) by extensions ['colcon_meta']
[3.292s] Level 1:colcon.colcon_core.package_identification:_identify(.) by extension 'colcon_meta'
[3.292s] Level 1:colcon.colcon_core.package_identification:_identify(.) by extensions ['ros']
[3.293s] Level 1:colcon.colcon_core.package_identification:_identify(.) by extension 'ros'
[3.384s] Level 1:colcon.colcon_core.package_identification:_identify(.) by extensions ['cmake', 'python']
[3.386s] Level 1:colcon.colcon_core.package_identification:_identify(.) by extension 'cmake'
[3.387s] Level 1:colcon.colcon_core.package_identification:_identify(.) by extension 'python'
[3.388s] Level 1:colcon.colcon_core.package_identification:_identify(.) by extensions ['python_setup_py']
[3.389s] Level 1:colcon.colcon_core.package_identification:_identify(.) by extension 'python_setup_py'
[3.390s] Level 1:colcon.colcon_core.package_identification:_identify(build) by extensions ['ignore', 'ignore_ament_install']
[3.392s] Level 1:colcon.colcon_core.package_identification:_identify(build) by extension 'ignore'
[3.392s] Level 1:colcon.colcon_core.package_identification:_identify(build) ignored
[3.394s] Level 1:colcon.colcon_core.package_identification:_identify(hexapod_ros) by extensions ['ignore', 'ignore_ament_install']
[3.395s] Level 1:colcon.colcon_core.package_identification:_identify(hexapod_ros) by extension 'ignore'
[3.396s] Level 1:colcon.colcon_core.package_identification:_identify(hexapod_ros) by extension 'ignore_ament_install'
[3.397s] Level 1:colcon.colcon_core.package_identification:_identify(hexapod_ros) by extensions ['colcon_pkg']
[3.397s] Level 1:colcon.colcon_core.package_identification:_identify(hexapod_ros) by extension 'colcon_pkg'
[3.398s] Level 1:colcon.colcon_core.package_identification:_identify(hexapod_ros) by extensions ['colcon_meta']
[3.398s] Level 1:colcon.colcon_core.package_identification:_identify(hexapod_ros) by extension 'colcon_meta'
[3.399s] Level 1:colcon.colcon_core.package_identification:_identify(hexapod_ros) by extensions ['ros']
[3.399s] Level 1:colcon.colcon_core.package_identification:_identify(hexapod_ros) by extension 'ros'
[3.440s] DEBUG:colcon.colcon_core.package_identification:Package 'hexapod_ros' with type 'ros.ament_python' and name 'hexapod_ros'
[3.442s] Level 1:colcon.colcon_core.package_identification:_identify(install) by extensions ['ignore', 'ignore_ament_install']
[3.445s] Level 1:colcon.colcon_core.package_identification:_identify(install) by extension 'ignore'
[3.446s] Level 1:colcon.colcon_core.package_identification:_identify(install) ignored
[3.448s] Level 1:colcon.colcon_core.package_identification:_identify(log) by extensions ['ignore', 'ignore_ament_install']
[3.449s] Level 1:colcon.colcon_core.package_identification:_identify(log) by extension 'ignore'
[3.451s] Level 1:colcon.colcon_core.package_identification:_identify(log) ignored
[3.456s] Level 1:colcon.colcon_core.package_discovery:discover_packages(recursive) using defaults
[3.457s] Level 1:colcon.colcon_core.package_discovery:discover_packages(ignore) discover
[3.458s] Level 1:colcon.colcon_core.package_discovery:discover_packages(ignore) using defaults
[3.459s] Level 1:colcon.colcon_core.package_discovery:discover_packages(path) discover
[3.459s] Level 1:colcon.colcon_core.package_discovery:discover_packages(path) using defaults
