[0.046s] Invoking command in '/home/spider/GWEN_V2/SpiderGwen/hexapod/hexapod_msgs/build/hexapod_msgs': CMAKE_PREFIX_PATH=${CMAKE_PREFIX_PATH}:/home/spider/GWEN_V2/SpiderGwen/hexapod/hexapod_ros/install/hexapod_ros:/opt/ros/humble /usr/bin/cmake /home/spider/GWEN_V2/SpiderGwen/hexapod/hexapod_msgs/src -DCMAKE_INSTALL_PREFIX=/home/spider/GWEN_V2/SpiderGwen/hexapod/hexapod_msgs/install/hexapod_msgs
[0.946s] -- The C compiler identification is GNU 11.4.0
[1.788s] -- The CXX compiler identification is GNU 11.4.0
[1.825s] -- Detecting C compiler ABI info
[2.194s] -- Detecting C compiler ABI info - done
[2.221s] -- Check for working C compiler: /usr/bin/cc - skipped
[2.223s] -- Detecting C compile features
[2.226s] -- Detecting C compile features - done
[2.240s] -- Detecting CXX compiler ABI info
[2.679s] -- Detecting CXX compiler ABI info - done
[2.706s] -- Check for working CXX compiler: /usr/bin/c++ - skipped
[2.707s] -- Detecting CXX compile features
[2.708s] -- Detecting CXX compile features - done
[2.738s] -- Found ament_cmake: 1.3.12 (/opt/ros/humble/share/ament_cmake/cmake)
[3.711s] -- Found Python3: /usr/bin/python3 (found version "3.10.12") found components: Interpreter 
[4.345s] -- Found std_msgs: 4.9.0 (/opt/ros/humble/share/std_msgs/cmake)
[4.653s] -- Found rosidl_generator_c: 3.1.7 (/opt/ros/humble/share/rosidl_generator_c/cmake)
[4.698s] -- Found rosidl_adapter: 3.1.7 (/opt/ros/humble/share/rosidl_adapter/cmake)
[4.759s] -- Found rosidl_generator_cpp: 3.1.7 (/opt/ros/humble/share/rosidl_generator_cpp/cmake)
[4.841s] -- Using all available rosidl_typesupport_c: rosidl_typesupport_fastrtps_c;rosidl_typesupport_introspection_c
[4.940s] -- Using all available rosidl_typesupport_cpp: rosidl_typesupport_fastrtps_cpp;rosidl_typesupport_introspection_cpp
[5.081s] -- Found sensor_msgs: 4.9.0 (/opt/ros/humble/share/sensor_msgs/cmake)
[5.224s] -- Found rosidl_default_generators: 1.2.0 (/opt/ros/humble/share/rosidl_default_generators/cmake)
[7.429s] -- Found ament_cmake_ros: 0.10.0 (/opt/ros/humble/share/ament_cmake_ros/cmake)
[10.003s] -- Using all available rosidl_typesupport_c: rosidl_typesupport_fastrtps_c;rosidl_typesupport_introspection_c
[11.075s] -- Using all available rosidl_typesupport_cpp: rosidl_typesupport_fastrtps_cpp;rosidl_typesupport_introspection_cpp
[11.190s] -- Found PythonInterp: /usr/bin/python3 (found suitable version "3.10.12", minimum required is "3.6") 
[11.210s] -- Found python_cmake_module: 0.10.0 (/opt/ros/humble/share/python_cmake_module/cmake)
[11.367s] -- Found PythonLibs: /usr/lib/aarch64-linux-gnu/libpython3.10.so (found suitable version "3.10.12", minimum required is "3.5") 
[11.368s] -- Using PYTHON_EXECUTABLE: /usr/bin/python3
[11.368s] -- Using PYTHON_INCLUDE_DIRS: /usr/include/python3.10
[11.369s] -- Using PYTHON_LIBRARIES: /usr/lib/aarch64-linux-gnu/libpython3.10.so
[11.481s] -- Found PythonExtra: .so  
[11.931s] -- Configuring done
[12.183s] -- Generating done
[12.254s] -- Build files have been written to: /home/spider/GWEN_V2/SpiderGwen/hexapod/hexapod_msgs/build/hexapod_msgs
[12.306s] Invoked command in '/home/spider/GWEN_V2/SpiderGwen/hexapod/hexapod_msgs/build/hexapod_msgs' returned '0': CMAKE_PREFIX_PATH=${CMAKE_PREFIX_PATH}:/home/spider/GWEN_V2/SpiderGwen/hexapod/hexapod_ros/install/hexapod_ros:/opt/ros/humble /usr/bin/cmake /home/spider/GWEN_V2/SpiderGwen/hexapod/hexapod_msgs/src -DCMAKE_INSTALL_PREFIX=/home/spider/GWEN_V2/SpiderGwen/hexapod/hexapod_msgs/install/hexapod_msgs
[12.317s] Invoking command in '/home/spider/GWEN_V2/SpiderGwen/hexapod/hexapod_msgs/build/hexapod_msgs': CMAKE_PREFIX_PATH=${CMAKE_PREFIX_PATH}:/home/spider/GWEN_V2/SpiderGwen/hexapod/hexapod_ros/install/hexapod_ros:/opt/ros/humble /usr/bin/cmake --build /home/spider/GWEN_V2/SpiderGwen/hexapod/hexapod_msgs/build/hexapod_msgs -- -j4 -l4
[12.514s] [  1%] [34m[1mGenerating C code for ROS interfaces[0m
[12.606s] [  3%] [34m[1mGenerating C++ code for ROS interfaces[0m
[12.646s] [  3%] Built target ament_cmake_python_copy_hexapod_msgs
[15.124s] running egg_info
[15.129s] creating hexapod_msgs.egg-info
[15.131s] writing hexapod_msgs.egg-info/PKG-INFO
[15.134s] writing dependency_links to hexapod_msgs.egg-info/dependency_links.txt
[15.137s] writing top-level names to hexapod_msgs.egg-info/top_level.txt
[15.139s] writing manifest file 'hexapod_msgs.egg-info/SOURCES.txt'
[15.155s] reading manifest file 'hexapod_msgs.egg-info/SOURCES.txt'
[15.160s] writing manifest file 'hexapod_msgs.egg-info/SOURCES.txt'
[15.332s] [  3%] Built target ament_cmake_python_build_hexapod_msgs_egg
[17.998s] [  3%] Built target hexapod_msgs__cpp
[18.089s] [  5%] [34m[1mGenerating C++ introspection for ROS interfaces[0m
[18.102s] [  7%] [34m[1mGenerating C++ type support dispatch for ROS interfaces[0m
[18.104s] [  9%] [34m[1mGenerating C++ type support for eProsima Fast-RTPS[0m
[19.935s] [ 10%] [32mBuilding C object CMakeFiles/hexapod_msgs__rosidl_generator_c.dir/rosidl_generator_c/hexapod_msgs/msg/detail/servo_target__functions.c.o[0m
[21.854s] [ 12%] [32mBuilding C object CMakeFiles/hexapod_msgs__rosidl_generator_c.dir/rosidl_generator_c/hexapod_msgs/msg/detail/servo_target_array__functions.c.o[0m
[21.940s] [ 14%] [32mBuilding CXX object CMakeFiles/hexapod_msgs__rosidl_typesupport_cpp.dir/rosidl_typesupport_cpp/hexapod_msgs/msg/servo_target__type_support.cpp.o[0m
[22.209s] [ 16%] [32mBuilding C object CMakeFiles/hexapod_msgs__rosidl_generator_c.dir/rosidl_generator_c/hexapod_msgs/action/detail/walk__functions.c.o[0m
[22.838s] [ 18%] [32mBuilding CXX object CMakeFiles/hexapod_msgs__rosidl_typesupport_introspection_cpp.dir/rosidl_typesupport_introspection_cpp/hexapod_msgs/msg/detail/servo_target__type_support.cpp.o[0m
[23.368s] [ 20%] [32mBuilding C object CMakeFiles/hexapod_msgs__rosidl_generator_c.dir/rosidl_generator_c/hexapod_msgs/action/detail/servo__functions.c.o[0m
[24.791s] [ 21%] [32m[1mLinking C shared library libhexapod_msgs__rosidl_generator_c.so[0m
[25.284s] [ 21%] Built target hexapod_msgs__rosidl_generator_c
[25.411s] [ 23%] [34m[1mGenerating C type support for eProsima Fast-RTPS[0m
[25.522s] [ 25%] [32mBuilding CXX object CMakeFiles/hexapod_msgs__rosidl_typesupport_fastrtps_cpp.dir/rosidl_typesupport_fastrtps_cpp/hexapod_msgs/msg/detail/dds_fastrtps/servo_target__type_support.cpp.o[0m
[25.555s] [ 27%] [32mBuilding CXX object CMakeFiles/hexapod_msgs__rosidl_typesupport_cpp.dir/rosidl_typesupport_cpp/hexapod_msgs/msg/servo_target_array__type_support.cpp.o[0m
[27.250s] [ 29%] [32mBuilding CXX object CMakeFiles/hexapod_msgs__rosidl_typesupport_introspection_cpp.dir/rosidl_typesupport_introspection_cpp/hexapod_msgs/msg/detail/servo_target_array__type_support.cpp.o[0m
[28.274s] [ 30%] [32mBuilding CXX object CMakeFiles/hexapod_msgs__rosidl_typesupport_cpp.dir/rosidl_typesupport_cpp/hexapod_msgs/action/walk__type_support.cpp.o[0m
[30.744s] [ 32%] [32mBuilding CXX object CMakeFiles/hexapod_msgs__rosidl_typesupport_fastrtps_cpp.dir/rosidl_typesupport_fastrtps_cpp/hexapod_msgs/msg/detail/dds_fastrtps/servo_target_array__type_support.cpp.o[0m
[31.656s] [ 34%] [32mBuilding CXX object CMakeFiles/hexapod_msgs__rosidl_typesupport_introspection_cpp.dir/rosidl_typesupport_introspection_cpp/hexapod_msgs/action/detail/walk__type_support.cpp.o[0m
[32.464s] [ 36%] [32mBuilding CXX object CMakeFiles/hexapod_msgs__rosidl_typesupport_fastrtps_c.dir/rosidl_typesupport_fastrtps_c/hexapod_msgs/msg/detail/servo_target__type_support_c.cpp.o[0m
[33.027s] [ 38%] [32mBuilding CXX object CMakeFiles/hexapod_msgs__rosidl_typesupport_cpp.dir/rosidl_typesupport_cpp/hexapod_msgs/action/servo__type_support.cpp.o[0m
[35.692s] [ 40%] [32mBuilding CXX object CMakeFiles/hexapod_msgs__rosidl_typesupport_fastrtps_cpp.dir/rosidl_typesupport_fastrtps_cpp/hexapod_msgs/action/detail/dds_fastrtps/walk__type_support.cpp.o[0m
[37.757s] [ 41%] [32mBuilding CXX object CMakeFiles/hexapod_msgs__rosidl_typesupport_fastrtps_c.dir/rosidl_typesupport_fastrtps_c/hexapod_msgs/msg/detail/servo_target_array__type_support_c.cpp.o[0m
[38.366s] [ 43%] [32m[1mLinking CXX shared library libhexapod_msgs__rosidl_typesupport_cpp.so[0m
[38.795s] [ 43%] Built target hexapod_msgs__rosidl_typesupport_cpp
[38.857s] [ 45%] [34m[1mGenerating C introspection for ROS interfaces[0m
[38.870s] [ 47%] [32mBuilding CXX object CMakeFiles/hexapod_msgs__rosidl_typesupport_introspection_cpp.dir/rosidl_typesupport_introspection_cpp/hexapod_msgs/action/detail/servo__type_support.cpp.o[0m
[41.053s] [ 49%] [32mBuilding CXX object CMakeFiles/hexapod_msgs__rosidl_typesupport_fastrtps_c.dir/rosidl_typesupport_fastrtps_c/hexapod_msgs/action/detail/walk__type_support_c.cpp.o[0m
[42.474s] [ 50%] [32mBuilding CXX object CMakeFiles/hexapod_msgs__rosidl_typesupport_fastrtps_cpp.dir/rosidl_typesupport_fastrtps_cpp/hexapod_msgs/action/detail/dds_fastrtps/servo__type_support.cpp.o[0m
[44.784s] [ 52%] [32mBuilding CXX object CMakeFiles/hexapod_msgs__rosidl_typesupport_fastrtps_c.dir/rosidl_typesupport_fastrtps_c/hexapod_msgs/action/detail/servo__type_support_c.cpp.o[0m
[45.141s] [ 54%] [32mBuilding C object CMakeFiles/hexapod_msgs__rosidl_typesupport_introspection_c.dir/rosidl_typesupport_introspection_c/hexapod_msgs/msg/detail/servo_target__type_support.c.o[0m
[45.392s] [ 56%] [32mBuilding C object CMakeFiles/hexapod_msgs__rosidl_typesupport_introspection_c.dir/rosidl_typesupport_introspection_c/hexapod_msgs/msg/detail/servo_target_array__type_support.c.o[0m
[45.445s] [ 58%] [32m[1mLinking CXX shared library libhexapod_msgs__rosidl_typesupport_introspection_cpp.so[0m
[45.861s] [ 60%] [32mBuilding C object CMakeFiles/hexapod_msgs__rosidl_typesupport_introspection_c.dir/rosidl_typesupport_introspection_c/hexapod_msgs/action/detail/walk__type_support.c.o[0m
[46.362s] [ 60%] Built target hexapod_msgs__rosidl_typesupport_introspection_cpp
[46.659s] [ 61%] [32mBuilding C object CMakeFiles/hexapod_msgs__rosidl_typesupport_introspection_c.dir/rosidl_typesupport_introspection_c/hexapod_msgs/action/detail/servo__type_support.c.o[0m
[47.010s] [ 63%] [32m[1mLinking C shared library libhexapod_msgs__rosidl_typesupport_introspection_c.so[0m
[47.289s] [ 63%] Built target hexapod_msgs__rosidl_typesupport_introspection_c
[48.279s] [ 65%] [32m[1mLinking CXX shared library libhexapod_msgs__rosidl_typesupport_fastrtps_c.so[0m
[48.314s] [ 67%] [32m[1mLinking CXX shared library libhexapod_msgs__rosidl_typesupport_fastrtps_cpp.so[0m
[48.792s] [ 67%] Built target hexapod_msgs__rosidl_typesupport_fastrtps_cpp
[48.793s] [ 67%] Built target hexapod_msgs__rosidl_typesupport_fastrtps_c
[48.845s] [ 69%] [34m[1mGenerating C type support dispatch for ROS interfaces[0m
[51.049s] [ 70%] [32mBuilding CXX object CMakeFiles/hexapod_msgs__rosidl_typesupport_c.dir/rosidl_typesupport_c/hexapod_msgs/msg/servo_target__type_support.cpp.o[0m
[51.222s] [ 72%] [32mBuilding CXX object CMakeFiles/hexapod_msgs__rosidl_typesupport_c.dir/rosidl_typesupport_c/hexapod_msgs/action/servo__type_support.cpp.o[0m
[51.506s] [ 74%] [32mBuilding CXX object CMakeFiles/hexapod_msgs__rosidl_typesupport_c.dir/rosidl_typesupport_c/hexapod_msgs/action/walk__type_support.cpp.o[0m
[51.805s] [ 76%] [32mBuilding CXX object CMakeFiles/hexapod_msgs__rosidl_typesupport_c.dir/rosidl_typesupport_c/hexapod_msgs/msg/servo_target_array__type_support.cpp.o[0m
[52.027s] [ 78%] [32m[1mLinking CXX shared library libhexapod_msgs__rosidl_typesupport_c.so[0m
[52.287s] [ 78%] Built target hexapod_msgs__rosidl_typesupport_c
[52.386s] [ 78%] Built target hexapod_msgs
[52.485s] [ 80%] [34m[1mGenerating Python code for ROS interfaces[0m
[60.029s] [ 80%] Built target hexapod_msgs__py
[60.124s] [ 81%] [32mBuilding C object CMakeFiles/hexapod_msgs__rosidl_generator_py.dir/rosidl_generator_py/hexapod_msgs/msg/_servo_target_s.c.o[0m
[60.126s] [ 83%] [32mBuilding C object CMakeFiles/hexapod_msgs__rosidl_generator_py.dir/rosidl_generator_py/hexapod_msgs/msg/_servo_target_array_s.c.o[0m
[60.128s] [ 85%] [32mBuilding C object CMakeFiles/hexapod_msgs__rosidl_generator_py.dir/rosidl_generator_py/hexapod_msgs/action/_walk_s.c.o[0m
[60.966s] [ 87%] [32mBuilding C object CMakeFiles/hexapod_msgs__rosidl_generator_py.dir/rosidl_generator_py/hexapod_msgs/action/_servo_s.c.o[0m
[61.711s] [ 89%] [32m[1mLinking C shared library rosidl_generator_py/hexapod_msgs/libhexapod_msgs__rosidl_generator_py.so[0m
[62.033s] [ 89%] Built target hexapod_msgs__rosidl_generator_py
[62.139s] [ 90%] [32mBuilding C object CMakeFiles/hexapod_msgs__rosidl_typesupport_fastrtps_c__pyext.dir/rosidl_generator_py/hexapod_msgs/_hexapod_msgs_s.ep.rosidl_typesupport_fastrtps_c.c.o[0m
[62.978s] [ 92%] [32m[1mLinking C shared library rosidl_generator_py/hexapod_msgs/hexapod_msgs_s__rosidl_typesupport_fastrtps_c.cpython-310-aarch64-linux-gnu.so[0m
[63.246s] [ 92%] Built target hexapod_msgs__rosidl_typesupport_fastrtps_c__pyext
[63.334s] [ 94%] [32mBuilding C object CMakeFiles/hexapod_msgs__rosidl_typesupport_c__pyext.dir/rosidl_generator_py/hexapod_msgs/_hexapod_msgs_s.ep.rosidl_typesupport_c.c.o[0m
[64.171s] [ 96%] [32m[1mLinking C shared library rosidl_generator_py/hexapod_msgs/hexapod_msgs_s__rosidl_typesupport_c.cpython-310-aarch64-linux-gnu.so[0m
[64.445s] [ 96%] Built target hexapod_msgs__rosidl_typesupport_c__pyext
[64.553s] [ 98%] [32mBuilding C object CMakeFiles/hexapod_msgs__rosidl_typesupport_introspection_c__pyext.dir/rosidl_generator_py/hexapod_msgs/_hexapod_msgs_s.ep.rosidl_typesupport_introspection_c.c.o[0m
[65.420s] [100%] [32m[1mLinking C shared library rosidl_generator_py/hexapod_msgs/hexapod_msgs_s__rosidl_typesupport_introspection_c.cpython-310-aarch64-linux-gnu.so[0m
[65.713s] [100%] Built target hexapod_msgs__rosidl_typesupport_introspection_c__pyext
[65.763s] Invoked command in '/home/spider/GWEN_V2/SpiderGwen/hexapod/hexapod_msgs/build/hexapod_msgs' returned '0': CMAKE_PREFIX_PATH=${CMAKE_PREFIX_PATH}:/home/spider/GWEN_V2/SpiderGwen/hexapod/hexapod_ros/install/hexapod_ros:/opt/ros/humble /usr/bin/cmake --build /home/spider/GWEN_V2/SpiderGwen/hexapod/hexapod_msgs/build/hexapod_msgs -- -j4 -l4
[65.810s] Invoking command in '/home/spider/GWEN_V2/SpiderGwen/hexapod/hexapod_msgs/build/hexapod_msgs': CMAKE_PREFIX_PATH=${CMAKE_PREFIX_PATH}:/home/spider/GWEN_V2/SpiderGwen/hexapod/hexapod_ros/install/hexapod_ros:/opt/ros/humble /usr/bin/cmake --install /home/spider/GWEN_V2/SpiderGwen/hexapod/hexapod_msgs/build/hexapod_msgs
[65.837s] -- Install configuration: ""
[65.839s] -- Installing: /home/spider/GWEN_V2/SpiderGwen/hexapod/hexapod_msgs/install/hexapod_msgs/share/ament_index/resource_index/rosidl_interfaces/hexapod_msgs
[65.840s] -- Installing: /home/spider/GWEN_V2/SpiderGwen/hexapod/hexapod_msgs/install/hexapod_msgs/include/hexapod_msgs/hexapod_msgs
[65.841s] -- Installing: /home/spider/GWEN_V2/SpiderGwen/hexapod/hexapod_msgs/install/hexapod_msgs/include/hexapod_msgs/hexapod_msgs/action
[65.842s] -- Installing: /home/spider/GWEN_V2/SpiderGwen/hexapod/hexapod_msgs/install/hexapod_msgs/include/hexapod_msgs/hexapod_msgs/action/detail
[65.844s] -- Installing: /home/spider/GWEN_V2/SpiderGwen/hexapod/hexapod_msgs/install/hexapod_msgs/include/hexapod_msgs/hexapod_msgs/action/detail/servo__type_support.h
[65.845s] -- Installing: /home/spider/GWEN_V2/SpiderGwen/hexapod/hexapod_msgs/install/hexapod_msgs/include/hexapod_msgs/hexapod_msgs/action/detail/walk__functions.c
[65.847s] -- Installing: /home/spider/GWEN_V2/SpiderGwen/hexapod/hexapod_msgs/install/hexapod_msgs/include/hexapod_msgs/hexapod_msgs/action/detail/servo__functions.c
[65.850s] -- Installing: /home/spider/GWEN_V2/SpiderGwen/hexapod/hexapod_msgs/install/hexapod_msgs/include/hexapod_msgs/hexapod_msgs/action/detail/servo__functions.h
[65.851s] -- Installing: /home/spider/GWEN_V2/SpiderGwen/hexapod/hexapod_msgs/install/hexapod_msgs/include/hexapod_msgs/hexapod_msgs/action/detail/servo__struct.h
[65.852s] -- Installing: /home/spider/GWEN_V2/SpiderGwen/hexapod/hexapod_msgs/install/hexapod_msgs/include/hexapod_msgs/hexapod_msgs/action/detail/walk__functions.h
[65.854s] -- Installing: /home/spider/GWEN_V2/SpiderGwen/hexapod/hexapod_msgs/install/hexapod_msgs/include/hexapod_msgs/hexapod_msgs/action/detail/walk__struct.h
[65.856s] -- Installing: /home/spider/GWEN_V2/SpiderGwen/hexapod/hexapod_msgs/install/hexapod_msgs/include/hexapod_msgs/hexapod_msgs/action/detail/walk__type_support.h
[65.857s] -- Installing: /home/spider/GWEN_V2/SpiderGwen/hexapod/hexapod_msgs/install/hexapod_msgs/include/hexapod_msgs/hexapod_msgs/action/walk.h
[65.858s] -- Installing: /home/spider/GWEN_V2/SpiderGwen/hexapod/hexapod_msgs/install/hexapod_msgs/include/hexapod_msgs/hexapod_msgs/action/servo.h
[65.859s] -- Installing: /home/spider/GWEN_V2/SpiderGwen/hexapod/hexapod_msgs/install/hexapod_msgs/include/hexapod_msgs/hexapod_msgs/msg
[65.860s] -- Installing: /home/spider/GWEN_V2/SpiderGwen/hexapod/hexapod_msgs/install/hexapod_msgs/include/hexapod_msgs/hexapod_msgs/msg/detail
[65.862s] -- Installing: /home/spider/GWEN_V2/SpiderGwen/hexapod/hexapod_msgs/install/hexapod_msgs/include/hexapod_msgs/hexapod_msgs/msg/detail/servo_target__functions.c
[65.863s] -- Installing: /home/spider/GWEN_V2/SpiderGwen/hexapod/hexapod_msgs/install/hexapod_msgs/include/hexapod_msgs/hexapod_msgs/msg/detail/servo_target_array__struct.h
[65.871s] -- Installing: /home/spider/GWEN_V2/SpiderGwen/hexapod/hexapod_msgs/install/hexapod_msgs/include/hexapod_msgs/hexapod_msgs/msg/detail/servo_target_array__functions.c
[65.872s] -- Installing: /home/spider/GWEN_V2/SpiderGwen/hexapod/hexapod_msgs/install/hexapod_msgs/include/hexapod_msgs/hexapod_msgs/msg/detail/servo_target__functions.h
[65.872s] -- Installing: /home/spider/GWEN_V2/SpiderGwen/hexapod/hexapod_msgs/install/hexapod_msgs/include/hexapod_msgs/hexapod_msgs/msg/detail/servo_target_array__type_support.h
[65.873s] -- Installing: /home/spider/GWEN_V2/SpiderGwen/hexapod/hexapod_msgs/install/hexapod_msgs/include/hexapod_msgs/hexapod_msgs/msg/detail/servo_target__type_support.h
[65.873s] -- Installing: /home/spider/GWEN_V2/SpiderGwen/hexapod/hexapod_msgs/install/hexapod_msgs/include/hexapod_msgs/hexapod_msgs/msg/detail/servo_target__struct.h
[65.874s] -- Installing: /home/spider/GWEN_V2/SpiderGwen/hexapod/hexapod_msgs/install/hexapod_msgs/include/hexapod_msgs/hexapod_msgs/msg/detail/servo_target_array__functions.h
[65.875s] -- Installing: /home/spider/GWEN_V2/SpiderGwen/hexapod/hexapod_msgs/install/hexapod_msgs/include/hexapod_msgs/hexapod_msgs/msg/servo_target_array.h
[65.875s] -- Installing: /home/spider/GWEN_V2/SpiderGwen/hexapod/hexapod_msgs/install/hexapod_msgs/include/hexapod_msgs/hexapod_msgs/msg/servo_target.h
[65.876s] -- Installing: /home/spider/GWEN_V2/SpiderGwen/hexapod/hexapod_msgs/install/hexapod_msgs/include/hexapod_msgs/hexapod_msgs/msg/rosidl_generator_c__visibility_control.h
[65.878s] -- Installing: /home/spider/GWEN_V2/SpiderGwen/hexapod/hexapod_msgs/install/hexapod_msgs/share/hexapod_msgs/environment/library_path.sh
[65.880s] -- Installing: /home/spider/GWEN_V2/SpiderGwen/hexapod/hexapod_msgs/install/hexapod_msgs/share/hexapod_msgs/environment/library_path.dsv
[65.884s] -- Installing: /home/spider/GWEN_V2/SpiderGwen/hexapod/hexapod_msgs/install/hexapod_msgs/lib/libhexapod_msgs__rosidl_generator_c.so
[65.887s] -- Set runtime path of "/home/spider/GWEN_V2/SpiderGwen/hexapod/hexapod_msgs/install/hexapod_msgs/lib/libhexapod_msgs__rosidl_generator_c.so" to ""
[65.888s] -- Up-to-date: /home/spider/GWEN_V2/SpiderGwen/hexapod/hexapod_msgs/install/hexapod_msgs/include/hexapod_msgs/hexapod_msgs
[65.890s] -- Up-to-date: /home/spider/GWEN_V2/SpiderGwen/hexapod/hexapod_msgs/install/hexapod_msgs/include/hexapod_msgs/hexapod_msgs/action
[65.891s] -- Up-to-date: /home/spider/GWEN_V2/SpiderGwen/hexapod/hexapod_msgs/install/hexapod_msgs/include/hexapod_msgs/hexapod_msgs/action/detail
[65.893s] -- Installing: /home/spider/GWEN_V2/SpiderGwen/hexapod/hexapod_msgs/install/hexapod_msgs/include/hexapod_msgs/hexapod_msgs/action/detail/servo__rosidl_typesupport_fastrtps_c.h
[65.894s] -- Installing: /home/spider/GWEN_V2/SpiderGwen/hexapod/hexapod_msgs/install/hexapod_msgs/include/hexapod_msgs/hexapod_msgs/action/detail/walk__rosidl_typesupport_fastrtps_c.h
[65.895s] -- Up-to-date: /home/spider/GWEN_V2/SpiderGwen/hexapod/hexapod_msgs/install/hexapod_msgs/include/hexapod_msgs/hexapod_msgs/msg
[65.896s] -- Up-to-date: /home/spider/GWEN_V2/SpiderGwen/hexapod/hexapod_msgs/install/hexapod_msgs/include/hexapod_msgs/hexapod_msgs/msg/detail
[65.897s] -- Installing: /home/spider/GWEN_V2/SpiderGwen/hexapod/hexapod_msgs/install/hexapod_msgs/include/hexapod_msgs/hexapod_msgs/msg/detail/servo_target__rosidl_typesupport_fastrtps_c.h
[65.898s] -- Installing: /home/spider/GWEN_V2/SpiderGwen/hexapod/hexapod_msgs/install/hexapod_msgs/include/hexapod_msgs/hexapod_msgs/msg/detail/servo_target_array__rosidl_typesupport_fastrtps_c.h
[65.901s] -- Installing: /home/spider/GWEN_V2/SpiderGwen/hexapod/hexapod_msgs/install/hexapod_msgs/include/hexapod_msgs/hexapod_msgs/msg/rosidl_typesupport_fastrtps_c__visibility_control.h
[65.901s] -- Installing: /home/spider/GWEN_V2/SpiderGwen/hexapod/hexapod_msgs/install/hexapod_msgs/lib/libhexapod_msgs__rosidl_typesupport_fastrtps_c.so
[65.908s] -- Set runtime path of "/home/spider/GWEN_V2/SpiderGwen/hexapod/hexapod_msgs/install/hexapod_msgs/lib/libhexapod_msgs__rosidl_typesupport_fastrtps_c.so" to ""
[65.909s] -- Up-to-date: /home/spider/GWEN_V2/SpiderGwen/hexapod/hexapod_msgs/install/hexapod_msgs/include/hexapod_msgs/hexapod_msgs
[65.910s] -- Up-to-date: /home/spider/GWEN_V2/SpiderGwen/hexapod/hexapod_msgs/install/hexapod_msgs/include/hexapod_msgs/hexapod_msgs/action
[65.911s] -- Up-to-date: /home/spider/GWEN_V2/SpiderGwen/hexapod/hexapod_msgs/install/hexapod_msgs/include/hexapod_msgs/hexapod_msgs/action/detail
[65.911s] -- Installing: /home/spider/GWEN_V2/SpiderGwen/hexapod/hexapod_msgs/install/hexapod_msgs/include/hexapod_msgs/hexapod_msgs/action/detail/walk__struct.hpp
[65.914s] -- Installing: /home/spider/GWEN_V2/SpiderGwen/hexapod/hexapod_msgs/install/hexapod_msgs/include/hexapod_msgs/hexapod_msgs/action/detail/servo__struct.hpp
[65.914s] -- Installing: /home/spider/GWEN_V2/SpiderGwen/hexapod/hexapod_msgs/install/hexapod_msgs/include/hexapod_msgs/hexapod_msgs/action/detail/servo__builder.hpp
[65.917s] -- Installing: /home/spider/GWEN_V2/SpiderGwen/hexapod/hexapod_msgs/install/hexapod_msgs/include/hexapod_msgs/hexapod_msgs/action/detail/servo__type_support.hpp
[65.917s] -- Installing: /home/spider/GWEN_V2/SpiderGwen/hexapod/hexapod_msgs/install/hexapod_msgs/include/hexapod_msgs/hexapod_msgs/action/detail/walk__builder.hpp
[65.918s] -- Installing: /home/spider/GWEN_V2/SpiderGwen/hexapod/hexapod_msgs/install/hexapod_msgs/include/hexapod_msgs/hexapod_msgs/action/detail/walk__type_support.hpp
[65.920s] -- Installing: /home/spider/GWEN_V2/SpiderGwen/hexapod/hexapod_msgs/install/hexapod_msgs/include/hexapod_msgs/hexapod_msgs/action/detail/walk__traits.hpp
[65.922s] -- Installing: /home/spider/GWEN_V2/SpiderGwen/hexapod/hexapod_msgs/install/hexapod_msgs/include/hexapod_msgs/hexapod_msgs/action/detail/servo__traits.hpp
[65.924s] -- Installing: /home/spider/GWEN_V2/SpiderGwen/hexapod/hexapod_msgs/install/hexapod_msgs/include/hexapod_msgs/hexapod_msgs/action/walk.hpp
[65.926s] -- Installing: /home/spider/GWEN_V2/SpiderGwen/hexapod/hexapod_msgs/install/hexapod_msgs/include/hexapod_msgs/hexapod_msgs/action/servo.hpp
[65.927s] -- Up-to-date: /home/spider/GWEN_V2/SpiderGwen/hexapod/hexapod_msgs/install/hexapod_msgs/include/hexapod_msgs/hexapod_msgs/msg
[65.930s] -- Up-to-date: /home/spider/GWEN_V2/SpiderGwen/hexapod/hexapod_msgs/install/hexapod_msgs/include/hexapod_msgs/hexapod_msgs/msg/detail
[65.932s] -- Installing: /home/spider/GWEN_V2/SpiderGwen/hexapod/hexapod_msgs/install/hexapod_msgs/include/hexapod_msgs/hexapod_msgs/msg/detail/servo_target__builder.hpp
[65.934s] -- Installing: /home/spider/GWEN_V2/SpiderGwen/hexapod/hexapod_msgs/install/hexapod_msgs/include/hexapod_msgs/hexapod_msgs/msg/detail/servo_target__type_support.hpp
[65.935s] -- Installing: /home/spider/GWEN_V2/SpiderGwen/hexapod/hexapod_msgs/install/hexapod_msgs/include/hexapod_msgs/hexapod_msgs/msg/detail/servo_target_array__type_support.hpp
[65.935s] -- Installing: /home/spider/GWEN_V2/SpiderGwen/hexapod/hexapod_msgs/install/hexapod_msgs/include/hexapod_msgs/hexapod_msgs/msg/detail/servo_target_array__struct.hpp
[65.941s] -- Installing: /home/spider/GWEN_V2/SpiderGwen/hexapod/hexapod_msgs/install/hexapod_msgs/include/hexapod_msgs/hexapod_msgs/msg/detail/servo_target__traits.hpp
[65.942s] -- Installing: /home/spider/GWEN_V2/SpiderGwen/hexapod/hexapod_msgs/install/hexapod_msgs/include/hexapod_msgs/hexapod_msgs/msg/detail/servo_target_array__builder.hpp
[65.942s] -- Installing: /home/spider/GWEN_V2/SpiderGwen/hexapod/hexapod_msgs/install/hexapod_msgs/include/hexapod_msgs/hexapod_msgs/msg/detail/servo_target_array__traits.hpp
[65.943s] -- Installing: /home/spider/GWEN_V2/SpiderGwen/hexapod/hexapod_msgs/install/hexapod_msgs/include/hexapod_msgs/hexapod_msgs/msg/detail/servo_target__struct.hpp
[65.943s] -- Installing: /home/spider/GWEN_V2/SpiderGwen/hexapod/hexapod_msgs/install/hexapod_msgs/include/hexapod_msgs/hexapod_msgs/msg/rosidl_generator_cpp__visibility_control.hpp
[65.946s] -- Installing: /home/spider/GWEN_V2/SpiderGwen/hexapod/hexapod_msgs/install/hexapod_msgs/include/hexapod_msgs/hexapod_msgs/msg/servo_target.hpp
[65.947s] -- Installing: /home/spider/GWEN_V2/SpiderGwen/hexapod/hexapod_msgs/install/hexapod_msgs/include/hexapod_msgs/hexapod_msgs/msg/servo_target_array.hpp
[65.949s] -- Up-to-date: /home/spider/GWEN_V2/SpiderGwen/hexapod/hexapod_msgs/install/hexapod_msgs/include/hexapod_msgs/hexapod_msgs
[65.950s] -- Up-to-date: /home/spider/GWEN_V2/SpiderGwen/hexapod/hexapod_msgs/install/hexapod_msgs/include/hexapod_msgs/hexapod_msgs/action
[65.951s] -- Up-to-date: /home/spider/GWEN_V2/SpiderGwen/hexapod/hexapod_msgs/install/hexapod_msgs/include/hexapod_msgs/hexapod_msgs/action/detail
[65.951s] -- Installing: /home/spider/GWEN_V2/SpiderGwen/hexapod/hexapod_msgs/install/hexapod_msgs/include/hexapod_msgs/hexapod_msgs/action/detail/walk__rosidl_typesupport_fastrtps_cpp.hpp
[65.953s] -- Installing: /home/spider/GWEN_V2/SpiderGwen/hexapod/hexapod_msgs/install/hexapod_msgs/include/hexapod_msgs/hexapod_msgs/action/detail/dds_fastrtps
[65.956s] -- Installing: /home/spider/GWEN_V2/SpiderGwen/hexapod/hexapod_msgs/install/hexapod_msgs/include/hexapod_msgs/hexapod_msgs/action/detail/servo__rosidl_typesupport_fastrtps_cpp.hpp
[65.956s] -- Up-to-date: /home/spider/GWEN_V2/SpiderGwen/hexapod/hexapod_msgs/install/hexapod_msgs/include/hexapod_msgs/hexapod_msgs/msg
[65.957s] -- Up-to-date: /home/spider/GWEN_V2/SpiderGwen/hexapod/hexapod_msgs/install/hexapod_msgs/include/hexapod_msgs/hexapod_msgs/msg/detail
[65.958s] -- Installing: /home/spider/GWEN_V2/SpiderGwen/hexapod/hexapod_msgs/install/hexapod_msgs/include/hexapod_msgs/hexapod_msgs/msg/detail/servo_target__rosidl_typesupport_fastrtps_cpp.hpp
[65.959s] -- Installing: /home/spider/GWEN_V2/SpiderGwen/hexapod/hexapod_msgs/install/hexapod_msgs/include/hexapod_msgs/hexapod_msgs/msg/detail/dds_fastrtps
[65.960s] -- Installing: /home/spider/GWEN_V2/SpiderGwen/hexapod/hexapod_msgs/install/hexapod_msgs/include/hexapod_msgs/hexapod_msgs/msg/detail/servo_target_array__rosidl_typesupport_fastrtps_cpp.hpp
[65.962s] -- Installing: /home/spider/GWEN_V2/SpiderGwen/hexapod/hexapod_msgs/install/hexapod_msgs/include/hexapod_msgs/hexapod_msgs/msg/rosidl_typesupport_fastrtps_cpp__visibility_control.h
[65.963s] -- Installing: /home/spider/GWEN_V2/SpiderGwen/hexapod/hexapod_msgs/install/hexapod_msgs/lib/libhexapod_msgs__rosidl_typesupport_fastrtps_cpp.so
[65.968s] -- Set runtime path of "/home/spider/GWEN_V2/SpiderGwen/hexapod/hexapod_msgs/install/hexapod_msgs/lib/libhexapod_msgs__rosidl_typesupport_fastrtps_cpp.so" to ""
[65.969s] -- Up-to-date: /home/spider/GWEN_V2/SpiderGwen/hexapod/hexapod_msgs/install/hexapod_msgs/include/hexapod_msgs/hexapod_msgs
[65.970s] -- Up-to-date: /home/spider/GWEN_V2/SpiderGwen/hexapod/hexapod_msgs/install/hexapod_msgs/include/hexapod_msgs/hexapod_msgs/action
[65.970s] -- Up-to-date: /home/spider/GWEN_V2/SpiderGwen/hexapod/hexapod_msgs/install/hexapod_msgs/include/hexapod_msgs/hexapod_msgs/action/detail
[65.971s] -- Installing: /home/spider/GWEN_V2/SpiderGwen/hexapod/hexapod_msgs/install/hexapod_msgs/include/hexapod_msgs/hexapod_msgs/action/detail/walk__type_support.c
[65.972s] -- Installing: /home/spider/GWEN_V2/SpiderGwen/hexapod/hexapod_msgs/install/hexapod_msgs/include/hexapod_msgs/hexapod_msgs/action/detail/servo__type_support.c
[65.975s] -- Installing: /home/spider/GWEN_V2/SpiderGwen/hexapod/hexapod_msgs/install/hexapod_msgs/include/hexapod_msgs/hexapod_msgs/action/detail/servo__rosidl_typesupport_introspection_c.h
[65.976s] -- Installing: /home/spider/GWEN_V2/SpiderGwen/hexapod/hexapod_msgs/install/hexapod_msgs/include/hexapod_msgs/hexapod_msgs/action/detail/walk__rosidl_typesupport_introspection_c.h
[65.977s] -- Up-to-date: /home/spider/GWEN_V2/SpiderGwen/hexapod/hexapod_msgs/install/hexapod_msgs/include/hexapod_msgs/hexapod_msgs/msg
[65.978s] -- Up-to-date: /home/spider/GWEN_V2/SpiderGwen/hexapod/hexapod_msgs/install/hexapod_msgs/include/hexapod_msgs/hexapod_msgs/msg/detail
[65.978s] -- Installing: /home/spider/GWEN_V2/SpiderGwen/hexapod/hexapod_msgs/install/hexapod_msgs/include/hexapod_msgs/hexapod_msgs/msg/detail/servo_target_array__rosidl_typesupport_introspection_c.h
[65.980s] -- Installing: /home/spider/GWEN_V2/SpiderGwen/hexapod/hexapod_msgs/install/hexapod_msgs/include/hexapod_msgs/hexapod_msgs/msg/detail/servo_target_array__type_support.c
[65.984s] -- Installing: /home/spider/GWEN_V2/SpiderGwen/hexapod/hexapod_msgs/install/hexapod_msgs/include/hexapod_msgs/hexapod_msgs/msg/detail/servo_target__rosidl_typesupport_introspection_c.h
[65.986s] -- Installing: /home/spider/GWEN_V2/SpiderGwen/hexapod/hexapod_msgs/install/hexapod_msgs/include/hexapod_msgs/hexapod_msgs/msg/detail/servo_target__type_support.c
[65.986s] -- Installing: /home/spider/GWEN_V2/SpiderGwen/hexapod/hexapod_msgs/install/hexapod_msgs/include/hexapod_msgs/hexapod_msgs/msg/rosidl_typesupport_introspection_c__visibility_control.h
[65.987s] -- Installing: /home/spider/GWEN_V2/SpiderGwen/hexapod/hexapod_msgs/install/hexapod_msgs/lib/libhexapod_msgs__rosidl_typesupport_introspection_c.so
[65.995s] -- Set runtime path of "/home/spider/GWEN_V2/SpiderGwen/hexapod/hexapod_msgs/install/hexapod_msgs/lib/libhexapod_msgs__rosidl_typesupport_introspection_c.so" to ""
[65.997s] -- Installing: /home/spider/GWEN_V2/SpiderGwen/hexapod/hexapod_msgs/install/hexapod_msgs/lib/libhexapod_msgs__rosidl_typesupport_c.so
[65.998s] -- Set runtime path of "/home/spider/GWEN_V2/SpiderGwen/hexapod/hexapod_msgs/install/hexapod_msgs/lib/libhexapod_msgs__rosidl_typesupport_c.so" to ""
[65.999s] -- Up-to-date: /home/spider/GWEN_V2/SpiderGwen/hexapod/hexapod_msgs/install/hexapod_msgs/include/hexapod_msgs/hexapod_msgs
[65.999s] -- Up-to-date: /home/spider/GWEN_V2/SpiderGwen/hexapod/hexapod_msgs/install/hexapod_msgs/include/hexapod_msgs/hexapod_msgs/action
[66.000s] -- Up-to-date: /home/spider/GWEN_V2/SpiderGwen/hexapod/hexapod_msgs/install/hexapod_msgs/include/hexapod_msgs/hexapod_msgs/action/detail
[66.000s] -- Installing: /home/spider/GWEN_V2/SpiderGwen/hexapod/hexapod_msgs/install/hexapod_msgs/include/hexapod_msgs/hexapod_msgs/action/detail/walk__type_support.cpp
[66.001s] -- Installing: /home/spider/GWEN_V2/SpiderGwen/hexapod/hexapod_msgs/install/hexapod_msgs/include/hexapod_msgs/hexapod_msgs/action/detail/walk__rosidl_typesupport_introspection_cpp.hpp
[66.007s] -- Installing: /home/spider/GWEN_V2/SpiderGwen/hexapod/hexapod_msgs/install/hexapod_msgs/include/hexapod_msgs/hexapod_msgs/action/detail/servo__rosidl_typesupport_introspection_cpp.hpp
[66.007s] -- Installing: /home/spider/GWEN_V2/SpiderGwen/hexapod/hexapod_msgs/install/hexapod_msgs/include/hexapod_msgs/hexapod_msgs/action/detail/servo__type_support.cpp
[66.008s] -- Up-to-date: /home/spider/GWEN_V2/SpiderGwen/hexapod/hexapod_msgs/install/hexapod_msgs/include/hexapod_msgs/hexapod_msgs/msg
[66.009s] -- Up-to-date: /home/spider/GWEN_V2/SpiderGwen/hexapod/hexapod_msgs/install/hexapod_msgs/include/hexapod_msgs/hexapod_msgs/msg/detail
[66.009s] -- Installing: /home/spider/GWEN_V2/SpiderGwen/hexapod/hexapod_msgs/install/hexapod_msgs/include/hexapod_msgs/hexapod_msgs/msg/detail/servo_target_array__type_support.cpp
[66.010s] -- Installing: /home/spider/GWEN_V2/SpiderGwen/hexapod/hexapod_msgs/install/hexapod_msgs/include/hexapod_msgs/hexapod_msgs/msg/detail/servo_target_array__rosidl_typesupport_introspection_cpp.hpp
[66.013s] -- Installing: /home/spider/GWEN_V2/SpiderGwen/hexapod/hexapod_msgs/install/hexapod_msgs/include/hexapod_msgs/hexapod_msgs/msg/detail/servo_target__rosidl_typesupport_introspection_cpp.hpp
[66.014s] -- Installing: /home/spider/GWEN_V2/SpiderGwen/hexapod/hexapod_msgs/install/hexapod_msgs/include/hexapod_msgs/hexapod_msgs/msg/detail/servo_target__type_support.cpp
[66.016s] -- Installing: /home/spider/GWEN_V2/SpiderGwen/hexapod/hexapod_msgs/install/hexapod_msgs/lib/libhexapod_msgs__rosidl_typesupport_introspection_cpp.so
[66.021s] -- Set runtime path of "/home/spider/GWEN_V2/SpiderGwen/hexapod/hexapod_msgs/install/hexapod_msgs/lib/libhexapod_msgs__rosidl_typesupport_introspection_cpp.so" to ""
[66.021s] -- Installing: /home/spider/GWEN_V2/SpiderGwen/hexapod/hexapod_msgs/install/hexapod_msgs/lib/libhexapod_msgs__rosidl_typesupport_cpp.so
[66.024s] -- Set runtime path of "/home/spider/GWEN_V2/SpiderGwen/hexapod/hexapod_msgs/install/hexapod_msgs/lib/libhexapod_msgs__rosidl_typesupport_cpp.so" to ""
[66.025s] -- Installing: /home/spider/GWEN_V2/SpiderGwen/hexapod/hexapod_msgs/install/hexapod_msgs/share/hexapod_msgs/environment/pythonpath.sh
[66.026s] -- Installing: /home/spider/GWEN_V2/SpiderGwen/hexapod/hexapod_msgs/install/hexapod_msgs/share/hexapod_msgs/environment/pythonpath.dsv
[66.027s] -- Installing: /home/spider/GWEN_V2/SpiderGwen/hexapod/hexapod_msgs/install/hexapod_msgs/local/lib/python3.10/dist-packages/hexapod_msgs-0.0.0-py3.10.egg-info
[66.029s] -- Installing: /home/spider/GWEN_V2/SpiderGwen/hexapod/hexapod_msgs/install/hexapod_msgs/local/lib/python3.10/dist-packages/hexapod_msgs-0.0.0-py3.10.egg-info/dependency_links.txt
[66.033s] -- Installing: /home/spider/GWEN_V2/SpiderGwen/hexapod/hexapod_msgs/install/hexapod_msgs/local/lib/python3.10/dist-packages/hexapod_msgs-0.0.0-py3.10.egg-info/top_level.txt
[66.034s] -- Installing: /home/spider/GWEN_V2/SpiderGwen/hexapod/hexapod_msgs/install/hexapod_msgs/local/lib/python3.10/dist-packages/hexapod_msgs-0.0.0-py3.10.egg-info/SOURCES.txt
[66.035s] -- Installing: /home/spider/GWEN_V2/SpiderGwen/hexapod/hexapod_msgs/install/hexapod_msgs/local/lib/python3.10/dist-packages/hexapod_msgs-0.0.0-py3.10.egg-info/PKG-INFO
[66.036s] -- Installing: /home/spider/GWEN_V2/SpiderGwen/hexapod/hexapod_msgs/install/hexapod_msgs/local/lib/python3.10/dist-packages/hexapod_msgs
[66.036s] -- Installing: /home/spider/GWEN_V2/SpiderGwen/hexapod/hexapod_msgs/install/hexapod_msgs/local/lib/python3.10/dist-packages/hexapod_msgs/hexapod_msgs_s__rosidl_typesupport_introspection_c.cpython-310-aarch64-linux-gnu.so
[66.038s] -- Installing: /home/spider/GWEN_V2/SpiderGwen/hexapod/hexapod_msgs/install/hexapod_msgs/local/lib/python3.10/dist-packages/hexapod_msgs/hexapod_msgs_s__rosidl_typesupport_fastrtps_c.cpython-310-aarch64-linux-gnu.so
[66.040s] -- Installing: /home/spider/GWEN_V2/SpiderGwen/hexapod/hexapod_msgs/install/hexapod_msgs/local/lib/python3.10/dist-packages/hexapod_msgs/_hexapod_msgs_s.ep.rosidl_typesupport_introspection_c.c
[66.043s] -- Installing: /home/spider/GWEN_V2/SpiderGwen/hexapod/hexapod_msgs/install/hexapod_msgs/local/lib/python3.10/dist-packages/hexapod_msgs/action
[66.045s] -- Installing: /home/spider/GWEN_V2/SpiderGwen/hexapod/hexapod_msgs/install/hexapod_msgs/local/lib/python3.10/dist-packages/hexapod_msgs/action/_walk_s.c
[66.046s] -- Installing: /home/spider/GWEN_V2/SpiderGwen/hexapod/hexapod_msgs/install/hexapod_msgs/local/lib/python3.10/dist-packages/hexapod_msgs/action/_servo.py
[66.050s] -- Installing: /home/spider/GWEN_V2/SpiderGwen/hexapod/hexapod_msgs/install/hexapod_msgs/local/lib/python3.10/dist-packages/hexapod_msgs/action/_walk.py
[66.051s] -- Installing: /home/spider/GWEN_V2/SpiderGwen/hexapod/hexapod_msgs/install/hexapod_msgs/local/lib/python3.10/dist-packages/hexapod_msgs/action/__init__.py
[66.051s] -- Installing: /home/spider/GWEN_V2/SpiderGwen/hexapod/hexapod_msgs/install/hexapod_msgs/local/lib/python3.10/dist-packages/hexapod_msgs/action/_servo_s.c
[66.054s] -- Installing: /home/spider/GWEN_V2/SpiderGwen/hexapod/hexapod_msgs/install/hexapod_msgs/local/lib/python3.10/dist-packages/hexapod_msgs/_hexapod_msgs_s.ep.rosidl_typesupport_fastrtps_c.c
[66.055s] -- Installing: /home/spider/GWEN_V2/SpiderGwen/hexapod/hexapod_msgs/install/hexapod_msgs/local/lib/python3.10/dist-packages/hexapod_msgs/libhexapod_msgs__rosidl_generator_py.so
[66.057s] -- Installing: /home/spider/GWEN_V2/SpiderGwen/hexapod/hexapod_msgs/install/hexapod_msgs/local/lib/python3.10/dist-packages/hexapod_msgs/hexapod_msgs_s__rosidl_typesupport_c.cpython-310-aarch64-linux-gnu.so
[66.059s] -- Installing: /home/spider/GWEN_V2/SpiderGwen/hexapod/hexapod_msgs/install/hexapod_msgs/local/lib/python3.10/dist-packages/hexapod_msgs/msg
[66.060s] -- Installing: /home/spider/GWEN_V2/SpiderGwen/hexapod/hexapod_msgs/install/hexapod_msgs/local/lib/python3.10/dist-packages/hexapod_msgs/msg/_servo_target_s.c
[66.062s] -- Installing: /home/spider/GWEN_V2/SpiderGwen/hexapod/hexapod_msgs/install/hexapod_msgs/local/lib/python3.10/dist-packages/hexapod_msgs/msg/_servo_target.py
[66.064s] -- Installing: /home/spider/GWEN_V2/SpiderGwen/hexapod/hexapod_msgs/install/hexapod_msgs/local/lib/python3.10/dist-packages/hexapod_msgs/msg/_servo_target_array_s.c
[66.068s] -- Installing: /home/spider/GWEN_V2/SpiderGwen/hexapod/hexapod_msgs/install/hexapod_msgs/local/lib/python3.10/dist-packages/hexapod_msgs/msg/_servo_target_array.py
[66.069s] -- Installing: /home/spider/GWEN_V2/SpiderGwen/hexapod/hexapod_msgs/install/hexapod_msgs/local/lib/python3.10/dist-packages/hexapod_msgs/msg/__init__.py
[66.069s] -- Installing: /home/spider/GWEN_V2/SpiderGwen/hexapod/hexapod_msgs/install/hexapod_msgs/local/lib/python3.10/dist-packages/hexapod_msgs/__init__.py
[66.072s] -- Installing: /home/spider/GWEN_V2/SpiderGwen/hexapod/hexapod_msgs/install/hexapod_msgs/local/lib/python3.10/dist-packages/hexapod_msgs/_hexapod_msgs_s.ep.rosidl_typesupport_c.c
[66.310s] Listing '/home/spider/GWEN_V2/SpiderGwen/hexapod/hexapod_msgs/install/hexapod_msgs/local/lib/python3.10/dist-packages/hexapod_msgs'...
[66.311s] Compiling '/home/spider/GWEN_V2/SpiderGwen/hexapod/hexapod_msgs/install/hexapod_msgs/local/lib/python3.10/dist-packages/hexapod_msgs/__init__.py'...
[66.312s] Listing '/home/spider/GWEN_V2/SpiderGwen/hexapod/hexapod_msgs/install/hexapod_msgs/local/lib/python3.10/dist-packages/hexapod_msgs/action'...
[66.313s] Compiling '/home/spider/GWEN_V2/SpiderGwen/hexapod/hexapod_msgs/install/hexapod_msgs/local/lib/python3.10/dist-packages/hexapod_msgs/action/__init__.py'...
[66.315s] Compiling '/home/spider/GWEN_V2/SpiderGwen/hexapod/hexapod_msgs/install/hexapod_msgs/local/lib/python3.10/dist-packages/hexapod_msgs/action/_servo.py'...
[66.316s] Compiling '/home/spider/GWEN_V2/SpiderGwen/hexapod/hexapod_msgs/install/hexapod_msgs/local/lib/python3.10/dist-packages/hexapod_msgs/action/_walk.py'...
[66.317s] Listing '/home/spider/GWEN_V2/SpiderGwen/hexapod/hexapod_msgs/install/hexapod_msgs/local/lib/python3.10/dist-packages/hexapod_msgs/msg'...
[66.319s] Compiling '/home/spider/GWEN_V2/SpiderGwen/hexapod/hexapod_msgs/install/hexapod_msgs/local/lib/python3.10/dist-packages/hexapod_msgs/msg/__init__.py'...
[66.319s] Compiling '/home/spider/GWEN_V2/SpiderGwen/hexapod/hexapod_msgs/install/hexapod_msgs/local/lib/python3.10/dist-packages/hexapod_msgs/msg/_servo_target.py'...
[66.320s] Compiling '/home/spider/GWEN_V2/SpiderGwen/hexapod/hexapod_msgs/install/hexapod_msgs/local/lib/python3.10/dist-packages/hexapod_msgs/msg/_servo_target_array.py'...
[66.337s] -- Installing: /home/spider/GWEN_V2/SpiderGwen/hexapod/hexapod_msgs/install/hexapod_msgs/local/lib/python3.10/dist-packages/hexapod_msgs/hexapod_msgs_s__rosidl_typesupport_fastrtps_c.cpython-310-aarch64-linux-gnu.so
[66.341s] -- Set runtime path of "/home/spider/GWEN_V2/SpiderGwen/hexapod/hexapod_msgs/install/hexapod_msgs/local/lib/python3.10/dist-packages/hexapod_msgs/hexapod_msgs_s__rosidl_typesupport_fastrtps_c.cpython-310-aarch64-linux-gnu.so" to ""
[66.343s] -- Installing: /home/spider/GWEN_V2/SpiderGwen/hexapod/hexapod_msgs/install/hexapod_msgs/local/lib/python3.10/dist-packages/hexapod_msgs/hexapod_msgs_s__rosidl_typesupport_introspection_c.cpython-310-aarch64-linux-gnu.so
[66.347s] -- Set runtime path of "/home/spider/GWEN_V2/SpiderGwen/hexapod/hexapod_msgs/install/hexapod_msgs/local/lib/python3.10/dist-packages/hexapod_msgs/hexapod_msgs_s__rosidl_typesupport_introspection_c.cpython-310-aarch64-linux-gnu.so" to ""
[66.349s] -- Installing: /home/spider/GWEN_V2/SpiderGwen/hexapod/hexapod_msgs/install/hexapod_msgs/local/lib/python3.10/dist-packages/hexapod_msgs/hexapod_msgs_s__rosidl_typesupport_c.cpython-310-aarch64-linux-gnu.so
[66.352s] -- Set runtime path of "/home/spider/GWEN_V2/SpiderGwen/hexapod/hexapod_msgs/install/hexapod_msgs/local/lib/python3.10/dist-packages/hexapod_msgs/hexapod_msgs_s__rosidl_typesupport_c.cpython-310-aarch64-linux-gnu.so" to ""
[66.353s] -- Installing: /home/spider/GWEN_V2/SpiderGwen/hexapod/hexapod_msgs/install/hexapod_msgs/lib/libhexapod_msgs__rosidl_generator_py.so
[66.356s] -- Set runtime path of "/home/spider/GWEN_V2/SpiderGwen/hexapod/hexapod_msgs/install/hexapod_msgs/lib/libhexapod_msgs__rosidl_generator_py.so" to ""
[66.357s] -- Installing: /home/spider/GWEN_V2/SpiderGwen/hexapod/hexapod_msgs/install/hexapod_msgs/share/hexapod_msgs/msg/ServoTarget.idl
[66.358s] -- Installing: /home/spider/GWEN_V2/SpiderGwen/hexapod/hexapod_msgs/install/hexapod_msgs/share/hexapod_msgs/msg/ServoTargetArray.idl
[66.360s] -- Installing: /home/spider/GWEN_V2/SpiderGwen/hexapod/hexapod_msgs/install/hexapod_msgs/share/hexapod_msgs/action/Walk.idl
[66.361s] -- Installing: /home/spider/GWEN_V2/SpiderGwen/hexapod/hexapod_msgs/install/hexapod_msgs/share/hexapod_msgs/action/Servo.idl
[66.362s] -- Installing: /home/spider/GWEN_V2/SpiderGwen/hexapod/hexapod_msgs/install/hexapod_msgs/share/hexapod_msgs/msg/ServoTarget.msg
[66.363s] -- Installing: /home/spider/GWEN_V2/SpiderGwen/hexapod/hexapod_msgs/install/hexapod_msgs/share/hexapod_msgs/msg/ServoTargetArray.msg
[66.365s] -- Installing: /home/spider/GWEN_V2/SpiderGwen/hexapod/hexapod_msgs/install/hexapod_msgs/share/hexapod_msgs/action/Walk.action
[66.366s] -- Installing: /home/spider/GWEN_V2/SpiderGwen/hexapod/hexapod_msgs/install/hexapod_msgs/share/hexapod_msgs/action/Servo.action
[66.368s] -- Installing: /home/spider/GWEN_V2/SpiderGwen/hexapod/hexapod_msgs/install/hexapod_msgs/share/ament_index/resource_index/package_run_dependencies/hexapod_msgs
[66.369s] -- Installing: /home/spider/GWEN_V2/SpiderGwen/hexapod/hexapod_msgs/install/hexapod_msgs/share/ament_index/resource_index/parent_prefix_path/hexapod_msgs
[66.371s] -- Installing: /home/spider/GWEN_V2/SpiderGwen/hexapod/hexapod_msgs/install/hexapod_msgs/share/hexapod_msgs/environment/ament_prefix_path.sh
[66.372s] -- Installing: /home/spider/GWEN_V2/SpiderGwen/hexapod/hexapod_msgs/install/hexapod_msgs/share/hexapod_msgs/environment/ament_prefix_path.dsv
[66.373s] -- Installing: /home/spider/GWEN_V2/SpiderGwen/hexapod/hexapod_msgs/install/hexapod_msgs/share/hexapod_msgs/environment/path.sh
[66.375s] -- Installing: /home/spider/GWEN_V2/SpiderGwen/hexapod/hexapod_msgs/install/hexapod_msgs/share/hexapod_msgs/environment/path.dsv
[66.376s] -- Installing: /home/spider/GWEN_V2/SpiderGwen/hexapod/hexapod_msgs/install/hexapod_msgs/share/hexapod_msgs/local_setup.bash
[66.377s] -- Installing: /home/spider/GWEN_V2/SpiderGwen/hexapod/hexapod_msgs/install/hexapod_msgs/share/hexapod_msgs/local_setup.sh
[66.379s] -- Installing: /home/spider/GWEN_V2/SpiderGwen/hexapod/hexapod_msgs/install/hexapod_msgs/share/hexapod_msgs/local_setup.zsh
[66.380s] -- Installing: /home/spider/GWEN_V2/SpiderGwen/hexapod/hexapod_msgs/install/hexapod_msgs/share/hexapod_msgs/local_setup.dsv
[66.381s] -- Installing: /home/spider/GWEN_V2/SpiderGwen/hexapod/hexapod_msgs/install/hexapod_msgs/share/hexapod_msgs/package.dsv
[66.383s] -- Installing: /home/spider/GWEN_V2/SpiderGwen/hexapod/hexapod_msgs/install/hexapod_msgs/share/ament_index/resource_index/packages/hexapod_msgs
[66.384s] -- Installing: /home/spider/GWEN_V2/SpiderGwen/hexapod/hexapod_msgs/install/hexapod_msgs/share/hexapod_msgs/cmake/export_hexapod_msgs__rosidl_generator_cExport.cmake
[66.386s] -- Installing: /home/spider/GWEN_V2/SpiderGwen/hexapod/hexapod_msgs/install/hexapod_msgs/share/hexapod_msgs/cmake/export_hexapod_msgs__rosidl_generator_cExport-noconfig.cmake
[66.388s] -- Installing: /home/spider/GWEN_V2/SpiderGwen/hexapod/hexapod_msgs/install/hexapod_msgs/share/hexapod_msgs/cmake/export_hexapod_msgs__rosidl_typesupport_fastrtps_cExport.cmake
[66.389s] -- Installing: /home/spider/GWEN_V2/SpiderGwen/hexapod/hexapod_msgs/install/hexapod_msgs/share/hexapod_msgs/cmake/export_hexapod_msgs__rosidl_typesupport_fastrtps_cExport-noconfig.cmake
[66.391s] -- Installing: /home/spider/GWEN_V2/SpiderGwen/hexapod/hexapod_msgs/install/hexapod_msgs/share/hexapod_msgs/cmake/export_hexapod_msgs__rosidl_generator_cppExport.cmake
[66.393s] -- Installing: /home/spider/GWEN_V2/SpiderGwen/hexapod/hexapod_msgs/install/hexapod_msgs/share/hexapod_msgs/cmake/export_hexapod_msgs__rosidl_typesupport_fastrtps_cppExport.cmake
[66.395s] -- Installing: /home/spider/GWEN_V2/SpiderGwen/hexapod/hexapod_msgs/install/hexapod_msgs/share/hexapod_msgs/cmake/export_hexapod_msgs__rosidl_typesupport_fastrtps_cppExport-noconfig.cmake
[66.396s] -- Installing: /home/spider/GWEN_V2/SpiderGwen/hexapod/hexapod_msgs/install/hexapod_msgs/share/hexapod_msgs/cmake/hexapod_msgs__rosidl_typesupport_introspection_cExport.cmake
[66.398s] -- Installing: /home/spider/GWEN_V2/SpiderGwen/hexapod/hexapod_msgs/install/hexapod_msgs/share/hexapod_msgs/cmake/hexapod_msgs__rosidl_typesupport_introspection_cExport-noconfig.cmake
[66.400s] -- Installing: /home/spider/GWEN_V2/SpiderGwen/hexapod/hexapod_msgs/install/hexapod_msgs/share/hexapod_msgs/cmake/hexapod_msgs__rosidl_typesupport_cExport.cmake
[66.402s] -- Installing: /home/spider/GWEN_V2/SpiderGwen/hexapod/hexapod_msgs/install/hexapod_msgs/share/hexapod_msgs/cmake/hexapod_msgs__rosidl_typesupport_cExport-noconfig.cmake
[66.403s] -- Installing: /home/spider/GWEN_V2/SpiderGwen/hexapod/hexapod_msgs/install/hexapod_msgs/share/hexapod_msgs/cmake/hexapod_msgs__rosidl_typesupport_introspection_cppExport.cmake
[66.405s] -- Installing: /home/spider/GWEN_V2/SpiderGwen/hexapod/hexapod_msgs/install/hexapod_msgs/share/hexapod_msgs/cmake/hexapod_msgs__rosidl_typesupport_introspection_cppExport-noconfig.cmake
[66.407s] -- Installing: /home/spider/GWEN_V2/SpiderGwen/hexapod/hexapod_msgs/install/hexapod_msgs/share/hexapod_msgs/cmake/hexapod_msgs__rosidl_typesupport_cppExport.cmake
[66.408s] -- Installing: /home/spider/GWEN_V2/SpiderGwen/hexapod/hexapod_msgs/install/hexapod_msgs/share/hexapod_msgs/cmake/hexapod_msgs__rosidl_typesupport_cppExport-noconfig.cmake
[66.410s] -- Installing: /home/spider/GWEN_V2/SpiderGwen/hexapod/hexapod_msgs/install/hexapod_msgs/share/hexapod_msgs/cmake/export_hexapod_msgs__rosidl_generator_pyExport.cmake
[66.411s] -- Installing: /home/spider/GWEN_V2/SpiderGwen/hexapod/hexapod_msgs/install/hexapod_msgs/share/hexapod_msgs/cmake/export_hexapod_msgs__rosidl_generator_pyExport-noconfig.cmake
[66.413s] -- Installing: /home/spider/GWEN_V2/SpiderGwen/hexapod/hexapod_msgs/install/hexapod_msgs/share/hexapod_msgs/cmake/rosidl_cmake-extras.cmake
[66.414s] -- Installing: /home/spider/GWEN_V2/SpiderGwen/hexapod/hexapod_msgs/install/hexapod_msgs/share/hexapod_msgs/cmake/ament_cmake_export_dependencies-extras.cmake
[66.416s] -- Installing: /home/spider/GWEN_V2/SpiderGwen/hexapod/hexapod_msgs/install/hexapod_msgs/share/hexapod_msgs/cmake/ament_cmake_export_include_directories-extras.cmake
[66.417s] -- Installing: /home/spider/GWEN_V2/SpiderGwen/hexapod/hexapod_msgs/install/hexapod_msgs/share/hexapod_msgs/cmake/ament_cmake_export_libraries-extras.cmake
[66.419s] -- Installing: /home/spider/GWEN_V2/SpiderGwen/hexapod/hexapod_msgs/install/hexapod_msgs/share/hexapod_msgs/cmake/ament_cmake_export_targets-extras.cmake
[66.420s] -- Installing: /home/spider/GWEN_V2/SpiderGwen/hexapod/hexapod_msgs/install/hexapod_msgs/share/hexapod_msgs/cmake/rosidl_cmake_export_typesupport_targets-extras.cmake
[66.422s] -- Installing: /home/spider/GWEN_V2/SpiderGwen/hexapod/hexapod_msgs/install/hexapod_msgs/share/hexapod_msgs/cmake/rosidl_cmake_export_typesupport_libraries-extras.cmake
[66.423s] -- Installing: /home/spider/GWEN_V2/SpiderGwen/hexapod/hexapod_msgs/install/hexapod_msgs/share/hexapod_msgs/cmake/hexapod_msgsConfig.cmake
[66.424s] -- Installing: /home/spider/GWEN_V2/SpiderGwen/hexapod/hexapod_msgs/install/hexapod_msgs/share/hexapod_msgs/cmake/hexapod_msgsConfig-version.cmake
[66.426s] -- Installing: /home/spider/GWEN_V2/SpiderGwen/hexapod/hexapod_msgs/install/hexapod_msgs/share/hexapod_msgs/package.xml
[66.434s] Invoked command in '/home/spider/GWEN_V2/SpiderGwen/hexapod/hexapod_msgs/build/hexapod_msgs' returned '0': CMAKE_PREFIX_PATH=${CMAKE_PREFIX_PATH}:/home/spider/GWEN_V2/SpiderGwen/hexapod/hexapod_ros/install/hexapod_ros:/opt/ros/humble /usr/bin/cmake --install /home/spider/GWEN_V2/SpiderGwen/hexapod/hexapod_msgs/build/hexapod_msgs
