running egg_info
writing ../build/hexapod_ros/hexapod_ros.egg-info/PKG-INFO
writing dependency_links to ../build/hexapod_ros/hexapod_ros.egg-info/dependency_links.txt
writing entry points to ../build/hexapod_ros/hexapod_ros.egg-info/entry_points.txt
writing requirements to ../build/hexapod_ros/hexapod_ros.egg-info/requires.txt
writing top-level names to ../build/hexapod_ros/hexapod_ros.egg-info/top_level.txt
reading manifest file '../build/hexapod_ros/hexapod_ros.egg-info/SOURCES.txt'
writing manifest file '../build/hexapod_ros/hexapod_ros.egg-info/SOURCES.txt'
running build
running build_py
copying hexapod_ros/spider.py -> /home/spider/GWEN_V2/SpiderGwen/hexapod/hexapod_ros/build/hexapod_ros/build/lib/hexapod_ros
copying hexapod_ros/hexapod_controller.py -> /home/spider/GWEN_V2/SpiderGwen/hexapod/hexapod_ros/build/hexapod_ros/build/lib/hexapod_ros
running install
running install_lib
copying /home/spider/GWEN_V2/SpiderGwen/hexapod/hexapod_ros/build/hexapod_ros/build/lib/hexapod_ros/spider.py -> /home/spider/GWEN_V2/SpiderGwen/hexapod/hexapod_ros/install/hexapod_ros/lib/python3.10/site-packages/hexapod_ros
copying /home/spider/GWEN_V2/SpiderGwen/hexapod/hexapod_ros/build/hexapod_ros/build/lib/hexapod_ros/hexapod_controller.py -> /home/spider/GWEN_V2/SpiderGwen/hexapod/hexapod_ros/install/hexapod_ros/lib/python3.10/site-packages/hexapod_ros
byte-compiling /home/spider/GWEN_V2/SpiderGwen/hexapod/hexapod_ros/install/hexapod_ros/lib/python3.10/site-packages/hexapod_ros/spider.py to spider.cpython-310.pyc
byte-compiling /home/spider/GWEN_V2/SpiderGwen/hexapod/hexapod_ros/install/hexapod_ros/lib/python3.10/site-packages/hexapod_ros/hexapod_controller.py to hexapod_controller.cpython-310.pyc
running install_data
running install_egg_info
removing '/home/spider/GWEN_V2/SpiderGwen/hexapod/hexapod_ros/install/hexapod_ros/lib/python3.10/site-packages/hexapod_ros-0.0.0-py3.10.egg-info' (and everything under it)
Copying ../build/hexapod_ros/hexapod_ros.egg-info to /home/spider/GWEN_V2/SpiderGwen/hexapod/hexapod_ros/install/hexapod_ros/lib/python3.10/site-packages/hexapod_ros-0.0.0-py3.10.egg-info
running install_scripts
Installing hexapod_controller script to /home/spider/GWEN_V2/SpiderGwen/hexapod/hexapod_ros/install/hexapod_ros/lib/hexapod_ros
Installing maestro_driver script to /home/spider/GWEN_V2/SpiderGwen/hexapod/hexapod_ros/install/hexapod_ros/lib/hexapod_ros
Installing teleop script to /home/spider/GWEN_V2/SpiderGwen/hexapod/hexapod_ros/install/hexapod_ros/lib/hexapod_ros
writing list of installed files to '/home/spider/GWEN_V2/SpiderGwen/hexapod/hexapod_ros/build/hexapod_ros/install.log'
