[5.027s] Invoking command in '/home/spider/GWEN_V2/SpiderGwen/hexapod/hexapod_ros/src': PYTHONPATH=/home/spider/GWEN_V2/SpiderGwen/hexapod/hexapod_ros/build/hexapod_ros/prefix_override:/usr/lib/python3/dist-packages/colcon_core/task/python/colcon_distutils_commands:/home/spider/GWEN_V2/SpiderGwen/hexapod/hexapod_ros/install/hexapod_ros/lib/python3.10/site-packages:${PYTHONPATH} /usr/bin/python3 -W ignore:setup.py install is deprecated -W ignore:easy_install command is deprecated setup.py egg_info --egg-base ../build/hexapod_ros build --build-base /home/spider/GWEN_V2/SpiderGwen/hexapod/hexapod_ros/build/hexapod_ros/build install --record /home/spider/GWEN_V2/SpiderGwen/hexapod/hexapod_ros/build/hexapod_ros/install.log --single-version-externally-managed install_data
[8.635s] running egg_info
[8.642s] writing ../build/hexapod_ros/hexapod_ros.egg-info/PKG-INFO
[8.644s] writing dependency_links to ../build/hexapod_ros/hexapod_ros.egg-info/dependency_links.txt
[8.646s] writing entry points to ../build/hexapod_ros/hexapod_ros.egg-info/entry_points.txt
[8.649s] writing requirements to ../build/hexapod_ros/hexapod_ros.egg-info/requires.txt
[8.651s] writing top-level names to ../build/hexapod_ros/hexapod_ros.egg-info/top_level.txt
[8.673s] reading manifest file '../build/hexapod_ros/hexapod_ros.egg-info/SOURCES.txt'
[8.685s] writing manifest file '../build/hexapod_ros/hexapod_ros.egg-info/SOURCES.txt'
[8.686s] running build
[8.687s] running build_py
[8.692s] copying hexapod_ros/spider.py -> /home/spider/GWEN_V2/SpiderGwen/hexapod/hexapod_ros/build/hexapod_ros/build/lib/hexapod_ros
[8.701s] running install
[8.705s] running install_lib
[8.716s] copying /home/spider/GWEN_V2/SpiderGwen/hexapod/hexapod_ros/build/hexapod_ros/build/lib/hexapod_ros/spider.py -> /home/spider/GWEN_V2/SpiderGwen/hexapod/hexapod_ros/install/hexapod_ros/lib/python3.10/site-packages/hexapod_ros
[8.730s] byte-compiling /home/spider/GWEN_V2/SpiderGwen/hexapod/hexapod_ros/install/hexapod_ros/lib/python3.10/site-packages/hexapod_ros/spider.py to spider.cpython-310.pyc
[8.748s] running install_data
[8.751s] running install_egg_info
[8.777s] removing '/home/spider/GWEN_V2/SpiderGwen/hexapod/hexapod_ros/install/hexapod_ros/lib/python3.10/site-packages/hexapod_ros-0.0.0-py3.10.egg-info' (and everything under it)
[8.783s] Copying ../build/hexapod_ros/hexapod_ros.egg-info to /home/spider/GWEN_V2/SpiderGwen/hexapod/hexapod_ros/install/hexapod_ros/lib/python3.10/site-packages/hexapod_ros-0.0.0-py3.10.egg-info
[8.802s] running install_scripts
[8.976s] Installing hexapod_controller script to /home/spider/GWEN_V2/SpiderGwen/hexapod/hexapod_ros/install/hexapod_ros/lib/hexapod_ros
[8.984s] Installing imu_node script to /home/spider/GWEN_V2/SpiderGwen/hexapod/hexapod_ros/install/hexapod_ros/lib/hexapod_ros
[8.985s] Installing maestro_driver script to /home/spider/GWEN_V2/SpiderGwen/hexapod/hexapod_ros/install/hexapod_ros/lib/hexapod_ros
[8.985s] Installing teleop script to /home/spider/GWEN_V2/SpiderGwen/hexapod/hexapod_ros/install/hexapod_ros/lib/hexapod_ros
[8.988s] writing list of installed files to '/home/spider/GWEN_V2/SpiderGwen/hexapod/hexapod_ros/build/hexapod_ros/install.log'
[9.157s] Invoked command in '/home/spider/GWEN_V2/SpiderGwen/hexapod/hexapod_ros/src' returned '0': PYTHONPATH=/home/spider/GWEN_V2/SpiderGwen/hexapod/hexapod_ros/build/hexapod_ros/prefix_override:/usr/lib/python3/dist-packages/colcon_core/task/python/colcon_distutils_commands:/home/spider/GWEN_V2/SpiderGwen/hexapod/hexapod_ros/install/hexapod_ros/lib/python3.10/site-packages:${PYTHONPATH} /usr/bin/python3 -W ignore:setup.py install is deprecated -W ignore:easy_install command is deprecated setup.py egg_info --egg-base ../build/hexapod_ros build --build-base /home/spider/GWEN_V2/SpiderGwen/hexapod/hexapod_ros/build/hexapod_ros/build install --record /home/spider/GWEN_V2/SpiderGwen/hexapod/hexapod_ros/build/hexapod_ros/install.log --single-version-externally-managed install_data
