[1.266s] DEBUG:colcon:Command line arguments: ['/usr/bin/colcon', 'build']
[1.268s] DEBUG:colcon:Parsed command line arguments: Namespace(log_base=None, log_level=None, verb_name='build', build_base='build', install_base='install', merge_install=False, symlink_install=False, test_result_base=None, continue_on_error=False, executor='parallel', parallel_workers=4, event_handlers=None, ignore_user_meta=False, metas=['./colcon.meta'], base_paths=['.'], packages_ignore=None, packages_ignore_regex=None, paths=None, packages_up_to=None, packages_up_to_regex=None, packages_above=None, packages_above_and_dependencies=None, packages_above_depth=None, packages_select_by_dep=None, packages_skip_by_dep=None, packages_skip_up_to=None, packages_select_build_failed=False, packages_skip_build_finished=False, packages_select_test_failures=False, packages_skip_test_passed=False, packages_select=None, packages_skip=None, packages_select_regex=None, packages_skip_regex=None, packages_start=None, packages_end=None, allow_overriding=[], cmake_args=None, cmake_target=None, cmake_target_skip_unavailable=False, cmake_clean_cache=False, cmake_clean_first=False, cmake_force_configure=False, ament_cmake_args=None, catkin_cmake_args=None, catkin_skip_building_tests=False, mixin_files=None, mixin=None, verb_parser=<colcon_mixin.mixin.mixin_argument.MixinArgumentDecorator object at 0xffff9c608a60>, verb_extension=<colcon_core.verb.build.BuildVerb object at 0xffff9c7d58d0>, main=<bound method BuildVerb.main of <colcon_core.verb.build.BuildVerb object at 0xffff9c7d58d0>>, mixin_verb=('build',))
[3.415s] Level 1:colcon.colcon_core.package_discovery:discover_packages(colcon_meta) check parameters
[3.416s] Level 1:colcon.colcon_core.package_discovery:discover_packages(recursive) check parameters
[3.417s] Level 1:colcon.colcon_core.package_discovery:discover_packages(ignore) check parameters
[3.417s] Level 1:colcon.colcon_core.package_discovery:discover_packages(path) check parameters
[3.417s] Level 1:colcon.colcon_core.package_discovery:discover_packages(colcon_meta) discover
[3.418s] Level 1:colcon.colcon_core.package_discovery:discover_packages(recursive) discover
[3.419s] INFO:colcon.colcon_core.package_discovery:Crawling recursively for packages in '/home/spider/GWEN_V2/SpiderGwen/hexapod/hexapod_ros'
[3.420s] Level 1:colcon.colcon_core.package_identification:_identify(.) by extensions ['ignore', 'ignore_ament_install']
[3.421s] Level 1:colcon.colcon_core.package_identification:_identify(.) by extension 'ignore'
[3.422s] Level 1:colcon.colcon_core.package_identification:_identify(.) by extension 'ignore_ament_install'
[3.423s] Level 1:colcon.colcon_core.package_identification:_identify(.) by extensions ['colcon_pkg']
[3.424s] Level 1:colcon.colcon_core.package_identification:_identify(.) by extension 'colcon_pkg'
[3.424s] Level 1:colcon.colcon_core.package_identification:_identify(.) by extensions ['colcon_meta']
[3.426s] Level 1:colcon.colcon_core.package_identification:_identify(.) by extension 'colcon_meta'
[3.427s] Level 1:colcon.colcon_core.package_identification:_identify(.) by extensions ['ros']
[3.428s] Level 1:colcon.colcon_core.package_identification:_identify(.) by extension 'ros'
[3.580s] Level 1:colcon.colcon_core.package_identification:_identify(.) by extensions ['cmake', 'python']
[3.582s] Level 1:colcon.colcon_core.package_identification:_identify(.) by extension 'cmake'
[3.583s] Level 1:colcon.colcon_core.package_identification:_identify(.) by extension 'python'
[3.585s] Level 1:colcon.colcon_core.package_identification:_identify(.) by extensions ['python_setup_py']
[3.586s] Level 1:colcon.colcon_core.package_identification:_identify(.) by extension 'python_setup_py'
[3.588s] Level 1:colcon.colcon_core.package_identification:_identify(build) by extensions ['ignore', 'ignore_ament_install']
[3.591s] Level 1:colcon.colcon_core.package_identification:_identify(build) by extension 'ignore'
[3.593s] Level 1:colcon.colcon_core.package_identification:_identify(build) ignored
[3.596s] Level 1:colcon.colcon_core.package_identification:_identify(hexapod_ros) by extensions ['ignore', 'ignore_ament_install']
[3.599s] Level 1:colcon.colcon_core.package_identification:_identify(hexapod_ros) by extension 'ignore'
[3.601s] Level 1:colcon.colcon_core.package_identification:_identify(hexapod_ros) by extension 'ignore_ament_install'
[3.604s] Level 1:colcon.colcon_core.package_identification:_identify(hexapod_ros) by extensions ['colcon_pkg']
[3.605s] Level 1:colcon.colcon_core.package_identification:_identify(hexapod_ros) by extension 'colcon_pkg'
[3.607s] Level 1:colcon.colcon_core.package_identification:_identify(hexapod_ros) by extensions ['colcon_meta']
[3.609s] Level 1:colcon.colcon_core.package_identification:_identify(hexapod_ros) by extension 'colcon_meta'
[3.612s] Level 1:colcon.colcon_core.package_identification:_identify(hexapod_ros) by extensions ['ros']
[3.614s] Level 1:colcon.colcon_core.package_identification:_identify(hexapod_ros) by extension 'ros'
[3.667s] DEBUG:colcon.colcon_core.package_identification:Package 'hexapod_ros' with type 'ros.ament_python' and name 'hexapod_ros'
[3.670s] Level 1:colcon.colcon_core.package_identification:_identify(install) by extensions ['ignore', 'ignore_ament_install']
[3.675s] Level 1:colcon.colcon_core.package_identification:_identify(install) by extension 'ignore'
[3.677s] Level 1:colcon.colcon_core.package_identification:_identify(install) ignored
[3.680s] Level 1:colcon.colcon_core.package_identification:_identify(log) by extensions ['ignore', 'ignore_ament_install']
[3.683s] Level 1:colcon.colcon_core.package_identification:_identify(log) by extension 'ignore'
[3.684s] Level 1:colcon.colcon_core.package_identification:_identify(log) ignored
[3.685s] Level 1:colcon.colcon_core.package_discovery:discover_packages(recursive) using defaults
[3.685s] Level 1:colcon.colcon_core.package_discovery:discover_packages(ignore) discover
[3.686s] Level 1:colcon.colcon_core.package_discovery:discover_packages(ignore) using defaults
[3.686s] Level 1:colcon.colcon_core.package_discovery:discover_packages(path) discover
[3.687s] Level 1:colcon.colcon_core.package_discovery:discover_packages(path) using defaults
[3.885s] Level 1:colcon.colcon_core.package_discovery:discover_packages(prefix_path) check parameters
[3.886s] Level 1:colcon.colcon_core.package_discovery:discover_packages(prefix_path) discover
[3.897s] Level 1:colcon.colcon_core.package_discovery:discover_packages(prefix_path) using defaults
[3.909s] Level 5:colcon.colcon_core.verb:set package 'hexapod_ros' build argument 'cmake_args' from command line to 'None'
[3.910s] Level 5:colcon.colcon_core.verb:set package 'hexapod_ros' build argument 'cmake_target' from command line to 'None'
[3.912s] Level 5:colcon.colcon_core.verb:set package 'hexapod_ros' build argument 'cmake_target_skip_unavailable' from command line to 'False'
[3.913s] Level 5:colcon.colcon_core.verb:set package 'hexapod_ros' build argument 'cmake_clean_cache' from command line to 'False'
[3.913s] Level 5:colcon.colcon_core.verb:set package 'hexapod_ros' build argument 'cmake_clean_first' from command line to 'False'
[3.914s] Level 5:colcon.colcon_core.verb:set package 'hexapod_ros' build argument 'cmake_force_configure' from command line to 'False'
[3.914s] Level 5:colcon.colcon_core.verb:set package 'hexapod_ros' build argument 'ament_cmake_args' from command line to 'None'
[3.914s] Level 5:colcon.colcon_core.verb:set package 'hexapod_ros' build argument 'catkin_cmake_args' from command line to 'None'
[3.915s] Level 5:colcon.colcon_core.verb:set package 'hexapod_ros' build argument 'catkin_skip_building_tests' from command line to 'False'
[3.915s] DEBUG:colcon.colcon_core.verb:Building package 'hexapod_ros' with the following arguments: {'ament_cmake_args': None, 'build_base': '/home/spider/GWEN_V2/SpiderGwen/hexapod/hexapod_ros/build/hexapod_ros', 'catkin_cmake_args': None, 'catkin_skip_building_tests': False, 'cmake_args': None, 'cmake_clean_cache': False, 'cmake_clean_first': False, 'cmake_force_configure': False, 'cmake_target': None, 'cmake_target_skip_unavailable': False, 'install_base': '/home/spider/GWEN_V2/SpiderGwen/hexapod/hexapod_ros/install/hexapod_ros', 'merge_install': False, 'path': '/home/spider/GWEN_V2/SpiderGwen/hexapod/hexapod_ros/hexapod_ros', 'symlink_install': False, 'test_result_base': None}
[3.917s] INFO:colcon.colcon_core.executor:Executing jobs using 'parallel' executor
[3.924s] DEBUG:colcon.colcon_parallel_executor.executor.parallel:run_until_complete
[3.926s] INFO:colcon.colcon_ros.task.ament_python.build:Building ROS package in '/home/spider/GWEN_V2/SpiderGwen/hexapod/hexapod_ros/hexapod_ros' with build type 'ament_python'
[3.928s] Level 1:colcon.colcon_core.shell:create_environment_hook('hexapod_ros', 'ament_prefix_path')
[3.952s] INFO:colcon.colcon_core.plugin_system:Skipping extension 'colcon_core.shell.bat': Not used on non-Windows systems
[3.955s] INFO:colcon.colcon_core.shell:Creating environment hook '/home/spider/GWEN_V2/SpiderGwen/hexapod/hexapod_ros/install/hexapod_ros/share/hexapod_ros/hook/ament_prefix_path.ps1'
[3.962s] INFO:colcon.colcon_core.shell:Creating environment descriptor '/home/spider/GWEN_V2/SpiderGwen/hexapod/hexapod_ros/install/hexapod_ros/share/hexapod_ros/hook/ament_prefix_path.dsv'
[3.967s] INFO:colcon.colcon_core.shell:Creating environment hook '/home/spider/GWEN_V2/SpiderGwen/hexapod/hexapod_ros/install/hexapod_ros/share/hexapod_ros/hook/ament_prefix_path.sh'
[3.977s] INFO:colcon.colcon_core.shell:Skip shell extension 'powershell' for command environment: Not usable outside of PowerShell
[3.977s] DEBUG:colcon.colcon_core.shell:Skip shell extension 'dsv' for command environment
[6.931s] INFO:colcon.colcon_core.task.python.build:Building Python package in '/home/spider/GWEN_V2/SpiderGwen/hexapod/hexapod_ros/hexapod_ros'
[6.944s] INFO:colcon.colcon_core.shell:Skip shell extension 'powershell' for command environment: Not usable outside of PowerShell
[6.945s] DEBUG:colcon.colcon_core.shell:Skip shell extension 'dsv' for command environment
[10.888s] DEBUG:colcon.colcon_core.event_handler.log_command:Invoking command in '/home/spider/GWEN_V2/SpiderGwen/hexapod/hexapod_ros/hexapod_ros': PYTHONPATH=/home/spider/GWEN_V2/SpiderGwen/hexapod/hexapod_ros/build/hexapod_ros/prefix_override:/usr/lib/python3/dist-packages/colcon_core/task/python/colcon_distutils_commands:/home/spider/GWEN_V2/SpiderGwen/hexapod/hexapod_ros/install/hexapod_ros/lib/python3.10/site-packages: /usr/bin/python3 -W ignore:setup.py install is deprecated -W ignore:easy_install command is deprecated setup.py egg_info --egg-base ../build/hexapod_ros build --build-base /home/spider/GWEN_V2/SpiderGwen/hexapod/hexapod_ros/build/hexapod_ros/build install --record /home/spider/GWEN_V2/SpiderGwen/hexapod/hexapod_ros/build/hexapod_ros/install.log --single-version-externally-managed install_data
[14.401s] DEBUG:colcon.colcon_core.event_handler.log_command:Invoked command in '/home/spider/GWEN_V2/SpiderGwen/hexapod/hexapod_ros/hexapod_ros' returned '0': PYTHONPATH=/home/spider/GWEN_V2/SpiderGwen/hexapod/hexapod_ros/build/hexapod_ros/prefix_override:/usr/lib/python3/dist-packages/colcon_core/task/python/colcon_distutils_commands:/home/spider/GWEN_V2/SpiderGwen/hexapod/hexapod_ros/install/hexapod_ros/lib/python3.10/site-packages: /usr/bin/python3 -W ignore:setup.py install is deprecated -W ignore:easy_install command is deprecated setup.py egg_info --egg-base ../build/hexapod_ros build --build-base /home/spider/GWEN_V2/SpiderGwen/hexapod/hexapod_ros/build/hexapod_ros/build install --record /home/spider/GWEN_V2/SpiderGwen/hexapod/hexapod_ros/build/hexapod_ros/install.log --single-version-externally-managed install_data
[14.431s] Level 1:colcon.colcon_core.environment:checking '/home/spider/GWEN_V2/SpiderGwen/hexapod/hexapod_ros/install/hexapod_ros' for CMake module files
[14.439s] Level 1:colcon.colcon_core.environment:checking '/home/spider/GWEN_V2/SpiderGwen/hexapod/hexapod_ros/install/hexapod_ros' for CMake config files
[14.452s] Level 1:colcon.colcon_core.environment:checking '/home/spider/GWEN_V2/SpiderGwen/hexapod/hexapod_ros/install/hexapod_ros/lib'
[14.454s] Level 1:colcon.colcon_core.environment:checking '/home/spider/GWEN_V2/SpiderGwen/hexapod/hexapod_ros/install/hexapod_ros/bin'
[14.455s] Level 1:colcon.colcon_core.environment:checking '/home/spider/GWEN_V2/SpiderGwen/hexapod/hexapod_ros/install/hexapod_ros/lib/pkgconfig/hexapod_ros.pc'
[14.457s] Level 1:colcon.colcon_core.environment:checking '/home/spider/GWEN_V2/SpiderGwen/hexapod/hexapod_ros/install/hexapod_ros/lib/python3.10/site-packages'
[14.458s] Level 1:colcon.colcon_core.shell:create_environment_hook('hexapod_ros', 'pythonpath')
[14.460s] INFO:colcon.colcon_core.shell:Creating environment hook '/home/spider/GWEN_V2/SpiderGwen/hexapod/hexapod_ros/install/hexapod_ros/share/hexapod_ros/hook/pythonpath.ps1'
[14.466s] INFO:colcon.colcon_core.shell:Creating environment descriptor '/home/spider/GWEN_V2/SpiderGwen/hexapod/hexapod_ros/install/hexapod_ros/share/hexapod_ros/hook/pythonpath.dsv'
[14.471s] INFO:colcon.colcon_core.shell:Creating environment hook '/home/spider/GWEN_V2/SpiderGwen/hexapod/hexapod_ros/install/hexapod_ros/share/hexapod_ros/hook/pythonpath.sh'
[14.477s] Level 1:colcon.colcon_core.environment:checking '/home/spider/GWEN_V2/SpiderGwen/hexapod/hexapod_ros/install/hexapod_ros/bin'
[14.478s] Level 1:colcon.colcon_core.environment:create_environment_scripts_only(hexapod_ros)
[14.481s] INFO:colcon.colcon_core.shell:Creating package script '/home/spider/GWEN_V2/SpiderGwen/hexapod/hexapod_ros/install/hexapod_ros/share/hexapod_ros/package.ps1'
[14.491s] INFO:colcon.colcon_core.shell:Creating package descriptor '/home/spider/GWEN_V2/SpiderGwen/hexapod/hexapod_ros/install/hexapod_ros/share/hexapod_ros/package.dsv'
[14.498s] INFO:colcon.colcon_core.shell:Creating package script '/home/spider/GWEN_V2/SpiderGwen/hexapod/hexapod_ros/install/hexapod_ros/share/hexapod_ros/package.sh'
[14.507s] INFO:colcon.colcon_core.shell:Creating package script '/home/spider/GWEN_V2/SpiderGwen/hexapod/hexapod_ros/install/hexapod_ros/share/hexapod_ros/package.bash'
[14.515s] INFO:colcon.colcon_core.shell:Creating package script '/home/spider/GWEN_V2/SpiderGwen/hexapod/hexapod_ros/install/hexapod_ros/share/hexapod_ros/package.zsh'
[14.523s] Level 1:colcon.colcon_core.environment:create_file_with_runtime_dependencies(/home/spider/GWEN_V2/SpiderGwen/hexapod/hexapod_ros/install/hexapod_ros/share/colcon-core/packages/hexapod_ros)
[14.527s] DEBUG:colcon.colcon_parallel_executor.executor.parallel:closing loop
[14.530s] DEBUG:colcon.colcon_parallel_executor.executor.parallel:loop closed
[14.531s] DEBUG:colcon.colcon_parallel_executor.executor.parallel:run_until_complete finished with '0'
[14.532s] DEBUG:colcon.colcon_core.event_reactor:joining thread
[14.594s] INFO:colcon.colcon_core.plugin_system:Skipping extension 'colcon_notification.desktop_notification.terminal_notifier': Not used on non-Darwin systems
[14.595s] INFO:colcon.colcon_core.plugin_system:Skipping extension 'colcon_notification.desktop_notification.win32': Not used on non-Windows systems
[14.596s] INFO:colcon.colcon_notification.desktop_notification:Sending desktop notification using 'notify2'
[14.610s] DEBUG:colcon.colcon_notification.desktop_notification.notify2:Failed to initialize notify2: org.freedesktop.DBus.Error.ServiceUnknown: The name org.freedesktop.Notifications was not provided by any .service files
[14.611s] DEBUG:colcon.colcon_core.event_reactor:joined thread
[14.613s] INFO:colcon.colcon_core.shell:Creating prefix script '/home/spider/GWEN_V2/SpiderGwen/hexapod/hexapod_ros/install/local_setup.ps1'
[14.623s] INFO:colcon.colcon_core.shell:Creating prefix util module '/home/spider/GWEN_V2/SpiderGwen/hexapod/hexapod_ros/install/_local_setup_util_ps1.py'
[14.639s] INFO:colcon.colcon_core.shell:Creating prefix chain script '/home/spider/GWEN_V2/SpiderGwen/hexapod/hexapod_ros/install/setup.ps1'
[14.647s] INFO:colcon.colcon_core.shell:Creating prefix script '/home/spider/GWEN_V2/SpiderGwen/hexapod/hexapod_ros/install/local_setup.sh'
[14.654s] INFO:colcon.colcon_core.shell:Creating prefix util module '/home/spider/GWEN_V2/SpiderGwen/hexapod/hexapod_ros/install/_local_setup_util_sh.py'
[14.661s] INFO:colcon.colcon_core.shell:Creating prefix chain script '/home/spider/GWEN_V2/SpiderGwen/hexapod/hexapod_ros/install/setup.sh'
[14.671s] INFO:colcon.colcon_core.shell:Creating prefix script '/home/spider/GWEN_V2/SpiderGwen/hexapod/hexapod_ros/install/local_setup.bash'
[14.677s] INFO:colcon.colcon_core.shell:Creating prefix chain script '/home/spider/GWEN_V2/SpiderGwen/hexapod/hexapod_ros/install/setup.bash'
[14.686s] INFO:colcon.colcon_core.shell:Creating prefix script '/home/spider/GWEN_V2/SpiderGwen/hexapod/hexapod_ros/install/local_setup.zsh'
[14.692s] INFO:colcon.colcon_core.shell:Creating prefix chain script '/home/spider/GWEN_V2/SpiderGwen/hexapod/hexapod_ros/install/setup.zsh'
