[0.045s] Invoking command in '/home/spider/GWEN_V2/SpiderGwen/hexapod/hexapod_msgs/build/hexapod_msgs': /usr/bin/cmake /home/spider/GWEN_V2/SpiderGwen/hexapod/hexapod_msgs/src -DCMAKE_INSTALL_PREFIX=/home/spider/GWEN_V2/SpiderGwen/hexapod/hexapod_msgs/install/hexapod_msgs
[1.851s] -- The C compiler identification is GNU 11.4.0
[2.659s] -- The CXX compiler identification is GNU 11.4.0
[2.758s] -- Detecting C compiler ABI info
[3.153s] -- Detecting C compiler ABI info - done
[3.178s] -- Check for working C compiler: /usr/bin/cc - skipped
[3.180s] -- Detecting C compile features
[3.183s] -- Detecting C compile features - done
[3.199s] -- Detecting CXX compiler ABI info
[3.601s] -- Detecting CXX compiler ABI info - done
[3.630s] -- Check for working CXX compiler: /usr/bin/c++ - skipped
[3.631s] -- Detecting CXX compile features
[3.633s] -- Detecting CXX compile features - done
[3.671s] -- Found ament_cmake: 1.3.12 (/opt/ros/humble/share/ament_cmake/cmake)
[4.548s] -- Found Python3: /usr/bin/python3 (found version "3.10.12") found components: Interpreter 
[5.319s] -- Found std_msgs: 4.9.0 (/opt/ros/humble/share/std_msgs/cmake)
[5.722s] -- Found rosidl_generator_c: 3.1.7 (/opt/ros/humble/share/rosidl_generator_c/cmake)
[5.774s] -- Found rosidl_adapter: 3.1.7 (/opt/ros/humble/share/rosidl_adapter/cmake)
[5.854s] -- Found rosidl_generator_cpp: 3.1.7 (/opt/ros/humble/share/rosidl_generator_cpp/cmake)
[5.977s] -- Using all available rosidl_typesupport_c: rosidl_typesupport_fastrtps_c;rosidl_typesupport_introspection_c
[6.127s] -- Using all available rosidl_typesupport_cpp: rosidl_typesupport_fastrtps_cpp;rosidl_typesupport_introspection_cpp
[6.415s] -- Found sensor_msgs: 4.9.0 (/opt/ros/humble/share/sensor_msgs/cmake)
[6.749s] -- Found rosidl_default_generators: 1.2.0 (/opt/ros/humble/share/rosidl_default_generators/cmake)
[7.803s] Error parsing '/home/spider/GWEN_V2/SpiderGwen/hexapod/hexapod_msgs/src/package.xml':
[8.013s] Traceback (most recent call last):
[8.014s]   File "/opt/ros/humble/share/ament_cmake_core/cmake/core/package_xml_2_cmake.py", line 150, in <module>
[8.015s]     main()
[8.015s]   File "/opt/ros/humble/share/ament_cmake_core/cmake/core/package_xml_2_cmake.py", line 53, in main
[8.016s]     raise e
[8.016s]   File "/opt/ros/humble/share/ament_cmake_core/cmake/core/package_xml_2_cmake.py", line 49, in main
[8.017s]     package = parse_package_string(
[8.018s]   File "/usr/lib/python3/dist-packages/catkin_pkg/package.py", line 786, in parse_package_string
[8.022s]     raise InvalidPackage('Error(s):%s' % (''.join(['\n- %s' % e for e in errors])), filename)
[8.023s] catkin_pkg.package.InvalidPackage: Error(s) in package '/home/spider/GWEN_V2/SpiderGwen/hexapod/hexapod_msgs/src/package.xml':
[8.025s] Error(s):
[8.026s] - The generic dependency on 'rosidl_default_runtime' is redundant with: build_depend, build_export_depend, exec_depend
[8.111s] [31mCMake Error at /opt/ros/humble/share/ament_cmake_core/cmake/core/ament_package_xml.cmake:95 (message):
[8.112s]   execute_process(/usr/bin/python3
[8.112s]   /opt/ros/humble/share/ament_cmake_core/cmake/core/package_xml_2_cmake.py
[8.113s]   /home/spider/GWEN_V2/SpiderGwen/hexapod/hexapod_msgs/src/package.xml
[8.113s]   /home/spider/GWEN_V2/SpiderGwen/hexapod/hexapod_msgs/build/hexapod_msgs/ament_cmake_core/package.cmake)
[8.113s]   returned error code 1
[8.114s] Call Stack (most recent call first):
[8.114s]   /opt/ros/humble/share/ament_cmake_core/cmake/core/ament_package_xml.cmake:49 (_ament_package_xml)
[8.115s]   /opt/ros/humble/share/rosidl_cmake/cmake/rosidl_generate_interfaces.cmake:226 (ament_package_xml)
[8.115s]   CMakeLists.txt:10 (rosidl_generate_interfaces)
[8.115s] 
[8.116s] [0m
[8.116s] -- Configuring incomplete, errors occurred!
[8.117s] See also "/home/spider/GWEN_V2/SpiderGwen/hexapod/hexapod_msgs/build/hexapod_msgs/CMakeFiles/CMakeOutput.log".
[8.146s] Invoked command in '/home/spider/GWEN_V2/SpiderGwen/hexapod/hexapod_msgs/build/hexapod_msgs' returned '1': /usr/bin/cmake /home/spider/GWEN_V2/SpiderGwen/hexapod/hexapod_msgs/src -DCMAKE_INSTALL_PREFIX=/home/spider/GWEN_V2/SpiderGwen/hexapod/hexapod_msgs/install/hexapod_msgs
