-- Found ament_cmake: 1.3.12 (/opt/ros/humble/share/ament_cmake/cmake)
-- Found std_msgs: 4.9.0 (/opt/ros/humble/share/std_msgs/cmake)
-- Found rosidl_generator_c: 3.1.7 (/opt/ros/humble/share/rosidl_generator_c/cmake)
-- Found rosidl_adapter: 3.1.7 (/opt/ros/humble/share/rosidl_adapter/cmake)
-- Found rosidl_generator_cpp: 3.1.7 (/opt/ros/humble/share/rosidl_generator_cpp/cmake)
-- Using all available rosidl_typesupport_c: rosidl_typesupport_fastrtps_c;rosidl_typesupport_introspection_c
-- Using all available rosidl_typesupport_cpp: rosidl_typesupport_fastrtps_cpp;rosidl_typesupport_introspection_cpp
-- Found sensor_msgs: 4.9.0 (/opt/ros/humble/share/sensor_msgs/cmake)
-- Found rosidl_default_generators: 1.2.0 (/opt/ros/humble/share/rosidl_default_generators/cmake)
-- Found ament_cmake_ros: 0.10.0 (/opt/ros/humble/share/ament_cmake_ros/cmake)
-- Using all available rosidl_typesupport_c: rosidl_typesupport_fastrtps_c;rosidl_typesupport_introspection_c
-- Using all available rosidl_typesupport_cpp: rosidl_typesupport_fastrtps_cpp;rosidl_typesupport_introspection_cpp
-- Found PythonInterp: /usr/bin/python3 (found suitable version "3.10.12", minimum required is "3.6") 
-- Found python_cmake_module: 0.10.0 (/opt/ros/humble/share/python_cmake_module/cmake)
-- Found PythonLibs: /usr/lib/aarch64-linux-gnu/libpython3.10.so (found suitable version "3.10.12", minimum required is "3.5") 
-- Using PYTHON_EXECUTABLE: /usr/bin/python3
-- Using PYTHON_INCLUDE_DIRS: /usr/include/python3.10
-- Using PYTHON_LIBRARIES: /usr/lib/aarch64-linux-gnu/libpython3.10.so
-- Found PythonExtra: .so  
-- Configuring done
-- Generating done
-- Build files have been written to: /home/spider/GWEN_V2/SpiderGwen/hexapod/hexapod_msgs/build/hexapod_msgs
[  2%] [34m[1mGenerating C code for ROS interfaces[0m
[  5%] [34m[1mGenerating C++ code for ROS interfaces[0m
[  5%] Built target ament_cmake_python_copy_hexapod_msgs
running egg_info
creating hexapod_msgs.egg-info
writing hexapod_msgs.egg-info/PKG-INFO
writing dependency_links to hexapod_msgs.egg-info/dependency_links.txt
writing top-level names to hexapod_msgs.egg-info/top_level.txt
writing manifest file 'hexapod_msgs.egg-info/SOURCES.txt'
reading manifest file 'hexapod_msgs.egg-info/SOURCES.txt'
writing manifest file 'hexapod_msgs.egg-info/SOURCES.txt'
[  5%] Built target hexapod_msgs__cpp
[  7%] [34m[1mGenerating C++ type support dispatch for ROS interfaces[0m
[ 10%] [34m[1mGenerating C++ type support for eProsima Fast-RTPS[0m
[ 12%] [32mBuilding C object CMakeFiles/hexapod_msgs__rosidl_generator_c.dir/rosidl_generator_c/hexapod_msgs/msg/detail/servo_target__functions.c.o[0m
[ 12%] Built target ament_cmake_python_build_hexapod_msgs_egg
[ 15%] [34m[1mGenerating C++ introspection for ROS interfaces[0m
[ 17%] [32mBuilding C object CMakeFiles/hexapod_msgs__rosidl_generator_c.dir/rosidl_generator_c/hexapod_msgs/msg/detail/servo_target_array__functions.c.o[0m
[ 20%] [32m[1mLinking C shared library libhexapod_msgs__rosidl_generator_c.so[0m
[ 20%] Built target hexapod_msgs__rosidl_generator_c
[ 23%] [32mBuilding CXX object CMakeFiles/hexapod_msgs__rosidl_typesupport_cpp.dir/rosidl_typesupport_cpp/hexapod_msgs/msg/servo_target__type_support.cpp.o[0m
[ 25%] [34m[1mGenerating C type support for eProsima Fast-RTPS[0m
[ 28%] [32mBuilding CXX object CMakeFiles/hexapod_msgs__rosidl_typesupport_fastrtps_cpp.dir/rosidl_typesupport_fastrtps_cpp/hexapod_msgs/msg/detail/dds_fastrtps/servo_target__type_support.cpp.o[0m
[ 30%] [32mBuilding CXX object CMakeFiles/hexapod_msgs__rosidl_typesupport_introspection_cpp.dir/rosidl_typesupport_introspection_cpp/hexapod_msgs/msg/detail/servo_target__type_support.cpp.o[0m
[ 33%] [32mBuilding CXX object CMakeFiles/hexapod_msgs__rosidl_typesupport_fastrtps_c.dir/rosidl_typesupport_fastrtps_c/hexapod_msgs/msg/detail/servo_target__type_support_c.cpp.o[0m
[ 35%] [32mBuilding CXX object CMakeFiles/hexapod_msgs__rosidl_typesupport_cpp.dir/rosidl_typesupport_cpp/hexapod_msgs/msg/servo_target_array__type_support.cpp.o[0m
[ 38%] [32mBuilding CXX object CMakeFiles/hexapod_msgs__rosidl_typesupport_fastrtps_cpp.dir/rosidl_typesupport_fastrtps_cpp/hexapod_msgs/msg/detail/dds_fastrtps/servo_target_array__type_support.cpp.o[0m
[ 41%] [32mBuilding CXX object CMakeFiles/hexapod_msgs__rosidl_typesupport_introspection_cpp.dir/rosidl_typesupport_introspection_cpp/hexapod_msgs/msg/detail/servo_target_array__type_support.cpp.o[0m
[ 43%] [32m[1mLinking CXX shared library libhexapod_msgs__rosidl_typesupport_cpp.so[0m
[ 43%] Built target hexapod_msgs__rosidl_typesupport_cpp
[ 46%] [34m[1mGenerating C introspection for ROS interfaces[0m
[ 48%] [32mBuilding CXX object CMakeFiles/hexapod_msgs__rosidl_typesupport_fastrtps_c.dir/rosidl_typesupport_fastrtps_c/hexapod_msgs/msg/detail/servo_target_array__type_support_c.cpp.o[0m
[ 51%] [32m[1mLinking CXX shared library libhexapod_msgs__rosidl_typesupport_fastrtps_cpp.so[0m
[ 53%] [32mBuilding C object CMakeFiles/hexapod_msgs__rosidl_typesupport_introspection_c.dir/rosidl_typesupport_introspection_c/hexapod_msgs/msg/detail/servo_target__type_support.c.o[0m
[ 53%] Built target hexapod_msgs__rosidl_typesupport_fastrtps_cpp
[ 56%] [34m[1mGenerating C type support dispatch for ROS interfaces[0m
[ 58%] [32mBuilding C object CMakeFiles/hexapod_msgs__rosidl_typesupport_introspection_c.dir/rosidl_typesupport_introspection_c/hexapod_msgs/msg/detail/servo_target_array__type_support.c.o[0m
[ 61%] [32m[1mLinking CXX shared library libhexapod_msgs__rosidl_typesupport_introspection_cpp.so[0m
[ 64%] [32m[1mLinking C shared library libhexapod_msgs__rosidl_typesupport_introspection_c.so[0m
[ 64%] Built target hexapod_msgs__rosidl_typesupport_introspection_c
[ 64%] Built target hexapod_msgs__rosidl_typesupport_introspection_cpp
[ 66%] [32mBuilding CXX object CMakeFiles/hexapod_msgs__rosidl_typesupport_c.dir/rosidl_typesupport_c/hexapod_msgs/msg/servo_target__type_support.cpp.o[0m
[ 69%] [32mBuilding CXX object CMakeFiles/hexapod_msgs__rosidl_typesupport_c.dir/rosidl_typesupport_c/hexapod_msgs/msg/servo_target_array__type_support.cpp.o[0m
[ 71%] [32m[1mLinking CXX shared library libhexapod_msgs__rosidl_typesupport_c.so[0m
[ 74%] [32m[1mLinking CXX shared library libhexapod_msgs__rosidl_typesupport_fastrtps_c.so[0m
[ 74%] Built target hexapod_msgs__rosidl_typesupport_c
[ 74%] Built target hexapod_msgs__rosidl_typesupport_fastrtps_c
[ 74%] Built target hexapod_msgs
[ 76%] [34m[1mGenerating Python code for ROS interfaces[0m
[ 76%] Built target hexapod_msgs__py
[ 79%] [32mBuilding C object CMakeFiles/hexapod_msgs__rosidl_generator_py.dir/rosidl_generator_py/hexapod_msgs/msg/_servo_target_array_s.c.o[0m
[ 82%] [32mBuilding C object CMakeFiles/hexapod_msgs__rosidl_generator_py.dir/rosidl_generator_py/hexapod_msgs/msg/_servo_target_s.c.o[0m
[ 84%] [32m[1mLinking C shared library rosidl_generator_py/hexapod_msgs/libhexapod_msgs__rosidl_generator_py.so[0m
[ 84%] Built target hexapod_msgs__rosidl_generator_py
[ 87%] [32mBuilding C object CMakeFiles/hexapod_msgs__rosidl_typesupport_fastrtps_c__pyext.dir/rosidl_generator_py/hexapod_msgs/_hexapod_msgs_s.ep.rosidl_typesupport_fastrtps_c.c.o[0m
[ 89%] [32mBuilding C object CMakeFiles/hexapod_msgs__rosidl_typesupport_introspection_c__pyext.dir/rosidl_generator_py/hexapod_msgs/_hexapod_msgs_s.ep.rosidl_typesupport_introspection_c.c.o[0m
[ 92%] [32mBuilding C object CMakeFiles/hexapod_msgs__rosidl_typesupport_c__pyext.dir/rosidl_generator_py/hexapod_msgs/_hexapod_msgs_s.ep.rosidl_typesupport_c.c.o[0m
[ 94%] [32m[1mLinking C shared library rosidl_generator_py/hexapod_msgs/hexapod_msgs_s__rosidl_typesupport_fastrtps_c.cpython-310-aarch64-linux-gnu.so[0m
[ 97%] [32m[1mLinking C shared library rosidl_generator_py/hexapod_msgs/hexapod_msgs_s__rosidl_typesupport_c.cpython-310-aarch64-linux-gnu.so[0m
[100%] [32m[1mLinking C shared library rosidl_generator_py/hexapod_msgs/hexapod_msgs_s__rosidl_typesupport_introspection_c.cpython-310-aarch64-linux-gnu.so[0m
[100%] Built target hexapod_msgs__rosidl_typesupport_fastrtps_c__pyext
[100%] Built target hexapod_msgs__rosidl_typesupport_c__pyext
[100%] Built target hexapod_msgs__rosidl_typesupport_introspection_c__pyext
-- Install configuration: ""
-- Installing: /home/spider/GWEN_V2/SpiderGwen/hexapod/hexapod_msgs/install/hexapod_msgs/share/ament_index/resource_index/rosidl_interfaces/hexapod_msgs
-- Installing: /home/spider/GWEN_V2/SpiderGwen/hexapod/hexapod_msgs/install/hexapod_msgs/include/hexapod_msgs/hexapod_msgs
-- Installing: /home/spider/GWEN_V2/SpiderGwen/hexapod/hexapod_msgs/install/hexapod_msgs/include/hexapod_msgs/hexapod_msgs/msg
-- Installing: /home/spider/GWEN_V2/SpiderGwen/hexapod/hexapod_msgs/install/hexapod_msgs/include/hexapod_msgs/hexapod_msgs/msg/detail
-- Installing: /home/spider/GWEN_V2/SpiderGwen/hexapod/hexapod_msgs/install/hexapod_msgs/include/hexapod_msgs/hexapod_msgs/msg/detail/servo_target__functions.c
-- Installing: /home/spider/GWEN_V2/SpiderGwen/hexapod/hexapod_msgs/install/hexapod_msgs/include/hexapod_msgs/hexapod_msgs/msg/detail/servo_target_array__struct.h
-- Installing: /home/spider/GWEN_V2/SpiderGwen/hexapod/hexapod_msgs/install/hexapod_msgs/include/hexapod_msgs/hexapod_msgs/msg/detail/servo_target_array__functions.c
-- Installing: /home/spider/GWEN_V2/SpiderGwen/hexapod/hexapod_msgs/install/hexapod_msgs/include/hexapod_msgs/hexapod_msgs/msg/detail/servo_target__functions.h
-- Installing: /home/spider/GWEN_V2/SpiderGwen/hexapod/hexapod_msgs/install/hexapod_msgs/include/hexapod_msgs/hexapod_msgs/msg/detail/servo_target_array__type_support.h
-- Installing: /home/spider/GWEN_V2/SpiderGwen/hexapod/hexapod_msgs/install/hexapod_msgs/include/hexapod_msgs/hexapod_msgs/msg/detail/servo_target__type_support.h
-- Installing: /home/spider/GWEN_V2/SpiderGwen/hexapod/hexapod_msgs/install/hexapod_msgs/include/hexapod_msgs/hexapod_msgs/msg/detail/servo_target__struct.h
-- Installing: /home/spider/GWEN_V2/SpiderGwen/hexapod/hexapod_msgs/install/hexapod_msgs/include/hexapod_msgs/hexapod_msgs/msg/detail/servo_target_array__functions.h
-- Installing: /home/spider/GWEN_V2/SpiderGwen/hexapod/hexapod_msgs/install/hexapod_msgs/include/hexapod_msgs/hexapod_msgs/msg/servo_target_array.h
-- Installing: /home/spider/GWEN_V2/SpiderGwen/hexapod/hexapod_msgs/install/hexapod_msgs/include/hexapod_msgs/hexapod_msgs/msg/servo_target.h
-- Installing: /home/spider/GWEN_V2/SpiderGwen/hexapod/hexapod_msgs/install/hexapod_msgs/include/hexapod_msgs/hexapod_msgs/msg/rosidl_generator_c__visibility_control.h
-- Installing: /home/spider/GWEN_V2/SpiderGwen/hexapod/hexapod_msgs/install/hexapod_msgs/share/hexapod_msgs/environment/library_path.sh
-- Installing: /home/spider/GWEN_V2/SpiderGwen/hexapod/hexapod_msgs/install/hexapod_msgs/share/hexapod_msgs/environment/library_path.dsv
-- Installing: /home/spider/GWEN_V2/SpiderGwen/hexapod/hexapod_msgs/install/hexapod_msgs/lib/libhexapod_msgs__rosidl_generator_c.so
-- Set runtime path of "/home/spider/GWEN_V2/SpiderGwen/hexapod/hexapod_msgs/install/hexapod_msgs/lib/libhexapod_msgs__rosidl_generator_c.so" to ""
-- Up-to-date: /home/spider/GWEN_V2/SpiderGwen/hexapod/hexapod_msgs/install/hexapod_msgs/include/hexapod_msgs/hexapod_msgs
-- Up-to-date: /home/spider/GWEN_V2/SpiderGwen/hexapod/hexapod_msgs/install/hexapod_msgs/include/hexapod_msgs/hexapod_msgs/msg
-- Up-to-date: /home/spider/GWEN_V2/SpiderGwen/hexapod/hexapod_msgs/install/hexapod_msgs/include/hexapod_msgs/hexapod_msgs/msg/detail
-- Installing: /home/spider/GWEN_V2/SpiderGwen/hexapod/hexapod_msgs/install/hexapod_msgs/include/hexapod_msgs/hexapod_msgs/msg/detail/servo_target__rosidl_typesupport_fastrtps_c.h
-- Installing: /home/spider/GWEN_V2/SpiderGwen/hexapod/hexapod_msgs/install/hexapod_msgs/include/hexapod_msgs/hexapod_msgs/msg/detail/servo_target_array__rosidl_typesupport_fastrtps_c.h
-- Installing: /home/spider/GWEN_V2/SpiderGwen/hexapod/hexapod_msgs/install/hexapod_msgs/include/hexapod_msgs/hexapod_msgs/msg/rosidl_typesupport_fastrtps_c__visibility_control.h
-- Installing: /home/spider/GWEN_V2/SpiderGwen/hexapod/hexapod_msgs/install/hexapod_msgs/lib/libhexapod_msgs__rosidl_typesupport_fastrtps_c.so
-- Set runtime path of "/home/spider/GWEN_V2/SpiderGwen/hexapod/hexapod_msgs/install/hexapod_msgs/lib/libhexapod_msgs__rosidl_typesupport_fastrtps_c.so" to ""
-- Up-to-date: /home/spider/GWEN_V2/SpiderGwen/hexapod/hexapod_msgs/install/hexapod_msgs/include/hexapod_msgs/hexapod_msgs
-- Up-to-date: /home/spider/GWEN_V2/SpiderGwen/hexapod/hexapod_msgs/install/hexapod_msgs/include/hexapod_msgs/hexapod_msgs/msg
-- Up-to-date: /home/spider/GWEN_V2/SpiderGwen/hexapod/hexapod_msgs/install/hexapod_msgs/include/hexapod_msgs/hexapod_msgs/msg/detail
-- Installing: /home/spider/GWEN_V2/SpiderGwen/hexapod/hexapod_msgs/install/hexapod_msgs/include/hexapod_msgs/hexapod_msgs/msg/detail/servo_target__builder.hpp
-- Installing: /home/spider/GWEN_V2/SpiderGwen/hexapod/hexapod_msgs/install/hexapod_msgs/include/hexapod_msgs/hexapod_msgs/msg/detail/servo_target__type_support.hpp
-- Installing: /home/spider/GWEN_V2/SpiderGwen/hexapod/hexapod_msgs/install/hexapod_msgs/include/hexapod_msgs/hexapod_msgs/msg/detail/servo_target_array__type_support.hpp
-- Installing: /home/spider/GWEN_V2/SpiderGwen/hexapod/hexapod_msgs/install/hexapod_msgs/include/hexapod_msgs/hexapod_msgs/msg/detail/servo_target_array__struct.hpp
-- Installing: /home/spider/GWEN_V2/SpiderGwen/hexapod/hexapod_msgs/install/hexapod_msgs/include/hexapod_msgs/hexapod_msgs/msg/detail/servo_target__traits.hpp
-- Installing: /home/spider/GWEN_V2/SpiderGwen/hexapod/hexapod_msgs/install/hexapod_msgs/include/hexapod_msgs/hexapod_msgs/msg/detail/servo_target_array__builder.hpp
-- Installing: /home/spider/GWEN_V2/SpiderGwen/hexapod/hexapod_msgs/install/hexapod_msgs/include/hexapod_msgs/hexapod_msgs/msg/detail/servo_target_array__traits.hpp
-- Installing: /home/spider/GWEN_V2/SpiderGwen/hexapod/hexapod_msgs/install/hexapod_msgs/include/hexapod_msgs/hexapod_msgs/msg/detail/servo_target__struct.hpp
-- Installing: /home/spider/GWEN_V2/SpiderGwen/hexapod/hexapod_msgs/install/hexapod_msgs/include/hexapod_msgs/hexapod_msgs/msg/rosidl_generator_cpp__visibility_control.hpp
-- Installing: /home/spider/GWEN_V2/SpiderGwen/hexapod/hexapod_msgs/install/hexapod_msgs/include/hexapod_msgs/hexapod_msgs/msg/servo_target.hpp
-- Installing: /home/spider/GWEN_V2/SpiderGwen/hexapod/hexapod_msgs/install/hexapod_msgs/include/hexapod_msgs/hexapod_msgs/msg/servo_target_array.hpp
-- Up-to-date: /home/spider/GWEN_V2/SpiderGwen/hexapod/hexapod_msgs/install/hexapod_msgs/include/hexapod_msgs/hexapod_msgs
-- Up-to-date: /home/spider/GWEN_V2/SpiderGwen/hexapod/hexapod_msgs/install/hexapod_msgs/include/hexapod_msgs/hexapod_msgs/msg
-- Up-to-date: /home/spider/GWEN_V2/SpiderGwen/hexapod/hexapod_msgs/install/hexapod_msgs/include/hexapod_msgs/hexapod_msgs/msg/detail
-- Installing: /home/spider/GWEN_V2/SpiderGwen/hexapod/hexapod_msgs/install/hexapod_msgs/include/hexapod_msgs/hexapod_msgs/msg/detail/servo_target__rosidl_typesupport_fastrtps_cpp.hpp
-- Installing: /home/spider/GWEN_V2/SpiderGwen/hexapod/hexapod_msgs/install/hexapod_msgs/include/hexapod_msgs/hexapod_msgs/msg/detail/dds_fastrtps
-- Installing: /home/spider/GWEN_V2/SpiderGwen/hexapod/hexapod_msgs/install/hexapod_msgs/include/hexapod_msgs/hexapod_msgs/msg/detail/servo_target_array__rosidl_typesupport_fastrtps_cpp.hpp
-- Installing: /home/spider/GWEN_V2/SpiderGwen/hexapod/hexapod_msgs/install/hexapod_msgs/include/hexapod_msgs/hexapod_msgs/msg/rosidl_typesupport_fastrtps_cpp__visibility_control.h
-- Installing: /home/spider/GWEN_V2/SpiderGwen/hexapod/hexapod_msgs/install/hexapod_msgs/lib/libhexapod_msgs__rosidl_typesupport_fastrtps_cpp.so
-- Set runtime path of "/home/spider/GWEN_V2/SpiderGwen/hexapod/hexapod_msgs/install/hexapod_msgs/lib/libhexapod_msgs__rosidl_typesupport_fastrtps_cpp.so" to ""
-- Up-to-date: /home/spider/GWEN_V2/SpiderGwen/hexapod/hexapod_msgs/install/hexapod_msgs/include/hexapod_msgs/hexapod_msgs
-- Up-to-date: /home/spider/GWEN_V2/SpiderGwen/hexapod/hexapod_msgs/install/hexapod_msgs/include/hexapod_msgs/hexapod_msgs/msg
-- Up-to-date: /home/spider/GWEN_V2/SpiderGwen/hexapod/hexapod_msgs/install/hexapod_msgs/include/hexapod_msgs/hexapod_msgs/msg/detail
-- Installing: /home/spider/GWEN_V2/SpiderGwen/hexapod/hexapod_msgs/install/hexapod_msgs/include/hexapod_msgs/hexapod_msgs/msg/detail/servo_target_array__rosidl_typesupport_introspection_c.h
-- Installing: /home/spider/GWEN_V2/SpiderGwen/hexapod/hexapod_msgs/install/hexapod_msgs/include/hexapod_msgs/hexapod_msgs/msg/detail/servo_target_array__type_support.c
-- Installing: /home/spider/GWEN_V2/SpiderGwen/hexapod/hexapod_msgs/install/hexapod_msgs/include/hexapod_msgs/hexapod_msgs/msg/detail/servo_target__rosidl_typesupport_introspection_c.h
-- Installing: /home/spider/GWEN_V2/SpiderGwen/hexapod/hexapod_msgs/install/hexapod_msgs/include/hexapod_msgs/hexapod_msgs/msg/detail/servo_target__type_support.c
-- Installing: /home/spider/GWEN_V2/SpiderGwen/hexapod/hexapod_msgs/install/hexapod_msgs/include/hexapod_msgs/hexapod_msgs/msg/rosidl_typesupport_introspection_c__visibility_control.h
-- Installing: /home/spider/GWEN_V2/SpiderGwen/hexapod/hexapod_msgs/install/hexapod_msgs/lib/libhexapod_msgs__rosidl_typesupport_introspection_c.so
-- Set runtime path of "/home/spider/GWEN_V2/SpiderGwen/hexapod/hexapod_msgs/install/hexapod_msgs/lib/libhexapod_msgs__rosidl_typesupport_introspection_c.so" to ""
-- Installing: /home/spider/GWEN_V2/SpiderGwen/hexapod/hexapod_msgs/install/hexapod_msgs/lib/libhexapod_msgs__rosidl_typesupport_c.so
-- Set runtime path of "/home/spider/GWEN_V2/SpiderGwen/hexapod/hexapod_msgs/install/hexapod_msgs/lib/libhexapod_msgs__rosidl_typesupport_c.so" to ""
-- Up-to-date: /home/spider/GWEN_V2/SpiderGwen/hexapod/hexapod_msgs/install/hexapod_msgs/include/hexapod_msgs/hexapod_msgs
-- Up-to-date: /home/spider/GWEN_V2/SpiderGwen/hexapod/hexapod_msgs/install/hexapod_msgs/include/hexapod_msgs/hexapod_msgs/msg
-- Up-to-date: /home/spider/GWEN_V2/SpiderGwen/hexapod/hexapod_msgs/install/hexapod_msgs/include/hexapod_msgs/hexapod_msgs/msg/detail
-- Installing: /home/spider/GWEN_V2/SpiderGwen/hexapod/hexapod_msgs/install/hexapod_msgs/include/hexapod_msgs/hexapod_msgs/msg/detail/servo_target_array__type_support.cpp
-- Installing: /home/spider/GWEN_V2/SpiderGwen/hexapod/hexapod_msgs/install/hexapod_msgs/include/hexapod_msgs/hexapod_msgs/msg/detail/servo_target_array__rosidl_typesupport_introspection_cpp.hpp
-- Installing: /home/spider/GWEN_V2/SpiderGwen/hexapod/hexapod_msgs/install/hexapod_msgs/include/hexapod_msgs/hexapod_msgs/msg/detail/servo_target__rosidl_typesupport_introspection_cpp.hpp
-- Installing: /home/spider/GWEN_V2/SpiderGwen/hexapod/hexapod_msgs/install/hexapod_msgs/include/hexapod_msgs/hexapod_msgs/msg/detail/servo_target__type_support.cpp
-- Installing: /home/spider/GWEN_V2/SpiderGwen/hexapod/hexapod_msgs/install/hexapod_msgs/lib/libhexapod_msgs__rosidl_typesupport_introspection_cpp.so
-- Set runtime path of "/home/spider/GWEN_V2/SpiderGwen/hexapod/hexapod_msgs/install/hexapod_msgs/lib/libhexapod_msgs__rosidl_typesupport_introspection_cpp.so" to ""
-- Installing: /home/spider/GWEN_V2/SpiderGwen/hexapod/hexapod_msgs/install/hexapod_msgs/lib/libhexapod_msgs__rosidl_typesupport_cpp.so
-- Set runtime path of "/home/spider/GWEN_V2/SpiderGwen/hexapod/hexapod_msgs/install/hexapod_msgs/lib/libhexapod_msgs__rosidl_typesupport_cpp.so" to ""
-- Installing: /home/spider/GWEN_V2/SpiderGwen/hexapod/hexapod_msgs/install/hexapod_msgs/share/hexapod_msgs/environment/pythonpath.sh
-- Installing: /home/spider/GWEN_V2/SpiderGwen/hexapod/hexapod_msgs/install/hexapod_msgs/share/hexapod_msgs/environment/pythonpath.dsv
-- Installing: /home/spider/GWEN_V2/SpiderGwen/hexapod/hexapod_msgs/install/hexapod_msgs/local/lib/python3.10/dist-packages/hexapod_msgs-0.0.0-py3.10.egg-info
-- Installing: /home/spider/GWEN_V2/SpiderGwen/hexapod/hexapod_msgs/install/hexapod_msgs/local/lib/python3.10/dist-packages/hexapod_msgs-0.0.0-py3.10.egg-info/dependency_links.txt
-- Installing: /home/spider/GWEN_V2/SpiderGwen/hexapod/hexapod_msgs/install/hexapod_msgs/local/lib/python3.10/dist-packages/hexapod_msgs-0.0.0-py3.10.egg-info/top_level.txt
-- Installing: /home/spider/GWEN_V2/SpiderGwen/hexapod/hexapod_msgs/install/hexapod_msgs/local/lib/python3.10/dist-packages/hexapod_msgs-0.0.0-py3.10.egg-info/SOURCES.txt
-- Installing: /home/spider/GWEN_V2/SpiderGwen/hexapod/hexapod_msgs/install/hexapod_msgs/local/lib/python3.10/dist-packages/hexapod_msgs-0.0.0-py3.10.egg-info/PKG-INFO
-- Installing: /home/spider/GWEN_V2/SpiderGwen/hexapod/hexapod_msgs/install/hexapod_msgs/local/lib/python3.10/dist-packages/hexapod_msgs
-- Installing: /home/spider/GWEN_V2/SpiderGwen/hexapod/hexapod_msgs/install/hexapod_msgs/local/lib/python3.10/dist-packages/hexapod_msgs/hexapod_msgs_s__rosidl_typesupport_introspection_c.cpython-310-aarch64-linux-gnu.so
-- Installing: /home/spider/GWEN_V2/SpiderGwen/hexapod/hexapod_msgs/install/hexapod_msgs/local/lib/python3.10/dist-packages/hexapod_msgs/hexapod_msgs_s__rosidl_typesupport_fastrtps_c.cpython-310-aarch64-linux-gnu.so
-- Installing: /home/spider/GWEN_V2/SpiderGwen/hexapod/hexapod_msgs/install/hexapod_msgs/local/lib/python3.10/dist-packages/hexapod_msgs/_hexapod_msgs_s.ep.rosidl_typesupport_introspection_c.c
-- Installing: /home/spider/GWEN_V2/SpiderGwen/hexapod/hexapod_msgs/install/hexapod_msgs/local/lib/python3.10/dist-packages/hexapod_msgs/_hexapod_msgs_s.ep.rosidl_typesupport_fastrtps_c.c
-- Installing: /home/spider/GWEN_V2/SpiderGwen/hexapod/hexapod_msgs/install/hexapod_msgs/local/lib/python3.10/dist-packages/hexapod_msgs/libhexapod_msgs__rosidl_generator_py.so
-- Installing: /home/spider/GWEN_V2/SpiderGwen/hexapod/hexapod_msgs/install/hexapod_msgs/local/lib/python3.10/dist-packages/hexapod_msgs/hexapod_msgs_s__rosidl_typesupport_c.cpython-310-aarch64-linux-gnu.so
-- Installing: /home/spider/GWEN_V2/SpiderGwen/hexapod/hexapod_msgs/install/hexapod_msgs/local/lib/python3.10/dist-packages/hexapod_msgs/msg
-- Installing: /home/spider/GWEN_V2/SpiderGwen/hexapod/hexapod_msgs/install/hexapod_msgs/local/lib/python3.10/dist-packages/hexapod_msgs/msg/_servo_target_s.c
-- Installing: /home/spider/GWEN_V2/SpiderGwen/hexapod/hexapod_msgs/install/hexapod_msgs/local/lib/python3.10/dist-packages/hexapod_msgs/msg/_servo_target.py
-- Installing: /home/spider/GWEN_V2/SpiderGwen/hexapod/hexapod_msgs/install/hexapod_msgs/local/lib/python3.10/dist-packages/hexapod_msgs/msg/_servo_target_array_s.c
-- Installing: /home/spider/GWEN_V2/SpiderGwen/hexapod/hexapod_msgs/install/hexapod_msgs/local/lib/python3.10/dist-packages/hexapod_msgs/msg/_servo_target_array.py
-- Installing: /home/spider/GWEN_V2/SpiderGwen/hexapod/hexapod_msgs/install/hexapod_msgs/local/lib/python3.10/dist-packages/hexapod_msgs/msg/__init__.py
-- Installing: /home/spider/GWEN_V2/SpiderGwen/hexapod/hexapod_msgs/install/hexapod_msgs/local/lib/python3.10/dist-packages/hexapod_msgs/__init__.py
-- Installing: /home/spider/GWEN_V2/SpiderGwen/hexapod/hexapod_msgs/install/hexapod_msgs/local/lib/python3.10/dist-packages/hexapod_msgs/_hexapod_msgs_s.ep.rosidl_typesupport_c.c
Listing '/home/spider/GWEN_V2/SpiderGwen/hexapod/hexapod_msgs/install/hexapod_msgs/local/lib/python3.10/dist-packages/hexapod_msgs'...
Compiling '/home/spider/GWEN_V2/SpiderGwen/hexapod/hexapod_msgs/install/hexapod_msgs/local/lib/python3.10/dist-packages/hexapod_msgs/__init__.py'...
Listing '/home/spider/GWEN_V2/SpiderGwen/hexapod/hexapod_msgs/install/hexapod_msgs/local/lib/python3.10/dist-packages/hexapod_msgs/msg'...
Compiling '/home/spider/GWEN_V2/SpiderGwen/hexapod/hexapod_msgs/install/hexapod_msgs/local/lib/python3.10/dist-packages/hexapod_msgs/msg/__init__.py'...
Compiling '/home/spider/GWEN_V2/SpiderGwen/hexapod/hexapod_msgs/install/hexapod_msgs/local/lib/python3.10/dist-packages/hexapod_msgs/msg/_servo_target.py'...
Compiling '/home/spider/GWEN_V2/SpiderGwen/hexapod/hexapod_msgs/install/hexapod_msgs/local/lib/python3.10/dist-packages/hexapod_msgs/msg/_servo_target_array.py'...
-- Installing: /home/spider/GWEN_V2/SpiderGwen/hexapod/hexapod_msgs/install/hexapod_msgs/local/lib/python3.10/dist-packages/hexapod_msgs/hexapod_msgs_s__rosidl_typesupport_fastrtps_c.cpython-310-aarch64-linux-gnu.so
-- Set runtime path of "/home/spider/GWEN_V2/SpiderGwen/hexapod/hexapod_msgs/install/hexapod_msgs/local/lib/python3.10/dist-packages/hexapod_msgs/hexapod_msgs_s__rosidl_typesupport_fastrtps_c.cpython-310-aarch64-linux-gnu.so" to ""
-- Installing: /home/spider/GWEN_V2/SpiderGwen/hexapod/hexapod_msgs/install/hexapod_msgs/local/lib/python3.10/dist-packages/hexapod_msgs/hexapod_msgs_s__rosidl_typesupport_introspection_c.cpython-310-aarch64-linux-gnu.so
-- Set runtime path of "/home/spider/GWEN_V2/SpiderGwen/hexapod/hexapod_msgs/install/hexapod_msgs/local/lib/python3.10/dist-packages/hexapod_msgs/hexapod_msgs_s__rosidl_typesupport_introspection_c.cpython-310-aarch64-linux-gnu.so" to ""
-- Installing: /home/spider/GWEN_V2/SpiderGwen/hexapod/hexapod_msgs/install/hexapod_msgs/local/lib/python3.10/dist-packages/hexapod_msgs/hexapod_msgs_s__rosidl_typesupport_c.cpython-310-aarch64-linux-gnu.so
-- Set runtime path of "/home/spider/GWEN_V2/SpiderGwen/hexapod/hexapod_msgs/install/hexapod_msgs/local/lib/python3.10/dist-packages/hexapod_msgs/hexapod_msgs_s__rosidl_typesupport_c.cpython-310-aarch64-linux-gnu.so" to ""
-- Installing: /home/spider/GWEN_V2/SpiderGwen/hexapod/hexapod_msgs/install/hexapod_msgs/lib/libhexapod_msgs__rosidl_generator_py.so
-- Set runtime path of "/home/spider/GWEN_V2/SpiderGwen/hexapod/hexapod_msgs/install/hexapod_msgs/lib/libhexapod_msgs__rosidl_generator_py.so" to ""
-- Installing: /home/spider/GWEN_V2/SpiderGwen/hexapod/hexapod_msgs/install/hexapod_msgs/share/hexapod_msgs/msg/ServoTarget.idl
-- Installing: /home/spider/GWEN_V2/SpiderGwen/hexapod/hexapod_msgs/install/hexapod_msgs/share/hexapod_msgs/msg/ServoTargetArray.idl
-- Installing: /home/spider/GWEN_V2/SpiderGwen/hexapod/hexapod_msgs/install/hexapod_msgs/share/hexapod_msgs/msg/ServoTarget.msg
-- Installing: /home/spider/GWEN_V2/SpiderGwen/hexapod/hexapod_msgs/install/hexapod_msgs/share/hexapod_msgs/msg/ServoTargetArray.msg
-- Installing: /home/spider/GWEN_V2/SpiderGwen/hexapod/hexapod_msgs/install/hexapod_msgs/share/ament_index/resource_index/package_run_dependencies/hexapod_msgs
-- Installing: /home/spider/GWEN_V2/SpiderGwen/hexapod/hexapod_msgs/install/hexapod_msgs/share/ament_index/resource_index/parent_prefix_path/hexapod_msgs
-- Installing: /home/spider/GWEN_V2/SpiderGwen/hexapod/hexapod_msgs/install/hexapod_msgs/share/hexapod_msgs/environment/ament_prefix_path.sh
-- Installing: /home/spider/GWEN_V2/SpiderGwen/hexapod/hexapod_msgs/install/hexapod_msgs/share/hexapod_msgs/environment/ament_prefix_path.dsv
-- Installing: /home/spider/GWEN_V2/SpiderGwen/hexapod/hexapod_msgs/install/hexapod_msgs/share/hexapod_msgs/environment/path.sh
-- Installing: /home/spider/GWEN_V2/SpiderGwen/hexapod/hexapod_msgs/install/hexapod_msgs/share/hexapod_msgs/environment/path.dsv
-- Installing: /home/spider/GWEN_V2/SpiderGwen/hexapod/hexapod_msgs/install/hexapod_msgs/share/hexapod_msgs/local_setup.bash
-- Installing: /home/spider/GWEN_V2/SpiderGwen/hexapod/hexapod_msgs/install/hexapod_msgs/share/hexapod_msgs/local_setup.sh
-- Installing: /home/spider/GWEN_V2/SpiderGwen/hexapod/hexapod_msgs/install/hexapod_msgs/share/hexapod_msgs/local_setup.zsh
-- Installing: /home/spider/GWEN_V2/SpiderGwen/hexapod/hexapod_msgs/install/hexapod_msgs/share/hexapod_msgs/local_setup.dsv
-- Installing: /home/spider/GWEN_V2/SpiderGwen/hexapod/hexapod_msgs/install/hexapod_msgs/share/hexapod_msgs/package.dsv
-- Installing: /home/spider/GWEN_V2/SpiderGwen/hexapod/hexapod_msgs/install/hexapod_msgs/share/ament_index/resource_index/packages/hexapod_msgs
-- Installing: /home/spider/GWEN_V2/SpiderGwen/hexapod/hexapod_msgs/install/hexapod_msgs/share/hexapod_msgs/cmake/export_hexapod_msgs__rosidl_generator_cExport.cmake
-- Installing: /home/spider/GWEN_V2/SpiderGwen/hexapod/hexapod_msgs/install/hexapod_msgs/share/hexapod_msgs/cmake/export_hexapod_msgs__rosidl_generator_cExport-noconfig.cmake
-- Installing: /home/spider/GWEN_V2/SpiderGwen/hexapod/hexapod_msgs/install/hexapod_msgs/share/hexapod_msgs/cmake/export_hexapod_msgs__rosidl_typesupport_fastrtps_cExport.cmake
-- Installing: /home/spider/GWEN_V2/SpiderGwen/hexapod/hexapod_msgs/install/hexapod_msgs/share/hexapod_msgs/cmake/export_hexapod_msgs__rosidl_typesupport_fastrtps_cExport-noconfig.cmake
-- Installing: /home/spider/GWEN_V2/SpiderGwen/hexapod/hexapod_msgs/install/hexapod_msgs/share/hexapod_msgs/cmake/export_hexapod_msgs__rosidl_generator_cppExport.cmake
-- Installing: /home/spider/GWEN_V2/SpiderGwen/hexapod/hexapod_msgs/install/hexapod_msgs/share/hexapod_msgs/cmake/export_hexapod_msgs__rosidl_typesupport_fastrtps_cppExport.cmake
-- Installing: /home/spider/GWEN_V2/SpiderGwen/hexapod/hexapod_msgs/install/hexapod_msgs/share/hexapod_msgs/cmake/export_hexapod_msgs__rosidl_typesupport_fastrtps_cppExport-noconfig.cmake
-- Installing: /home/spider/GWEN_V2/SpiderGwen/hexapod/hexapod_msgs/install/hexapod_msgs/share/hexapod_msgs/cmake/hexapod_msgs__rosidl_typesupport_introspection_cExport.cmake
-- Installing: /home/spider/GWEN_V2/SpiderGwen/hexapod/hexapod_msgs/install/hexapod_msgs/share/hexapod_msgs/cmake/hexapod_msgs__rosidl_typesupport_introspection_cExport-noconfig.cmake
-- Installing: /home/spider/GWEN_V2/SpiderGwen/hexapod/hexapod_msgs/install/hexapod_msgs/share/hexapod_msgs/cmake/hexapod_msgs__rosidl_typesupport_cExport.cmake
-- Installing: /home/spider/GWEN_V2/SpiderGwen/hexapod/hexapod_msgs/install/hexapod_msgs/share/hexapod_msgs/cmake/hexapod_msgs__rosidl_typesupport_cExport-noconfig.cmake
-- Installing: /home/spider/GWEN_V2/SpiderGwen/hexapod/hexapod_msgs/install/hexapod_msgs/share/hexapod_msgs/cmake/hexapod_msgs__rosidl_typesupport_introspection_cppExport.cmake
-- Installing: /home/spider/GWEN_V2/SpiderGwen/hexapod/hexapod_msgs/install/hexapod_msgs/share/hexapod_msgs/cmake/hexapod_msgs__rosidl_typesupport_introspection_cppExport-noconfig.cmake
-- Installing: /home/spider/GWEN_V2/SpiderGwen/hexapod/hexapod_msgs/install/hexapod_msgs/share/hexapod_msgs/cmake/hexapod_msgs__rosidl_typesupport_cppExport.cmake
-- Installing: /home/spider/GWEN_V2/SpiderGwen/hexapod/hexapod_msgs/install/hexapod_msgs/share/hexapod_msgs/cmake/hexapod_msgs__rosidl_typesupport_cppExport-noconfig.cmake
-- Installing: /home/spider/GWEN_V2/SpiderGwen/hexapod/hexapod_msgs/install/hexapod_msgs/share/hexapod_msgs/cmake/export_hexapod_msgs__rosidl_generator_pyExport.cmake
-- Installing: /home/spider/GWEN_V2/SpiderGwen/hexapod/hexapod_msgs/install/hexapod_msgs/share/hexapod_msgs/cmake/export_hexapod_msgs__rosidl_generator_pyExport-noconfig.cmake
-- Installing: /home/spider/GWEN_V2/SpiderGwen/hexapod/hexapod_msgs/install/hexapod_msgs/share/hexapod_msgs/cmake/rosidl_cmake-extras.cmake
-- Installing: /home/spider/GWEN_V2/SpiderGwen/hexapod/hexapod_msgs/install/hexapod_msgs/share/hexapod_msgs/cmake/ament_cmake_export_dependencies-extras.cmake
-- Installing: /home/spider/GWEN_V2/SpiderGwen/hexapod/hexapod_msgs/install/hexapod_msgs/share/hexapod_msgs/cmake/ament_cmake_export_include_directories-extras.cmake
-- Installing: /home/spider/GWEN_V2/SpiderGwen/hexapod/hexapod_msgs/install/hexapod_msgs/share/hexapod_msgs/cmake/ament_cmake_export_libraries-extras.cmake
-- Installing: /home/spider/GWEN_V2/SpiderGwen/hexapod/hexapod_msgs/install/hexapod_msgs/share/hexapod_msgs/cmake/ament_cmake_export_targets-extras.cmake
-- Installing: /home/spider/GWEN_V2/SpiderGwen/hexapod/hexapod_msgs/install/hexapod_msgs/share/hexapod_msgs/cmake/rosidl_cmake_export_typesupport_targets-extras.cmake
-- Installing: /home/spider/GWEN_V2/SpiderGwen/hexapod/hexapod_msgs/install/hexapod_msgs/share/hexapod_msgs/cmake/rosidl_cmake_export_typesupport_libraries-extras.cmake
-- Installing: /home/spider/GWEN_V2/SpiderGwen/hexapod/hexapod_msgs/install/hexapod_msgs/share/hexapod_msgs/cmake/hexapod_msgsConfig.cmake
-- Installing: /home/spider/GWEN_V2/SpiderGwen/hexapod/hexapod_msgs/install/hexapod_msgs/share/hexapod_msgs/cmake/hexapod_msgsConfig-version.cmake
-- Installing: /home/spider/GWEN_V2/SpiderGwen/hexapod/hexapod_msgs/install/hexapod_msgs/share/hexapod_msgs/package.xml
