[0.045s] Invoking command in '/home/spider/GWEN_V2/SpiderGwen/hexapod/hexapod_msgs/build/hexapod_msgs': CMAKE_PREFIX_PATH=/opt/ros/humble:/home/spider/GWEN_V2/SpiderGwen/hexapod_ros/install/hexapod_ros /usr/bin/cmake /home/spider/GWEN_V2/SpiderGwen/hexapod/hexapod_msgs/src -DCMAKE_INSTALL_PREFIX=/home/spider/GWEN_V2/SpiderGwen/hexapod/hexapod_msgs/install/hexapod_msgs
[0.099s] -- Found ament_cmake: 1.3.12 (/opt/ros/humble/share/ament_cmake/cmake)
[0.775s] -- Found std_msgs: 4.9.0 (/opt/ros/humble/share/std_msgs/cmake)
[0.968s] -- Found rosidl_generator_c: 3.1.7 (/opt/ros/humble/share/rosidl_generator_c/cmake)
[0.991s] -- Found rosidl_adapter: 3.1.7 (/opt/ros/humble/share/rosidl_adapter/cmake)
[1.026s] -- Found rosidl_generator_cpp: 3.1.7 (/opt/ros/humble/share/rosidl_generator_cpp/cmake)
[1.094s] -- Using all available rosidl_typesupport_c: rosidl_typesupport_fastrtps_c;rosidl_typesupport_introspection_c
[1.166s] -- Using all available rosidl_typesupport_cpp: rosidl_typesupport_fastrtps_cpp;rosidl_typesupport_introspection_cpp
[1.285s] -- Found sensor_msgs: 4.9.0 (/opt/ros/humble/share/sensor_msgs/cmake)
[1.403s] -- Found rosidl_default_generators: 1.2.0 (/opt/ros/humble/share/rosidl_default_generators/cmake)
[3.044s] -- Found ament_cmake_ros: 0.10.0 (/opt/ros/humble/share/ament_cmake_ros/cmake)
[5.671s] -- Using all available rosidl_typesupport_c: rosidl_typesupport_fastrtps_c;rosidl_typesupport_introspection_c
[6.624s] -- Using all available rosidl_typesupport_cpp: rosidl_typesupport_fastrtps_cpp;rosidl_typesupport_introspection_cpp
[6.748s] -- Found PythonInterp: /usr/bin/python3 (found suitable version "3.10.12", minimum required is "3.6") 
[6.769s] -- Found python_cmake_module: 0.10.0 (/opt/ros/humble/share/python_cmake_module/cmake)
[6.924s] -- Found PythonLibs: /usr/lib/aarch64-linux-gnu/libpython3.10.so (found suitable version "3.10.12", minimum required is "3.5") 
[6.925s] -- Using PYTHON_EXECUTABLE: /usr/bin/python3
[6.925s] -- Using PYTHON_INCLUDE_DIRS: /usr/include/python3.10
[6.926s] -- Using PYTHON_LIBRARIES: /usr/lib/aarch64-linux-gnu/libpython3.10.so
[7.044s] -- Found PythonExtra: .so  
[7.481s] -- Configuring done
[7.706s] -- Generating done
[7.766s] -- Build files have been written to: /home/spider/GWEN_V2/SpiderGwen/hexapod/hexapod_msgs/build/hexapod_msgs
[7.820s] Invoked command in '/home/spider/GWEN_V2/SpiderGwen/hexapod/hexapod_msgs/build/hexapod_msgs' returned '0': CMAKE_PREFIX_PATH=/opt/ros/humble:/home/spider/GWEN_V2/SpiderGwen/hexapod_ros/install/hexapod_ros /usr/bin/cmake /home/spider/GWEN_V2/SpiderGwen/hexapod/hexapod_msgs/src -DCMAKE_INSTALL_PREFIX=/home/spider/GWEN_V2/SpiderGwen/hexapod/hexapod_msgs/install/hexapod_msgs
[7.825s] Invoking command in '/home/spider/GWEN_V2/SpiderGwen/hexapod/hexapod_msgs/build/hexapod_msgs': CMAKE_PREFIX_PATH=/opt/ros/humble:/home/spider/GWEN_V2/SpiderGwen/hexapod_ros/install/hexapod_ros /usr/bin/cmake --build /home/spider/GWEN_V2/SpiderGwen/hexapod/hexapod_msgs/build/hexapod_msgs -- -j4 -l4
[8.032s] [  2%] [34m[1mGenerating C code for ROS interfaces[0m
[8.142s] [  5%] [34m[1mGenerating C++ code for ROS interfaces[0m
[8.153s] [  5%] Built target ament_cmake_python_copy_hexapod_msgs
[10.422s] running egg_info
[10.437s] creating hexapod_msgs.egg-info
[10.440s] writing hexapod_msgs.egg-info/PKG-INFO
[10.445s] writing dependency_links to hexapod_msgs.egg-info/dependency_links.txt
[10.450s] writing top-level names to hexapod_msgs.egg-info/top_level.txt
[10.453s] writing manifest file 'hexapod_msgs.egg-info/SOURCES.txt'
[10.457s] reading manifest file 'hexapod_msgs.egg-info/SOURCES.txt'
[10.462s] writing manifest file 'hexapod_msgs.egg-info/SOURCES.txt'
[10.498s] [  5%] Built target hexapod_msgs__cpp
[10.579s] [  7%] [34m[1mGenerating C++ type support dispatch for ROS interfaces[0m
[10.611s] [ 10%] [34m[1mGenerating C++ type support for eProsima Fast-RTPS[0m
[10.622s] [ 12%] [32mBuilding C object CMakeFiles/hexapod_msgs__rosidl_generator_c.dir/rosidl_generator_c/hexapod_msgs/msg/detail/servo_target__functions.c.o[0m
[10.675s] [ 12%] Built target ament_cmake_python_build_hexapod_msgs_egg
[10.787s] [ 15%] [34m[1mGenerating C++ introspection for ROS interfaces[0m
[11.604s] [ 17%] [32mBuilding C object CMakeFiles/hexapod_msgs__rosidl_generator_c.dir/rosidl_generator_c/hexapod_msgs/msg/detail/servo_target_array__functions.c.o[0m
[12.105s] [ 20%] [32m[1mLinking C shared library libhexapod_msgs__rosidl_generator_c.so[0m
[12.628s] [ 20%] Built target hexapod_msgs__rosidl_generator_c
[12.797s] [ 23%] [32mBuilding CXX object CMakeFiles/hexapod_msgs__rosidl_typesupport_cpp.dir/rosidl_typesupport_cpp/hexapod_msgs/msg/servo_target__type_support.cpp.o[0m
[12.822s] [ 25%] [34m[1mGenerating C type support for eProsima Fast-RTPS[0m
[13.037s] [ 28%] [32mBuilding CXX object CMakeFiles/hexapod_msgs__rosidl_typesupport_fastrtps_cpp.dir/rosidl_typesupport_fastrtps_cpp/hexapod_msgs/msg/detail/dds_fastrtps/servo_target__type_support.cpp.o[0m
[13.499s] [ 30%] [32mBuilding CXX object CMakeFiles/hexapod_msgs__rosidl_typesupport_introspection_cpp.dir/rosidl_typesupport_introspection_cpp/hexapod_msgs/msg/detail/servo_target__type_support.cpp.o[0m
[15.449s] [ 33%] [32mBuilding CXX object CMakeFiles/hexapod_msgs__rosidl_typesupport_fastrtps_c.dir/rosidl_typesupport_fastrtps_c/hexapod_msgs/msg/detail/servo_target__type_support_c.cpp.o[0m
[16.137s] [ 35%] [32mBuilding CXX object CMakeFiles/hexapod_msgs__rosidl_typesupport_cpp.dir/rosidl_typesupport_cpp/hexapod_msgs/msg/servo_target_array__type_support.cpp.o[0m
[17.778s] [ 38%] [32mBuilding CXX object CMakeFiles/hexapod_msgs__rosidl_typesupport_fastrtps_cpp.dir/rosidl_typesupport_fastrtps_cpp/hexapod_msgs/msg/detail/dds_fastrtps/servo_target_array__type_support.cpp.o[0m
[18.130s] [ 41%] [32mBuilding CXX object CMakeFiles/hexapod_msgs__rosidl_typesupport_introspection_cpp.dir/rosidl_typesupport_introspection_cpp/hexapod_msgs/msg/detail/servo_target_array__type_support.cpp.o[0m
[18.249s] [ 43%] [32m[1mLinking CXX shared library libhexapod_msgs__rosidl_typesupport_cpp.so[0m
[18.697s] [ 43%] Built target hexapod_msgs__rosidl_typesupport_cpp
[18.781s] [ 46%] [34m[1mGenerating C introspection for ROS interfaces[0m
[19.539s] [ 48%] [32mBuilding CXX object CMakeFiles/hexapod_msgs__rosidl_typesupport_fastrtps_c.dir/rosidl_typesupport_fastrtps_c/hexapod_msgs/msg/detail/servo_target_array__type_support_c.cpp.o[0m
[21.335s] [ 51%] [32m[1mLinking CXX shared library libhexapod_msgs__rosidl_typesupport_fastrtps_cpp.so[0m
[21.725s] [ 53%] [32mBuilding C object CMakeFiles/hexapod_msgs__rosidl_typesupport_introspection_c.dir/rosidl_typesupport_introspection_c/hexapod_msgs/msg/detail/servo_target__type_support.c.o[0m
[21.827s] [ 53%] Built target hexapod_msgs__rosidl_typesupport_fastrtps_cpp
[21.879s] [ 56%] [34m[1mGenerating C type support dispatch for ROS interfaces[0m
[21.962s] [ 58%] [32mBuilding C object CMakeFiles/hexapod_msgs__rosidl_typesupport_introspection_c.dir/rosidl_typesupport_introspection_c/hexapod_msgs/msg/detail/servo_target_array__type_support.c.o[0m
[22.133s] [ 61%] [32m[1mLinking CXX shared library libhexapod_msgs__rosidl_typesupport_introspection_cpp.so[0m
[22.317s] [ 64%] [32m[1mLinking C shared library libhexapod_msgs__rosidl_typesupport_introspection_c.so[0m
[22.631s] [ 64%] Built target hexapod_msgs__rosidl_typesupport_introspection_c
[22.753s] [ 64%] Built target hexapod_msgs__rosidl_typesupport_introspection_cpp
[23.391s] [ 66%] [32mBuilding CXX object CMakeFiles/hexapod_msgs__rosidl_typesupport_c.dir/rosidl_typesupport_c/hexapod_msgs/msg/servo_target__type_support.cpp.o[0m
[23.393s] [ 69%] [32mBuilding CXX object CMakeFiles/hexapod_msgs__rosidl_typesupport_c.dir/rosidl_typesupport_c/hexapod_msgs/msg/servo_target_array__type_support.cpp.o[0m
[23.635s] [ 71%] [32m[1mLinking CXX shared library libhexapod_msgs__rosidl_typesupport_c.so[0m
[23.722s] [ 74%] [32m[1mLinking CXX shared library libhexapod_msgs__rosidl_typesupport_fastrtps_c.so[0m
[23.887s] [ 74%] Built target hexapod_msgs__rosidl_typesupport_c
[24.142s] [ 74%] Built target hexapod_msgs__rosidl_typesupport_fastrtps_c
[24.240s] [ 74%] Built target hexapod_msgs
[24.348s] [ 76%] [34m[1mGenerating Python code for ROS interfaces[0m
[26.188s] [ 76%] Built target hexapod_msgs__py
[26.297s] [ 79%] [32mBuilding C object CMakeFiles/hexapod_msgs__rosidl_generator_py.dir/rosidl_generator_py/hexapod_msgs/msg/_servo_target_array_s.c.o[0m
[26.297s] [ 82%] [32mBuilding C object CMakeFiles/hexapod_msgs__rosidl_generator_py.dir/rosidl_generator_py/hexapod_msgs/msg/_servo_target_s.c.o[0m
[27.029s] [ 84%] [32m[1mLinking C shared library rosidl_generator_py/hexapod_msgs/libhexapod_msgs__rosidl_generator_py.so[0m
[27.278s] [ 84%] Built target hexapod_msgs__rosidl_generator_py
[27.400s] [ 87%] [32mBuilding C object CMakeFiles/hexapod_msgs__rosidl_typesupport_fastrtps_c__pyext.dir/rosidl_generator_py/hexapod_msgs/_hexapod_msgs_s.ep.rosidl_typesupport_fastrtps_c.c.o[0m
[27.523s] [ 89%] [32mBuilding C object CMakeFiles/hexapod_msgs__rosidl_typesupport_introspection_c__pyext.dir/rosidl_generator_py/hexapod_msgs/_hexapod_msgs_s.ep.rosidl_typesupport_introspection_c.c.o[0m
[27.532s] [ 92%] [32mBuilding C object CMakeFiles/hexapod_msgs__rosidl_typesupport_c__pyext.dir/rosidl_generator_py/hexapod_msgs/_hexapod_msgs_s.ep.rosidl_typesupport_c.c.o[0m
[28.233s] [ 94%] [32m[1mLinking C shared library rosidl_generator_py/hexapod_msgs/hexapod_msgs_s__rosidl_typesupport_fastrtps_c.cpython-310-aarch64-linux-gnu.so[0m
[28.256s] [ 97%] [32m[1mLinking C shared library rosidl_generator_py/hexapod_msgs/hexapod_msgs_s__rosidl_typesupport_c.cpython-310-aarch64-linux-gnu.so[0m
[28.278s] [100%] [32m[1mLinking C shared library rosidl_generator_py/hexapod_msgs/hexapod_msgs_s__rosidl_typesupport_introspection_c.cpython-310-aarch64-linux-gnu.so[0m
[28.665s] [100%] Built target hexapod_msgs__rosidl_typesupport_fastrtps_c__pyext
[28.700s] [100%] Built target hexapod_msgs__rosidl_typesupport_c__pyext
[28.701s] [100%] Built target hexapod_msgs__rosidl_typesupport_introspection_c__pyext
[28.746s] Invoked command in '/home/spider/GWEN_V2/SpiderGwen/hexapod/hexapod_msgs/build/hexapod_msgs' returned '0': CMAKE_PREFIX_PATH=/opt/ros/humble:/home/spider/GWEN_V2/SpiderGwen/hexapod_ros/install/hexapod_ros /usr/bin/cmake --build /home/spider/GWEN_V2/SpiderGwen/hexapod/hexapod_msgs/build/hexapod_msgs -- -j4 -l4
[28.788s] Invoking command in '/home/spider/GWEN_V2/SpiderGwen/hexapod/hexapod_msgs/build/hexapod_msgs': CMAKE_PREFIX_PATH=/opt/ros/humble:/home/spider/GWEN_V2/SpiderGwen/hexapod_ros/install/hexapod_ros /usr/bin/cmake --install /home/spider/GWEN_V2/SpiderGwen/hexapod/hexapod_msgs/build/hexapod_msgs
[28.820s] -- Install configuration: ""
[28.822s] -- Installing: /home/spider/GWEN_V2/SpiderGwen/hexapod/hexapod_msgs/install/hexapod_msgs/share/ament_index/resource_index/rosidl_interfaces/hexapod_msgs
[28.825s] -- Installing: /home/spider/GWEN_V2/SpiderGwen/hexapod/hexapod_msgs/install/hexapod_msgs/include/hexapod_msgs/hexapod_msgs
[28.827s] -- Installing: /home/spider/GWEN_V2/SpiderGwen/hexapod/hexapod_msgs/install/hexapod_msgs/include/hexapod_msgs/hexapod_msgs/msg
[28.829s] -- Installing: /home/spider/GWEN_V2/SpiderGwen/hexapod/hexapod_msgs/install/hexapod_msgs/include/hexapod_msgs/hexapod_msgs/msg/detail
[28.832s] -- Installing: /home/spider/GWEN_V2/SpiderGwen/hexapod/hexapod_msgs/install/hexapod_msgs/include/hexapod_msgs/hexapod_msgs/msg/detail/servo_target__functions.c
[28.834s] -- Installing: /home/spider/GWEN_V2/SpiderGwen/hexapod/hexapod_msgs/install/hexapod_msgs/include/hexapod_msgs/hexapod_msgs/msg/detail/servo_target_array__struct.h
[28.837s] -- Installing: /home/spider/GWEN_V2/SpiderGwen/hexapod/hexapod_msgs/install/hexapod_msgs/include/hexapod_msgs/hexapod_msgs/msg/detail/servo_target_array__functions.c
[28.839s] -- Installing: /home/spider/GWEN_V2/SpiderGwen/hexapod/hexapod_msgs/install/hexapod_msgs/include/hexapod_msgs/hexapod_msgs/msg/detail/servo_target__functions.h
[28.841s] -- Installing: /home/spider/GWEN_V2/SpiderGwen/hexapod/hexapod_msgs/install/hexapod_msgs/include/hexapod_msgs/hexapod_msgs/msg/detail/servo_target_array__type_support.h
[28.845s] -- Installing: /home/spider/GWEN_V2/SpiderGwen/hexapod/hexapod_msgs/install/hexapod_msgs/include/hexapod_msgs/hexapod_msgs/msg/detail/servo_target__type_support.h
[28.849s] -- Installing: /home/spider/GWEN_V2/SpiderGwen/hexapod/hexapod_msgs/install/hexapod_msgs/include/hexapod_msgs/hexapod_msgs/msg/detail/servo_target__struct.h
[28.851s] -- Installing: /home/spider/GWEN_V2/SpiderGwen/hexapod/hexapod_msgs/install/hexapod_msgs/include/hexapod_msgs/hexapod_msgs/msg/detail/servo_target_array__functions.h
[28.853s] -- Installing: /home/spider/GWEN_V2/SpiderGwen/hexapod/hexapod_msgs/install/hexapod_msgs/include/hexapod_msgs/hexapod_msgs/msg/servo_target_array.h
[28.853s] -- Installing: /home/spider/GWEN_V2/SpiderGwen/hexapod/hexapod_msgs/install/hexapod_msgs/include/hexapod_msgs/hexapod_msgs/msg/servo_target.h
[28.854s] -- Installing: /home/spider/GWEN_V2/SpiderGwen/hexapod/hexapod_msgs/install/hexapod_msgs/include/hexapod_msgs/hexapod_msgs/msg/rosidl_generator_c__visibility_control.h
[28.854s] -- Installing: /home/spider/GWEN_V2/SpiderGwen/hexapod/hexapod_msgs/install/hexapod_msgs/share/hexapod_msgs/environment/library_path.sh
[28.855s] -- Installing: /home/spider/GWEN_V2/SpiderGwen/hexapod/hexapod_msgs/install/hexapod_msgs/share/hexapod_msgs/environment/library_path.dsv
[28.855s] -- Installing: /home/spider/GWEN_V2/SpiderGwen/hexapod/hexapod_msgs/install/hexapod_msgs/lib/libhexapod_msgs__rosidl_generator_c.so
[28.856s] -- Set runtime path of "/home/spider/GWEN_V2/SpiderGwen/hexapod/hexapod_msgs/install/hexapod_msgs/lib/libhexapod_msgs__rosidl_generator_c.so" to ""
[28.856s] -- Up-to-date: /home/spider/GWEN_V2/SpiderGwen/hexapod/hexapod_msgs/install/hexapod_msgs/include/hexapod_msgs/hexapod_msgs
[28.857s] -- Up-to-date: /home/spider/GWEN_V2/SpiderGwen/hexapod/hexapod_msgs/install/hexapod_msgs/include/hexapod_msgs/hexapod_msgs/msg
[28.857s] -- Up-to-date: /home/spider/GWEN_V2/SpiderGwen/hexapod/hexapod_msgs/install/hexapod_msgs/include/hexapod_msgs/hexapod_msgs/msg/detail
[28.857s] -- Installing: /home/spider/GWEN_V2/SpiderGwen/hexapod/hexapod_msgs/install/hexapod_msgs/include/hexapod_msgs/hexapod_msgs/msg/detail/servo_target__rosidl_typesupport_fastrtps_c.h
[28.858s] -- Installing: /home/spider/GWEN_V2/SpiderGwen/hexapod/hexapod_msgs/install/hexapod_msgs/include/hexapod_msgs/hexapod_msgs/msg/detail/servo_target_array__rosidl_typesupport_fastrtps_c.h
[28.858s] -- Installing: /home/spider/GWEN_V2/SpiderGwen/hexapod/hexapod_msgs/install/hexapod_msgs/include/hexapod_msgs/hexapod_msgs/msg/rosidl_typesupport_fastrtps_c__visibility_control.h
[28.858s] -- Installing: /home/spider/GWEN_V2/SpiderGwen/hexapod/hexapod_msgs/install/hexapod_msgs/lib/libhexapod_msgs__rosidl_typesupport_fastrtps_c.so
[28.859s] -- Set runtime path of "/home/spider/GWEN_V2/SpiderGwen/hexapod/hexapod_msgs/install/hexapod_msgs/lib/libhexapod_msgs__rosidl_typesupport_fastrtps_c.so" to ""
[28.859s] -- Up-to-date: /home/spider/GWEN_V2/SpiderGwen/hexapod/hexapod_msgs/install/hexapod_msgs/include/hexapod_msgs/hexapod_msgs
[28.860s] -- Up-to-date: /home/spider/GWEN_V2/SpiderGwen/hexapod/hexapod_msgs/install/hexapod_msgs/include/hexapod_msgs/hexapod_msgs/msg
[28.860s] -- Up-to-date: /home/spider/GWEN_V2/SpiderGwen/hexapod/hexapod_msgs/install/hexapod_msgs/include/hexapod_msgs/hexapod_msgs/msg/detail
[28.860s] -- Installing: /home/spider/GWEN_V2/SpiderGwen/hexapod/hexapod_msgs/install/hexapod_msgs/include/hexapod_msgs/hexapod_msgs/msg/detail/servo_target__builder.hpp
[28.862s] -- Installing: /home/spider/GWEN_V2/SpiderGwen/hexapod/hexapod_msgs/install/hexapod_msgs/include/hexapod_msgs/hexapod_msgs/msg/detail/servo_target__type_support.hpp
[28.863s] -- Installing: /home/spider/GWEN_V2/SpiderGwen/hexapod/hexapod_msgs/install/hexapod_msgs/include/hexapod_msgs/hexapod_msgs/msg/detail/servo_target_array__type_support.hpp
[28.864s] -- Installing: /home/spider/GWEN_V2/SpiderGwen/hexapod/hexapod_msgs/install/hexapod_msgs/include/hexapod_msgs/hexapod_msgs/msg/detail/servo_target_array__struct.hpp
[28.866s] -- Installing: /home/spider/GWEN_V2/SpiderGwen/hexapod/hexapod_msgs/install/hexapod_msgs/include/hexapod_msgs/hexapod_msgs/msg/detail/servo_target__traits.hpp
[28.867s] -- Installing: /home/spider/GWEN_V2/SpiderGwen/hexapod/hexapod_msgs/install/hexapod_msgs/include/hexapod_msgs/hexapod_msgs/msg/detail/servo_target_array__builder.hpp
[28.868s] -- Installing: /home/spider/GWEN_V2/SpiderGwen/hexapod/hexapod_msgs/install/hexapod_msgs/include/hexapod_msgs/hexapod_msgs/msg/detail/servo_target_array__traits.hpp
[28.873s] -- Installing: /home/spider/GWEN_V2/SpiderGwen/hexapod/hexapod_msgs/install/hexapod_msgs/include/hexapod_msgs/hexapod_msgs/msg/detail/servo_target__struct.hpp
[28.874s] -- Installing: /home/spider/GWEN_V2/SpiderGwen/hexapod/hexapod_msgs/install/hexapod_msgs/include/hexapod_msgs/hexapod_msgs/msg/rosidl_generator_cpp__visibility_control.hpp
[28.874s] -- Installing: /home/spider/GWEN_V2/SpiderGwen/hexapod/hexapod_msgs/install/hexapod_msgs/include/hexapod_msgs/hexapod_msgs/msg/servo_target.hpp
[28.879s] -- Installing: /home/spider/GWEN_V2/SpiderGwen/hexapod/hexapod_msgs/install/hexapod_msgs/include/hexapod_msgs/hexapod_msgs/msg/servo_target_array.hpp
[28.880s] -- Up-to-date: /home/spider/GWEN_V2/SpiderGwen/hexapod/hexapod_msgs/install/hexapod_msgs/include/hexapod_msgs/hexapod_msgs
[28.880s] -- Up-to-date: /home/spider/GWEN_V2/SpiderGwen/hexapod/hexapod_msgs/install/hexapod_msgs/include/hexapod_msgs/hexapod_msgs/msg
[28.881s] -- Up-to-date: /home/spider/GWEN_V2/SpiderGwen/hexapod/hexapod_msgs/install/hexapod_msgs/include/hexapod_msgs/hexapod_msgs/msg/detail
[28.882s] -- Installing: /home/spider/GWEN_V2/SpiderGwen/hexapod/hexapod_msgs/install/hexapod_msgs/include/hexapod_msgs/hexapod_msgs/msg/detail/servo_target__rosidl_typesupport_fastrtps_cpp.hpp
[28.883s] -- Installing: /home/spider/GWEN_V2/SpiderGwen/hexapod/hexapod_msgs/install/hexapod_msgs/include/hexapod_msgs/hexapod_msgs/msg/detail/dds_fastrtps
[28.883s] -- Installing: /home/spider/GWEN_V2/SpiderGwen/hexapod/hexapod_msgs/install/hexapod_msgs/include/hexapod_msgs/hexapod_msgs/msg/detail/servo_target_array__rosidl_typesupport_fastrtps_cpp.hpp
[28.884s] -- Installing: /home/spider/GWEN_V2/SpiderGwen/hexapod/hexapod_msgs/install/hexapod_msgs/include/hexapod_msgs/hexapod_msgs/msg/rosidl_typesupport_fastrtps_cpp__visibility_control.h
[28.885s] -- Installing: /home/spider/GWEN_V2/SpiderGwen/hexapod/hexapod_msgs/install/hexapod_msgs/lib/libhexapod_msgs__rosidl_typesupport_fastrtps_cpp.so
[28.886s] -- Set runtime path of "/home/spider/GWEN_V2/SpiderGwen/hexapod/hexapod_msgs/install/hexapod_msgs/lib/libhexapod_msgs__rosidl_typesupport_fastrtps_cpp.so" to ""
[28.887s] -- Up-to-date: /home/spider/GWEN_V2/SpiderGwen/hexapod/hexapod_msgs/install/hexapod_msgs/include/hexapod_msgs/hexapod_msgs
[28.890s] -- Up-to-date: /home/spider/GWEN_V2/SpiderGwen/hexapod/hexapod_msgs/install/hexapod_msgs/include/hexapod_msgs/hexapod_msgs/msg
[28.891s] -- Up-to-date: /home/spider/GWEN_V2/SpiderGwen/hexapod/hexapod_msgs/install/hexapod_msgs/include/hexapod_msgs/hexapod_msgs/msg/detail
[28.891s] -- Installing: /home/spider/GWEN_V2/SpiderGwen/hexapod/hexapod_msgs/install/hexapod_msgs/include/hexapod_msgs/hexapod_msgs/msg/detail/servo_target_array__rosidl_typesupport_introspection_c.h
[28.893s] -- Installing: /home/spider/GWEN_V2/SpiderGwen/hexapod/hexapod_msgs/install/hexapod_msgs/include/hexapod_msgs/hexapod_msgs/msg/detail/servo_target_array__type_support.c
[28.894s] -- Installing: /home/spider/GWEN_V2/SpiderGwen/hexapod/hexapod_msgs/install/hexapod_msgs/include/hexapod_msgs/hexapod_msgs/msg/detail/servo_target__rosidl_typesupport_introspection_c.h
[28.896s] -- Installing: /home/spider/GWEN_V2/SpiderGwen/hexapod/hexapod_msgs/install/hexapod_msgs/include/hexapod_msgs/hexapod_msgs/msg/detail/servo_target__type_support.c
[28.898s] -- Installing: /home/spider/GWEN_V2/SpiderGwen/hexapod/hexapod_msgs/install/hexapod_msgs/include/hexapod_msgs/hexapod_msgs/msg/rosidl_typesupport_introspection_c__visibility_control.h
[28.901s] -- Installing: /home/spider/GWEN_V2/SpiderGwen/hexapod/hexapod_msgs/install/hexapod_msgs/lib/libhexapod_msgs__rosidl_typesupport_introspection_c.so
[28.907s] -- Set runtime path of "/home/spider/GWEN_V2/SpiderGwen/hexapod/hexapod_msgs/install/hexapod_msgs/lib/libhexapod_msgs__rosidl_typesupport_introspection_c.so" to ""
[28.910s] -- Installing: /home/spider/GWEN_V2/SpiderGwen/hexapod/hexapod_msgs/install/hexapod_msgs/lib/libhexapod_msgs__rosidl_typesupport_c.so
[28.912s] -- Set runtime path of "/home/spider/GWEN_V2/SpiderGwen/hexapod/hexapod_msgs/install/hexapod_msgs/lib/libhexapod_msgs__rosidl_typesupport_c.so" to ""
[28.914s] -- Up-to-date: /home/spider/GWEN_V2/SpiderGwen/hexapod/hexapod_msgs/install/hexapod_msgs/include/hexapod_msgs/hexapod_msgs
[28.917s] -- Up-to-date: /home/spider/GWEN_V2/SpiderGwen/hexapod/hexapod_msgs/install/hexapod_msgs/include/hexapod_msgs/hexapod_msgs/msg
[28.922s] -- Up-to-date: /home/spider/GWEN_V2/SpiderGwen/hexapod/hexapod_msgs/install/hexapod_msgs/include/hexapod_msgs/hexapod_msgs/msg/detail
[28.923s] -- Installing: /home/spider/GWEN_V2/SpiderGwen/hexapod/hexapod_msgs/install/hexapod_msgs/include/hexapod_msgs/hexapod_msgs/msg/detail/servo_target_array__type_support.cpp
[28.923s] -- Installing: /home/spider/GWEN_V2/SpiderGwen/hexapod/hexapod_msgs/install/hexapod_msgs/include/hexapod_msgs/hexapod_msgs/msg/detail/servo_target_array__rosidl_typesupport_introspection_cpp.hpp
[28.924s] -- Installing: /home/spider/GWEN_V2/SpiderGwen/hexapod/hexapod_msgs/install/hexapod_msgs/include/hexapod_msgs/hexapod_msgs/msg/detail/servo_target__rosidl_typesupport_introspection_cpp.hpp
[28.925s] -- Installing: /home/spider/GWEN_V2/SpiderGwen/hexapod/hexapod_msgs/install/hexapod_msgs/include/hexapod_msgs/hexapod_msgs/msg/detail/servo_target__type_support.cpp
[28.925s] -- Installing: /home/spider/GWEN_V2/SpiderGwen/hexapod/hexapod_msgs/install/hexapod_msgs/lib/libhexapod_msgs__rosidl_typesupport_introspection_cpp.so
[28.925s] -- Set runtime path of "/home/spider/GWEN_V2/SpiderGwen/hexapod/hexapod_msgs/install/hexapod_msgs/lib/libhexapod_msgs__rosidl_typesupport_introspection_cpp.so" to ""
[28.926s] -- Installing: /home/spider/GWEN_V2/SpiderGwen/hexapod/hexapod_msgs/install/hexapod_msgs/lib/libhexapod_msgs__rosidl_typesupport_cpp.so
[28.927s] -- Set runtime path of "/home/spider/GWEN_V2/SpiderGwen/hexapod/hexapod_msgs/install/hexapod_msgs/lib/libhexapod_msgs__rosidl_typesupport_cpp.so" to ""
[28.928s] -- Installing: /home/spider/GWEN_V2/SpiderGwen/hexapod/hexapod_msgs/install/hexapod_msgs/share/hexapod_msgs/environment/pythonpath.sh
[28.928s] -- Installing: /home/spider/GWEN_V2/SpiderGwen/hexapod/hexapod_msgs/install/hexapod_msgs/share/hexapod_msgs/environment/pythonpath.dsv
[28.930s] -- Installing: /home/spider/GWEN_V2/SpiderGwen/hexapod/hexapod_msgs/install/hexapod_msgs/local/lib/python3.10/dist-packages/hexapod_msgs-0.0.0-py3.10.egg-info
[28.930s] -- Installing: /home/spider/GWEN_V2/SpiderGwen/hexapod/hexapod_msgs/install/hexapod_msgs/local/lib/python3.10/dist-packages/hexapod_msgs-0.0.0-py3.10.egg-info/dependency_links.txt
[28.933s] -- Installing: /home/spider/GWEN_V2/SpiderGwen/hexapod/hexapod_msgs/install/hexapod_msgs/local/lib/python3.10/dist-packages/hexapod_msgs-0.0.0-py3.10.egg-info/top_level.txt
[28.935s] -- Installing: /home/spider/GWEN_V2/SpiderGwen/hexapod/hexapod_msgs/install/hexapod_msgs/local/lib/python3.10/dist-packages/hexapod_msgs-0.0.0-py3.10.egg-info/SOURCES.txt
[28.940s] -- Installing: /home/spider/GWEN_V2/SpiderGwen/hexapod/hexapod_msgs/install/hexapod_msgs/local/lib/python3.10/dist-packages/hexapod_msgs-0.0.0-py3.10.egg-info/PKG-INFO
[28.941s] -- Installing: /home/spider/GWEN_V2/SpiderGwen/hexapod/hexapod_msgs/install/hexapod_msgs/local/lib/python3.10/dist-packages/hexapod_msgs
[28.941s] -- Installing: /home/spider/GWEN_V2/SpiderGwen/hexapod/hexapod_msgs/install/hexapod_msgs/local/lib/python3.10/dist-packages/hexapod_msgs/hexapod_msgs_s__rosidl_typesupport_introspection_c.cpython-310-aarch64-linux-gnu.so
[28.942s] -- Installing: /home/spider/GWEN_V2/SpiderGwen/hexapod/hexapod_msgs/install/hexapod_msgs/local/lib/python3.10/dist-packages/hexapod_msgs/hexapod_msgs_s__rosidl_typesupport_fastrtps_c.cpython-310-aarch64-linux-gnu.so
[28.944s] -- Installing: /home/spider/GWEN_V2/SpiderGwen/hexapod/hexapod_msgs/install/hexapod_msgs/local/lib/python3.10/dist-packages/hexapod_msgs/_hexapod_msgs_s.ep.rosidl_typesupport_introspection_c.c
[28.946s] -- Installing: /home/spider/GWEN_V2/SpiderGwen/hexapod/hexapod_msgs/install/hexapod_msgs/local/lib/python3.10/dist-packages/hexapod_msgs/_hexapod_msgs_s.ep.rosidl_typesupport_fastrtps_c.c
[28.948s] -- Installing: /home/spider/GWEN_V2/SpiderGwen/hexapod/hexapod_msgs/install/hexapod_msgs/local/lib/python3.10/dist-packages/hexapod_msgs/libhexapod_msgs__rosidl_generator_py.so
[28.950s] -- Installing: /home/spider/GWEN_V2/SpiderGwen/hexapod/hexapod_msgs/install/hexapod_msgs/local/lib/python3.10/dist-packages/hexapod_msgs/hexapod_msgs_s__rosidl_typesupport_c.cpython-310-aarch64-linux-gnu.so
[28.952s] -- Installing: /home/spider/GWEN_V2/SpiderGwen/hexapod/hexapod_msgs/install/hexapod_msgs/local/lib/python3.10/dist-packages/hexapod_msgs/msg
[28.953s] -- Installing: /home/spider/GWEN_V2/SpiderGwen/hexapod/hexapod_msgs/install/hexapod_msgs/local/lib/python3.10/dist-packages/hexapod_msgs/msg/_servo_target_s.c
[28.955s] -- Installing: /home/spider/GWEN_V2/SpiderGwen/hexapod/hexapod_msgs/install/hexapod_msgs/local/lib/python3.10/dist-packages/hexapod_msgs/msg/_servo_target.py
[28.956s] -- Installing: /home/spider/GWEN_V2/SpiderGwen/hexapod/hexapod_msgs/install/hexapod_msgs/local/lib/python3.10/dist-packages/hexapod_msgs/msg/_servo_target_array_s.c
[28.959s] -- Installing: /home/spider/GWEN_V2/SpiderGwen/hexapod/hexapod_msgs/install/hexapod_msgs/local/lib/python3.10/dist-packages/hexapod_msgs/msg/_servo_target_array.py
[28.960s] -- Installing: /home/spider/GWEN_V2/SpiderGwen/hexapod/hexapod_msgs/install/hexapod_msgs/local/lib/python3.10/dist-packages/hexapod_msgs/msg/__init__.py
[28.961s] -- Installing: /home/spider/GWEN_V2/SpiderGwen/hexapod/hexapod_msgs/install/hexapod_msgs/local/lib/python3.10/dist-packages/hexapod_msgs/__init__.py
[28.963s] -- Installing: /home/spider/GWEN_V2/SpiderGwen/hexapod/hexapod_msgs/install/hexapod_msgs/local/lib/python3.10/dist-packages/hexapod_msgs/_hexapod_msgs_s.ep.rosidl_typesupport_c.c
[29.153s] Listing '/home/spider/GWEN_V2/SpiderGwen/hexapod/hexapod_msgs/install/hexapod_msgs/local/lib/python3.10/dist-packages/hexapod_msgs'...
[29.154s] Compiling '/home/spider/GWEN_V2/SpiderGwen/hexapod/hexapod_msgs/install/hexapod_msgs/local/lib/python3.10/dist-packages/hexapod_msgs/__init__.py'...
[29.155s] Listing '/home/spider/GWEN_V2/SpiderGwen/hexapod/hexapod_msgs/install/hexapod_msgs/local/lib/python3.10/dist-packages/hexapod_msgs/msg'...
[29.156s] Compiling '/home/spider/GWEN_V2/SpiderGwen/hexapod/hexapod_msgs/install/hexapod_msgs/local/lib/python3.10/dist-packages/hexapod_msgs/msg/__init__.py'...
[29.158s] Compiling '/home/spider/GWEN_V2/SpiderGwen/hexapod/hexapod_msgs/install/hexapod_msgs/local/lib/python3.10/dist-packages/hexapod_msgs/msg/_servo_target.py'...
[29.159s] Compiling '/home/spider/GWEN_V2/SpiderGwen/hexapod/hexapod_msgs/install/hexapod_msgs/local/lib/python3.10/dist-packages/hexapod_msgs/msg/_servo_target_array.py'...
[29.181s] -- Installing: /home/spider/GWEN_V2/SpiderGwen/hexapod/hexapod_msgs/install/hexapod_msgs/local/lib/python3.10/dist-packages/hexapod_msgs/hexapod_msgs_s__rosidl_typesupport_fastrtps_c.cpython-310-aarch64-linux-gnu.so
[29.184s] -- Set runtime path of "/home/spider/GWEN_V2/SpiderGwen/hexapod/hexapod_msgs/install/hexapod_msgs/local/lib/python3.10/dist-packages/hexapod_msgs/hexapod_msgs_s__rosidl_typesupport_fastrtps_c.cpython-310-aarch64-linux-gnu.so" to ""
[29.185s] -- Installing: /home/spider/GWEN_V2/SpiderGwen/hexapod/hexapod_msgs/install/hexapod_msgs/local/lib/python3.10/dist-packages/hexapod_msgs/hexapod_msgs_s__rosidl_typesupport_introspection_c.cpython-310-aarch64-linux-gnu.so
[29.188s] -- Set runtime path of "/home/spider/GWEN_V2/SpiderGwen/hexapod/hexapod_msgs/install/hexapod_msgs/local/lib/python3.10/dist-packages/hexapod_msgs/hexapod_msgs_s__rosidl_typesupport_introspection_c.cpython-310-aarch64-linux-gnu.so" to ""
[29.190s] -- Installing: /home/spider/GWEN_V2/SpiderGwen/hexapod/hexapod_msgs/install/hexapod_msgs/local/lib/python3.10/dist-packages/hexapod_msgs/hexapod_msgs_s__rosidl_typesupport_c.cpython-310-aarch64-linux-gnu.so
[29.193s] -- Set runtime path of "/home/spider/GWEN_V2/SpiderGwen/hexapod/hexapod_msgs/install/hexapod_msgs/local/lib/python3.10/dist-packages/hexapod_msgs/hexapod_msgs_s__rosidl_typesupport_c.cpython-310-aarch64-linux-gnu.so" to ""
[29.195s] -- Installing: /home/spider/GWEN_V2/SpiderGwen/hexapod/hexapod_msgs/install/hexapod_msgs/lib/libhexapod_msgs__rosidl_generator_py.so
[29.196s] -- Set runtime path of "/home/spider/GWEN_V2/SpiderGwen/hexapod/hexapod_msgs/install/hexapod_msgs/lib/libhexapod_msgs__rosidl_generator_py.so" to ""
[29.197s] -- Installing: /home/spider/GWEN_V2/SpiderGwen/hexapod/hexapod_msgs/install/hexapod_msgs/share/hexapod_msgs/msg/ServoTarget.idl
[29.198s] -- Installing: /home/spider/GWEN_V2/SpiderGwen/hexapod/hexapod_msgs/install/hexapod_msgs/share/hexapod_msgs/msg/ServoTargetArray.idl
[29.200s] -- Installing: /home/spider/GWEN_V2/SpiderGwen/hexapod/hexapod_msgs/install/hexapod_msgs/share/hexapod_msgs/msg/ServoTarget.msg
[29.201s] -- Installing: /home/spider/GWEN_V2/SpiderGwen/hexapod/hexapod_msgs/install/hexapod_msgs/share/hexapod_msgs/msg/ServoTargetArray.msg
[29.203s] -- Installing: /home/spider/GWEN_V2/SpiderGwen/hexapod/hexapod_msgs/install/hexapod_msgs/share/ament_index/resource_index/package_run_dependencies/hexapod_msgs
[29.205s] -- Installing: /home/spider/GWEN_V2/SpiderGwen/hexapod/hexapod_msgs/install/hexapod_msgs/share/ament_index/resource_index/parent_prefix_path/hexapod_msgs
[29.206s] -- Installing: /home/spider/GWEN_V2/SpiderGwen/hexapod/hexapod_msgs/install/hexapod_msgs/share/hexapod_msgs/environment/ament_prefix_path.sh
[29.208s] -- Installing: /home/spider/GWEN_V2/SpiderGwen/hexapod/hexapod_msgs/install/hexapod_msgs/share/hexapod_msgs/environment/ament_prefix_path.dsv
[29.209s] -- Installing: /home/spider/GWEN_V2/SpiderGwen/hexapod/hexapod_msgs/install/hexapod_msgs/share/hexapod_msgs/environment/path.sh
[29.211s] -- Installing: /home/spider/GWEN_V2/SpiderGwen/hexapod/hexapod_msgs/install/hexapod_msgs/share/hexapod_msgs/environment/path.dsv
[29.212s] -- Installing: /home/spider/GWEN_V2/SpiderGwen/hexapod/hexapod_msgs/install/hexapod_msgs/share/hexapod_msgs/local_setup.bash
[29.214s] -- Installing: /home/spider/GWEN_V2/SpiderGwen/hexapod/hexapod_msgs/install/hexapod_msgs/share/hexapod_msgs/local_setup.sh
[29.216s] -- Installing: /home/spider/GWEN_V2/SpiderGwen/hexapod/hexapod_msgs/install/hexapod_msgs/share/hexapod_msgs/local_setup.zsh
[29.218s] -- Installing: /home/spider/GWEN_V2/SpiderGwen/hexapod/hexapod_msgs/install/hexapod_msgs/share/hexapod_msgs/local_setup.dsv
[29.219s] -- Installing: /home/spider/GWEN_V2/SpiderGwen/hexapod/hexapod_msgs/install/hexapod_msgs/share/hexapod_msgs/package.dsv
[29.221s] -- Installing: /home/spider/GWEN_V2/SpiderGwen/hexapod/hexapod_msgs/install/hexapod_msgs/share/ament_index/resource_index/packages/hexapod_msgs
[29.223s] -- Installing: /home/spider/GWEN_V2/SpiderGwen/hexapod/hexapod_msgs/install/hexapod_msgs/share/hexapod_msgs/cmake/export_hexapod_msgs__rosidl_generator_cExport.cmake
[29.224s] -- Installing: /home/spider/GWEN_V2/SpiderGwen/hexapod/hexapod_msgs/install/hexapod_msgs/share/hexapod_msgs/cmake/export_hexapod_msgs__rosidl_generator_cExport-noconfig.cmake
[29.228s] -- Installing: /home/spider/GWEN_V2/SpiderGwen/hexapod/hexapod_msgs/install/hexapod_msgs/share/hexapod_msgs/cmake/export_hexapod_msgs__rosidl_typesupport_fastrtps_cExport.cmake
[29.230s] -- Installing: /home/spider/GWEN_V2/SpiderGwen/hexapod/hexapod_msgs/install/hexapod_msgs/share/hexapod_msgs/cmake/export_hexapod_msgs__rosidl_typesupport_fastrtps_cExport-noconfig.cmake
[29.230s] -- Installing: /home/spider/GWEN_V2/SpiderGwen/hexapod/hexapod_msgs/install/hexapod_msgs/share/hexapod_msgs/cmake/export_hexapod_msgs__rosidl_generator_cppExport.cmake
[29.232s] -- Installing: /home/spider/GWEN_V2/SpiderGwen/hexapod/hexapod_msgs/install/hexapod_msgs/share/hexapod_msgs/cmake/export_hexapod_msgs__rosidl_typesupport_fastrtps_cppExport.cmake
[29.233s] -- Installing: /home/spider/GWEN_V2/SpiderGwen/hexapod/hexapod_msgs/install/hexapod_msgs/share/hexapod_msgs/cmake/export_hexapod_msgs__rosidl_typesupport_fastrtps_cppExport-noconfig.cmake
[29.235s] -- Installing: /home/spider/GWEN_V2/SpiderGwen/hexapod/hexapod_msgs/install/hexapod_msgs/share/hexapod_msgs/cmake/hexapod_msgs__rosidl_typesupport_introspection_cExport.cmake
[29.237s] -- Installing: /home/spider/GWEN_V2/SpiderGwen/hexapod/hexapod_msgs/install/hexapod_msgs/share/hexapod_msgs/cmake/hexapod_msgs__rosidl_typesupport_introspection_cExport-noconfig.cmake
[29.238s] -- Installing: /home/spider/GWEN_V2/SpiderGwen/hexapod/hexapod_msgs/install/hexapod_msgs/share/hexapod_msgs/cmake/hexapod_msgs__rosidl_typesupport_cExport.cmake
[29.240s] -- Installing: /home/spider/GWEN_V2/SpiderGwen/hexapod/hexapod_msgs/install/hexapod_msgs/share/hexapod_msgs/cmake/hexapod_msgs__rosidl_typesupport_cExport-noconfig.cmake
[29.242s] -- Installing: /home/spider/GWEN_V2/SpiderGwen/hexapod/hexapod_msgs/install/hexapod_msgs/share/hexapod_msgs/cmake/hexapod_msgs__rosidl_typesupport_introspection_cppExport.cmake
[29.243s] -- Installing: /home/spider/GWEN_V2/SpiderGwen/hexapod/hexapod_msgs/install/hexapod_msgs/share/hexapod_msgs/cmake/hexapod_msgs__rosidl_typesupport_introspection_cppExport-noconfig.cmake
[29.245s] -- Installing: /home/spider/GWEN_V2/SpiderGwen/hexapod/hexapod_msgs/install/hexapod_msgs/share/hexapod_msgs/cmake/hexapod_msgs__rosidl_typesupport_cppExport.cmake
[29.247s] -- Installing: /home/spider/GWEN_V2/SpiderGwen/hexapod/hexapod_msgs/install/hexapod_msgs/share/hexapod_msgs/cmake/hexapod_msgs__rosidl_typesupport_cppExport-noconfig.cmake
[29.249s] -- Installing: /home/spider/GWEN_V2/SpiderGwen/hexapod/hexapod_msgs/install/hexapod_msgs/share/hexapod_msgs/cmake/export_hexapod_msgs__rosidl_generator_pyExport.cmake
[29.250s] -- Installing: /home/spider/GWEN_V2/SpiderGwen/hexapod/hexapod_msgs/install/hexapod_msgs/share/hexapod_msgs/cmake/export_hexapod_msgs__rosidl_generator_pyExport-noconfig.cmake
[29.252s] -- Installing: /home/spider/GWEN_V2/SpiderGwen/hexapod/hexapod_msgs/install/hexapod_msgs/share/hexapod_msgs/cmake/rosidl_cmake-extras.cmake
[29.253s] -- Installing: /home/spider/GWEN_V2/SpiderGwen/hexapod/hexapod_msgs/install/hexapod_msgs/share/hexapod_msgs/cmake/ament_cmake_export_dependencies-extras.cmake
[29.255s] -- Installing: /home/spider/GWEN_V2/SpiderGwen/hexapod/hexapod_msgs/install/hexapod_msgs/share/hexapod_msgs/cmake/ament_cmake_export_include_directories-extras.cmake
[29.256s] -- Installing: /home/spider/GWEN_V2/SpiderGwen/hexapod/hexapod_msgs/install/hexapod_msgs/share/hexapod_msgs/cmake/ament_cmake_export_libraries-extras.cmake
[29.258s] -- Installing: /home/spider/GWEN_V2/SpiderGwen/hexapod/hexapod_msgs/install/hexapod_msgs/share/hexapod_msgs/cmake/ament_cmake_export_targets-extras.cmake
[29.259s] -- Installing: /home/spider/GWEN_V2/SpiderGwen/hexapod/hexapod_msgs/install/hexapod_msgs/share/hexapod_msgs/cmake/rosidl_cmake_export_typesupport_targets-extras.cmake
[29.261s] -- Installing: /home/spider/GWEN_V2/SpiderGwen/hexapod/hexapod_msgs/install/hexapod_msgs/share/hexapod_msgs/cmake/rosidl_cmake_export_typesupport_libraries-extras.cmake
[29.262s] -- Installing: /home/spider/GWEN_V2/SpiderGwen/hexapod/hexapod_msgs/install/hexapod_msgs/share/hexapod_msgs/cmake/hexapod_msgsConfig.cmake
[29.263s] -- Installing: /home/spider/GWEN_V2/SpiderGwen/hexapod/hexapod_msgs/install/hexapod_msgs/share/hexapod_msgs/cmake/hexapod_msgsConfig-version.cmake
[29.265s] -- Installing: /home/spider/GWEN_V2/SpiderGwen/hexapod/hexapod_msgs/install/hexapod_msgs/share/hexapod_msgs/package.xml
[29.273s] Invoked command in '/home/spider/GWEN_V2/SpiderGwen/hexapod/hexapod_msgs/build/hexapod_msgs' returned '0': CMAKE_PREFIX_PATH=/opt/ros/humble:/home/spider/GWEN_V2/SpiderGwen/hexapod_ros/install/hexapod_ros /usr/bin/cmake --install /home/spider/GWEN_V2/SpiderGwen/hexapod/hexapod_msgs/build/hexapod_msgs
