[9.005s] Invoking command in '/home/spider/GWEN_V2/SpiderGwen/hexapod/hexapod_ros/hexapod_ros': PYTHONPATH=/home/spider/GWEN_V2/SpiderGwen/hexapod/hexapod_ros/build/hexapod_ros/prefix_override:/usr/lib/python3/dist-packages/colcon_core/task/python/colcon_distutils_commands:/home/spider/GWEN_V2/SpiderGwen/hexapod/hexapod_ros/install/hexapod_ros/lib/python3.10/site-packages:${PYTHONPATH} /usr/bin/python3 -W ignore:setup.py install is deprecated -W ignore:easy_install command is deprecated setup.py egg_info --egg-base ../build/hexapod_ros build --build-base /home/spider/GWEN_V2/SpiderGwen/hexapod/hexapod_ros/build/hexapod_ros/build install --record /home/spider/GWEN_V2/SpiderGwen/hexapod/hexapod_ros/build/hexapod_ros/install.log --single-version-externally-managed install_data
[12.591s] running egg_info
[12.598s] writing ../build/hexapod_ros/hexapod_ros.egg-info/PKG-INFO
[12.600s] writing dependency_links to ../build/hexapod_ros/hexapod_ros.egg-info/dependency_links.txt
[12.603s] writing entry points to ../build/hexapod_ros/hexapod_ros.egg-info/entry_points.txt
[12.606s] writing requirements to ../build/hexapod_ros/hexapod_ros.egg-info/requires.txt
[12.608s] writing top-level names to ../build/hexapod_ros/hexapod_ros.egg-info/top_level.txt
[12.631s] reading manifest file '../build/hexapod_ros/hexapod_ros.egg-info/SOURCES.txt'
[12.645s] writing manifest file '../build/hexapod_ros/hexapod_ros.egg-info/SOURCES.txt'
[12.646s] running build
[12.648s] running build_py
[12.660s] copying src/hexapod_controller.py -> /home/spider/GWEN_V2/SpiderGwen/hexapod/hexapod_ros/build/hexapod_ros/build/lib/src
[12.667s] running install
[12.671s] running install_lib
[12.687s] copying /home/spider/GWEN_V2/SpiderGwen/hexapod/hexapod_ros/build/hexapod_ros/build/lib/src/hexapod_controller.py -> /home/spider/GWEN_V2/SpiderGwen/hexapod/hexapod_ros/install/hexapod_ros/lib/python3.10/site-packages/src
[12.708s] byte-compiling /home/spider/GWEN_V2/SpiderGwen/hexapod/hexapod_ros/install/hexapod_ros/lib/python3.10/site-packages/src/hexapod_controller.py to hexapod_controller.cpython-310.pyc
[12.728s] running install_data
[12.738s] running install_egg_info
[12.768s] removing '/home/spider/GWEN_V2/SpiderGwen/hexapod/hexapod_ros/install/hexapod_ros/lib/python3.10/site-packages/hexapod_ros-0.0.0-py3.10.egg-info' (and everything under it)
[12.774s] Copying ../build/hexapod_ros/hexapod_ros.egg-info to /home/spider/GWEN_V2/SpiderGwen/hexapod/hexapod_ros/install/hexapod_ros/lib/python3.10/site-packages/hexapod_ros-0.0.0-py3.10.egg-info
[12.799s] running install_scripts
[13.065s] Installing hexapod_controller script to /home/spider/GWEN_V2/SpiderGwen/hexapod/hexapod_ros/install/hexapod_ros/lib/hexapod_ros
[13.072s] Installing imu_node script to /home/spider/GWEN_V2/SpiderGwen/hexapod/hexapod_ros/install/hexapod_ros/lib/hexapod_ros
[13.075s] Installing maestro_driver script to /home/spider/GWEN_V2/SpiderGwen/hexapod/hexapod_ros/install/hexapod_ros/lib/hexapod_ros
[13.082s] Installing teleop script to /home/spider/GWEN_V2/SpiderGwen/hexapod/hexapod_ros/install/hexapod_ros/lib/hexapod_ros
[13.084s] writing list of installed files to '/home/spider/GWEN_V2/SpiderGwen/hexapod/hexapod_ros/build/hexapod_ros/install.log'
[13.335s] Invoked command in '/home/spider/GWEN_V2/SpiderGwen/hexapod/hexapod_ros/hexapod_ros' returned '0': PYTHONPATH=/home/spider/GWEN_V2/SpiderGwen/hexapod/hexapod_ros/build/hexapod_ros/prefix_override:/usr/lib/python3/dist-packages/colcon_core/task/python/colcon_distutils_commands:/home/spider/GWEN_V2/SpiderGwen/hexapod/hexapod_ros/install/hexapod_ros/lib/python3.10/site-packages:${PYTHONPATH} /usr/bin/python3 -W ignore:setup.py install is deprecated -W ignore:easy_install command is deprecated setup.py egg_info --egg-base ../build/hexapod_ros build --build-base /home/spider/GWEN_V2/SpiderGwen/hexapod/hexapod_ros/build/hexapod_ros/build install --record /home/spider/GWEN_V2/SpiderGwen/hexapod/hexapod_ros/build/hexapod_ros/install.log --single-version-externally-managed install_data
